<output>
Checking installed rpms:
openstack-tempest-16.1.1-0.20170808012534.0fc1454.el7ost.noarch
sos-3.4-6.el7.noarch
python-neutron-tests-11.0.0-0.20170821141644.3441b3f.el7ost.noarch
python-neutron-lbaas-tests-11.0.0-0.20170818025704.bdea6dd.el7ost.noarch
python-ddt-1.0.1-2.el7ost.noarch
python-sahara-tests-7.0.0-0.20170821133416.c07f479.el7ost.noarch
python-neutron-fwaas-tests-11.0.0-0.20170821135612.734e02a.el7ost.noarch
python-manila-tests-5.0.0-0.20170821131529.e391476.el7ost.noarch
python-cinder-tests-11.0.0-0.20170821192443.120fdb0.el7ost.noarch
python-neutron-fwaas-tests-11.0.0-0.20170821135612.734e02a.el7ost.noarch
python-sahara-tests-tempest-0.4.2-0.20170801104045.5aee39c.el7ost.noarch
All required packages installed
Configuring Tempest

2017-09-05 16:01:04.631 823334 INFO tempest [-] Using tempest config file /etc/tempest/tempest.conf


Plugin selected: network
API list selected: neutron_ipv6
Running tempest
Running the following tests!!
neutron.tests.tempest.api.test_routers.RoutersSearchCriteriaTest.test_list_pagination
tempest.api.network.test_routers.RoutersIpV6Test.test_create_router_with_default_snat_value
tempest.api.network.test_networks.NetworksTest.test_update_subnet_gw_dns_host_routes_dhcp
tempest.api.network.admin.test_negative_quotas.QuotasNegativeTest.test_network_quota_exceeding
tempest.api.network.test_networks_negative.NetworksNegativeTestJSON.test_delete_non_existent_subnet
tempest.api.network.test_networks.NetworksIpV6Test.test_show_subnet_fields
neutron.tests.tempest.api.test_routers.RoutersSearchCriteriaTest.test_list_pagination_page_reverse_asc
neutron.tests.tempest.api.test_subnetpools_negative.SubnetPoolsNegativeTestJSON.test_delete_non_existent_subnetpool
neutron.tests.tempest.api.test_subnetpools.SubnetPoolsTest.test_show_subnetpool_has_project_id
tempest.api.network.test_ports.PortsIpV6TestJSON.test_update_port_with_security_group_and_extra_attributes
neutron.tests.tempest.api.test_subnetpools.SubnetPoolsTest.test_update_subnetpool_associate_another_address_scope
neutron.tests.tempest.api.test_subnetpools.SubnetPoolsTest.test_update_subnetpool_disassociate_address_scope
neutron.tests.tempest.api.admin.test_quotas_negative.QuotasAdminNegativeTestJSON.test_create_port_when_quotas_is_full
neutron.tests.tempest.api.test_routers_negative.RoutersNegativeTest.test_delete_router_in_use
neutron.tests.tempest.api.test_ports.PortsTestJSON.test_create_update_port_with_dns_name
tempest.api.network.test_ports.PortsTestJSON.test_create_update_port_with_second_ip
neutron.tests.tempest.api.test_allowed_address_pair.AllowedAddressPairIpV6TestJSON.test_create_list_port_with_address_pair
tempest.api.network.test_routers.RoutersIpV6Test.test_add_remove_router_interface_with_subnet_id
neutron.tests.tempest.api.test_subnetpools.SubnetPoolsTestV6.test_tenant_update_subnetpool
neutron.tests.tempest.api.test_subnets.SubnetsSearchCriteriaTest.test_list_no_pagination_limit_0
tempest.api.network.test_ports.PortsAdminExtendedAttrsTestJSON.test_list_ports_binding_ext_attr
tempest.api.network.test_networks.NetworksTest.test_list_subnets
tempest.api.network.test_allowed_address_pair.AllowedAddressPairTestJSON.test_update_port_with_address_pair
tempest.api.network.test_versions.NetworksApiDiscovery.test_api_version_resources
tempest.api.network.test_routers_negative.RoutersNegativeIpV6Test.test_router_add_gateway_invalid_network_returns_404
tempest.api.network.test_networks.BulkNetworkOpsIpV6Test.test_bulk_create_delete_subnet
neutron.tests.tempest.api.test_subnetpools.SubnetPoolsTestV6.test_update_subnetpool_associate_another_address_scope
neutron.tests.tempest.api.test_subnetpools.SubnetPoolsTest.test_create_subnetpool_associate_address_scope
neutron.tests.tempest.api.test_ports.PortsTestJSON.test_add_ips_to_port
neutron.tests.tempest.api.test_networks.NetworksSearchCriteriaTest.test_list_pagination_page_reverse_asc
neutron.tests.tempest.api.test_routers.RoutersTest.test_network_attached_with_two_routers
neutron.tests.tempest.api.test_networks.NetworksTestJSON.test_create_update_network_description
tempest.api.network.test_networks.NetworksIpV6Test.test_delete_network_with_subnet
tempest.api.network.test_routers.RoutersIpV6Test.test_create_router_with_snat_explicit
neutron.tests.tempest.api.test_subnetpools_negative.SubnetPoolsNegativeTestJSON.test_update_non_existent_subnetpool
neutron.tests.tempest.api.test_subnetpools.SubnetPoolsTest.test_create_list_subnetpool
neutron.tests.tempest.api.admin.test_quotas.QuotasTest.test_quotas
neutron.tests.tempest.api.test_subnetpools.SubnetPoolsTest.test_update_subnetpool_prefixes_extend
tempest.api.network.test_networks.NetworksIpV6TestAttrs.test_create_delete_subnet_with_v6_attributes_stateful
tempest.api.network.test_networks.NetworksTest.test_create_delete_subnet_with_gw
tempest.api.network.test_networks.NetworksIpV6Test.test_create_update_network_description
tempest.api.network.test_networks.NetworksIpV6Test.test_list_subnets_fields
neutron.tests.tempest.api.test_networks.NetworksSearchCriteriaTest.test_list_pagination_page_reverse_with_href_links
tempest.api.network.test_networks.NetworksTest.test_create_delete_subnet_with_gw_and_allocation_pools
tempest.api.network.test_routers.RoutersIpV6Test.test_update_delete_extra_route
neutron.tests.tempest.api.test_routers.RoutersTest.test_update_router_set_gateway_without_snat
tempest.api.network.test_routers.RoutersTest.test_update_router_admin_state
tempest.api.network.test_networks.BulkNetworkOpsTest.test_bulk_create_delete_network
neutron.tests.tempest.api.test_subnetpools_negative.SubnetPoolsNegativeTestJSON.test_update_subnetpool_prefixes_shrink
tempest.api.network.test_routers_negative.RoutersNegativeIpV6Test.test_delete_non_existent_router_returns_404
neutron.tests.tempest.api.test_subnetpools.SubnetPoolsTestV6.test_create_subnet_from_pool_with_default_prefixlen
tempest.api.network.test_ports.PortsTestJSON.test_update_port_with_security_group_and_extra_attributes
tempest.api.network.test_allowed_address_pair.AllowedAddressPairTestJSON.test_update_port_with_multiple_ip_mac_address_pair
tempest.api.network.test_ports.PortsTestJSON.test_update_port_with_two_security_groups_and_extra_attributes
neutron.tests.tempest.api.test_subnetpools.SubnetPoolsTest.test_admin_create_shared_subnetpool
tempest.api.network.test_networks_negative.NetworksNegativeTestJSON.test_show_non_existent_subnet
tempest.api.network.test_ports.PortsTestJSON.test_show_port_fields
tempest.api.network.test_routers.RoutersIpV6Test.test_update_router_set_gateway_without_snat
tempest.api.network.test_floating_ips_negative.FloatingIPNegativeTestJSON.test_create_floatingip_in_private_network
neutron.tests.tempest.api.test_subnetpools_negative.SubnetPoolsNegativeTestJSON.test_update_subnetpool_prefix_intersect
tempest.api.network.test_routers_negative.RoutersNegativeIpV6Test.test_show_non_existent_router_returns_404
tempest.api.network.test_routers_negative.RoutersNegativeIpV6Test.test_router_add_gateway_net_not_external_returns_400
tempest.api.network.test_networks_negative.NetworksNegativeTestJSON.test_show_non_existent_port
neutron.tests.tempest.api.test_networks.NetworksTestJSON.test_create_update_network_dns_domain
tempest.api.network.test_ports.PortsTestJSON.test_create_port_in_allowed_allocation_pools
tempest.api.network.test_networks.NetworksIpV6Test.test_show_network_fields
neutron.tests.tempest.api.test_networks.NetworksSearchCriteriaTest.test_list_validation_filters
neutron.tests.tempest.api.test_subnetpools_negative.SubnetPoolsNegativeTestJSON.test_update_subnetpool_associate_address_scope_of_other_owner
tempest.api.network.admin.test_external_network_extension.ExternalNetworksTestJSON.test_show_external_networks_attribute
tempest.api.network.test_networks.NetworksTest.test_create_delete_subnet_all_attributes
neutron.tests.tempest.api.test_subnetpools.SubnetPoolsTestV6.test_update_subnetpool_disassociate_address_scope
tempest.api.network.test_networks.NetworksTest.test_create_update_network_description
tempest.api.network.test_networks.NetworksIpV6Test.test_create_delete_subnet_with_host_routes_and_dns_nameservers
neutron.tests.tempest.api.test_routers.RoutersSearchCriteriaTest.test_list_pagination_with_href_links
tempest.api.network.test_allowed_address_pair.AllowedAddressPairIpV6TestJSON.test_update_port_with_multiple_ip_mac_address_pair
tempest.api.network.test_routers.RoutersIpV6Test.test_create_router_setting_project_id
neutron.tests.tempest.api.admin.test_quotas_negative.QuotasAdminNegativeTestJSON.test_create_security_group_when_quotas_is_full
neutron.tests.tempest.api.test_subnets.SubnetsSearchCriteriaTest.test_list_validation_filters
neutron.tests.tempest.api.test_networks.NetworksSearchCriteriaTest.test_list_no_pagination_limit_0
neutron.tests.tempest.api.test_subnets.SubnetsSearchCriteriaTest.test_list_pagination_page_reverse_with_href_links
tempest.api.network.test_ports.PortsIpV6TestJSON.test_create_port_in_allowed_allocation_pools
neutron.tests.tempest.api.test_routers.RoutersIpV6Test.test_router_interface_status
neutron.tests.tempest.api.test_subnetpools.SubnetPoolsTest.test_update_subnetpool_prefixes_append
tempest.api.network.test_networks.NetworksIpV6Test.test_create_delete_subnet_with_gw_and_allocation_pools
tempest.api.network.test_ports.PortsIpV6TestJSON.test_list_ports
tempest.api.network.test_floating_ips.FloatingIPTestJSON.test_create_update_floatingip_with_port_multiple_ip_address
tempest.api.network.test_routers_negative.RoutersNegativeTest.test_router_add_gateway_invalid_network_returns_404
tempest.api.network.admin.test_external_network_extension.ExternalNetworksTestJSON.test_create_external_network
tempest.api.network.test_ports.PortsAdminExtendedAttrsIpV6TestJSON.test_show_port_binding_ext_attr
neutron.tests.tempest.api.test_routers.RoutersIpV6Test.test_update_extra_route
neutron.tests.tempest.api.test_allowed_address_pair.AllowedAddressPairTestJSON.test_update_port_with_cidr_address_pair
tempest.api.network.test_ports.PortsTestJSON.test_create_show_delete_port_user_defined_mac
neutron.tests.tempest.api.test_subnets.SubnetsSearchCriteriaTest.test_list_pagination_with_href_links
neutron.tests.tempest.api.test_floating_ips.FloatingIPTestJSON.test_create_update_floatingip_description
tempest.api.network.test_routers_negative.RoutersNegativeTest.test_add_router_interfaces_on_overlapping_subnets_returns_400
tempest.api.network.test_networks.NetworksTest.test_create_update_delete_network_subnet
tempest.api.network.test_routers.RoutersTest.test_add_remove_router_interface_with_subnet_id
tempest.api.network.test_networks.NetworksIpV6TestAttrs.test_create_delete_stateless_subnet_with_ports
tempest.api.network.test_routers_negative.RoutersNegativeTest.test_delete_non_existent_router_returns_404
tempest.api.network.test_routers.RoutersTest.test_update_router_unset_gateway
neutron.tests.tempest.api.test_routers.RoutersTest.test_update_router_reset_gateway_without_snat
neutron.tests.tempest.api.test_networks.NetworksSearchCriteriaTest.test_list_sorts_asc
tempest.api.network.test_networks.NetworksTest.test_show_network
neutron.tests.tempest.api.test_allowed_address_pair.AllowedAddressPairTestJSON.test_create_list_port_with_address_pair
tempest.api.network.test_networks.NetworksTest.test_delete_network_with_subnet
neutron.tests.tempest.api.test_routers.RoutersIpV6Test.test_create_router_with_default_snat_value
tempest.api.network.test_routers.RoutersTest.test_add_remove_router_interface_with_port_id
tempest.api.network.test_floating_ips_negative.FloatingIPNegativeTestJSON.test_create_floatingip_with_port_ext_net_unreachable
tempest.api.network.test_ports.PortsTestJSON.test_port_list_filter_by_ip
tempest.api.network.test_routers.RoutersTest.test_update_router_set_gateway_with_snat_explicit
neutron.tests.tempest.api.test_allowed_address_pair.AllowedAddressPairIpV6TestJSON.test_update_port_with_multiple_ip_mac_address_pair
tempest.api.network.test_networks_negative.NetworksNegativeTestJSON.test_update_non_existent_network
tempest.api.network.test_networks.NetworksIpV6TestAttrs.test_create_delete_slaac_subnet_with_ports
neutron.tests.tempest.api.test_subnets.SubnetsSearchCriteriaTest.test_list_pagination_with_marker
neutron.tests.tempest.api.test_subnets.SubnetsSearchCriteriaTest.test_list_sorts_desc
neutron.tests.tempest.api.test_subnetpools.SubnetPoolsTestV6.test_update_subnetpool_associate_address_scope
neutron.tests.tempest.api.admin.test_networks.NetworksTestAdmin.test_admin_create_network_keystone_v3_and_other_tenant
tempest.api.network.admin.test_external_networks_negative.ExternalNetworksAdminNegativeTestJSON.test_create_port_with_precreated_floatingip_as_fixed_ip
neutron.tests.tempest.api.test_subnetpools.SubnetPoolsTestV6.test_create_update_subnetpool_description
neutron.tests.tempest.api.admin.test_shared_network_extension.AllowedAddressPairSharedNetworkTest.test_update_with_address_pair_blocked_on_other_network
neutron.tests.tempest.api.test_subnetpools.SubnetPoolsTestV6.test_create_subnet_from_pool_with_quota
neutron.tests.tempest.api.test_ports.PortsTestJSON.test_create_update_port_with_no_dns_name
tempest.api.network.test_routers_negative.RoutersNegativeIpV6Test.test_router_set_gateway_used_ip_returns_409
neutron.tests.tempest.api.test_ports.PortsTestJSON.test_change_dhcp_flag_then_create_port
tempest.api.network.test_routers.RoutersIpV6Test.test_create_router_set_gateway_with_fixed_ip
tempest.api.network.test_routers.RoutersTest.test_create_show_list_update_delete_router
tempest.api.network.test_networks.NetworksIpV6Test.test_list_networks
neutron.tests.tempest.api.admin.test_floating_ips_admin_actions.FloatingIPAdminTestJSON.test_create_floatingip_with_specified_ip_address
neutron.tests.tempest.api.test_ports.PortsTestJSON.test_create_update_port_description
tempest.api.network.test_networks.NetworksIpV6Test.test_create_delete_subnet_with_allocation_pools
tempest.api.network.test_networks.NetworksIpV6Test.test_create_delete_subnet_all_attributes
tempest.api.network.test_networks.NetworksTest.test_create_delete_subnet_with_dhcp_enabled
tempest.api.network.test_ports.PortsIpV6TestJSON.test_port_list_filter_by_ip
tempest.api.network.test_routers.RoutersTest.test_update_router_set_gateway_without_snat
tempest.api.network.test_routers.RoutersTest.test_create_router_with_snat_explicit
tempest.api.network.test_floating_ips.FloatingIPTestJSON.test_create_list_show_update_delete_floating_ip
neutron.tests.tempest.api.test_subnetpools_negative.SubnetPoolsNegativeTestJSON.test_create_subnetpool_associate_invalid_address_scope
neutron.tests.tempest.api.admin.test_quotas_negative.QuotasAdminNegativeTestJSON.test_create_subnet_when_quotas_is_full
tempest.api.network.test_networks.NetworksIpV6Test.test_create_list_subnet_with_no_gw64_one_network
neutron.tests.tempest.api.test_routers.RoutersSearchCriteriaTest.test_list_sorts_desc
neutron.tests.tempest.api.test_networks.NetworksSearchCriteriaTest.test_list_pagination_with_marker
tempest.api.network.test_networks.NetworksIpV6TestAttrs.test_create_delete_subnet_with_v6_attributes_slaac
tempest.api.network.test_routers.RoutersTest.test_add_multiple_router_interfaces
tempest.api.network.test_floating_ips_negative.FloatingIPNegativeTestJSON.test_associate_floatingip_port_ext_net_unreachable
neutron.tests.tempest.api.test_networks.NetworksTestJSON.test_show_network_fields
tempest.api.network.test_networks.NetworksTest.test_list_networks_fields
tempest.api.network.test_networks.NetworksIpV6Test.test_create_delete_subnet_without_gateway
neutron.tests.tempest.scenario.test_basic.NetworkBasicTest.test_basic_instance
neutron.tests.tempest.api.test_networks_negative.NetworksNegativeTest.test_delete_network_in_use
neutron.tests.tempest.api.test_allowed_address_pair.AllowedAddressPairTestJSON.test_update_port_with_multiple_ip_mac_address_pair
tempest.api.network.test_ports.PortsIpV6TestJSON.test_port_list_filter_by_router_id
neutron.tests.tempest.api.test_subnetpools.SubnetPoolsTestV6.test_create_subnet_from_pool_with_subnet_cidr
neutron.tests.tempest.api.test_subnetpools_negative.SubnetPoolsNegativeTestJSON.test_create_subnetpool_associate_address_scope_of_other_owner
tempest.api.network.test_networks.NetworksIpV6Test.test_show_subnet
tempest.api.network.test_routers.RoutersIpV6Test.test_update_router_admin_state
tempest.api.network.test_networks.NetworksTest.test_show_subnet_fields
tempest.api.network.test_routers.RoutersIpV6Test.test_add_remove_router_interface_with_port_id
neutron.tests.tempest.api.test_subnetpools_negative.SubnetPoolsNegativeTestJSON.test_tenant_create_shared_subnetpool
tempest.api.network.test_allowed_address_pair.AllowedAddressPairIpV6TestJSON.test_create_list_port_with_address_pair
tempest.api.network.test_ports.PortsTestJSON.test_port_list_filter_by_router_id
neutron.tests.tempest.api.test_networks.NetworksSearchCriteriaTest.test_list_pagination
tempest.api.network.test_routers.RoutersIpV6Test.test_update_router_unset_gateway
neutron.tests.tempest.api.test_routers.RoutersTest.test_create_router_with_default_snat_value
neutron.tests.tempest.api.test_allowed_address_pair.AllowedAddressPairIpV6TestJSON.test_update_port_with_address_pair
tempest.api.network.test_ports.PortsIpV6TestJSON.test_create_port_with_no_securitygroups
neutron.tests.tempest.api.admin.test_quotas_negative.QuotasAdminNegativeTestJSON.test_create_floatingip_when_quotas_is_full
neutron.tests.tempest.api.admin.test_quotas_negative.QuotasAdminNegativeTestJSON.test_create_router_when_quotas_is_full
neutron.tests.tempest.api.test_subnetpools.SubnetPoolsTestV6.test_create_dual_stack_subnets_from_subnetpools
tempest.api.network.test_allowed_address_pair.AllowedAddressPairTestJSON.test_create_list_port_with_address_pair
tempest.api.network.admin.test_quotas.QuotasTest.test_quotas
tempest.api.network.test_ports.PortsAdminExtendedAttrsIpV6TestJSON.test_update_port_binding_ext_attr
tempest.api.network.test_networks.NetworksIpV6Test.test_create_update_delete_network_subnet
tempest.api.network.test_allowed_address_pair.AllowedAddressPairIpV6TestJSON.test_update_port_with_cidr_address_pair
tempest.api.network.admin.test_external_network_extension.ExternalNetworksTestJSON.test_list_external_networks
neutron.tests.tempest.api.test_subnetpools_negative.SubnetPoolsNegativeTestJSON.test_create_subnet_different_pools_same_network
neutron.tests.tempest.api.test_subnetpools.SubnetPoolsTestV6.test_update_subnetpool_prefixes_append
tempest.api.network.test_ports.PortsAdminExtendedAttrsIpV6TestJSON.test_create_port_binding_ext_attr
neutron.tests.tempest.api.test_subnetpools.SubnetPoolsTestV6.test_create_subnet_from_pool_with_prefixlen
tempest.api.network.test_routers.RoutersTest.test_create_router_set_gateway_with_fixed_ip
tempest.api.network.test_networks.NetworksIpV6Test.test_show_network
tempest.api.network.test_routers_negative.RoutersNegativeIpV6Test.test_router_remove_interface_in_use_returns_409
neutron.tests.tempest.api.test_subnetpools.SubnetPoolsTestV6.test_update_subnetpool_prefixes_extend
tempest.api.network.test_networks.BulkNetworkOpsTest.test_bulk_create_delete_port
neutron.tests.tempest.api.test_routers.RoutersTest.test_update_router_set_gateway_with_snat_explicit
neutron.tests.tempest.api.test_allowed_address_pair.AllowedAddressPairIpV6TestJSON.test_update_port_with_cidr_address_pair
tempest.api.network.test_networks_negative.NetworksNegativeTestJSON.test_update_non_existent_port
neutron.tests.tempest.api.test_subnetpools.SubnetPoolsTest.test_create_subnet_from_pool_with_prefixlen
tempest.api.network.test_networks.BulkNetworkOpsTest.test_bulk_create_delete_subnet
tempest.api.network.test_networks.NetworksIpV6Test.test_list_networks_fields
neutron.tests.tempest.api.test_routers.RoutersIpV6Test.test_update_router_reset_gateway_without_snat
tempest.api.network.test_networks.NetworksTest.test_show_network_fields
neutron.tests.tempest.api.test_subnetpools.SubnetPoolsTest.test_create_subnet_from_pool_with_default_prefixlen
tempest.api.network.test_networks.NetworksIpV6Test.test_create_delete_subnet_with_default_gw
tempest.api.network.test_ports.PortsAdminExtendedAttrsTestJSON.test_create_port_binding_ext_attr
tempest.api.network.test_routers.RoutersTest.test_create_router_with_default_snat_value
tempest.api.network.test_ports.PortsIpV6TestJSON.test_create_update_port_with_second_ip
neutron.tests.tempest.api.test_floating_ips.FloatingIPTestJSON.test_floatingip_update_extra_attributes_port_id_not_changed
neutron.tests.tempest.api.test_subnetpools.SubnetPoolsTest.test_create_subnet_from_pool_with_subnet_cidr
tempest.api.network.test_allowed_address_pair.AllowedAddressPairTestJSON.test_update_port_with_cidr_address_pair
tempest.api.network.test_networks.NetworksIpV6Test.test_create_delete_subnet_with_dhcp_enabled
tempest.api.network.test_routers.RoutersIpV6Test.test_create_show_list_update_delete_router
neutron.tests.tempest.api.test_subnetpools.SubnetPoolsTest.test_create_update_subnetpool_description
tempest.api.network.admin.test_external_network_extension.ExternalNetworksTestJSON.test_update_external_network
tempest.api.network.test_routers.RoutersTest.test_create_router_setting_project_id
neutron.tests.tempest.api.admin.test_networks.NetworksTestAdmin.test_admin_create_network_keystone_v3_and_tenant
neutron.tests.tempest.api.test_subnetpools_negative.SubnetPoolsNegativeTestJSON.test_tenant_get_not_shared_admin_subnetpool
neutron.tests.tempest.api.test_subnetpools_negative.SubnetPoolsNegativeTestJSON.test_get_non_existent_subnetpool
tempest.api.network.test_routers.RoutersTest.test_update_delete_extra_route
neutron.tests.tempest.api.test_routers.RoutersSearchCriteriaTest.test_list_sorts_asc
tempest.api.network.test_ports.PortsTestJSON.test_create_port_with_no_securitygroups
tempest.api.network.test_floating_ips.FloatingIPTestJSON.test_create_floating_ip_specifying_a_fixed_ip_address
tempest.api.network.test_networks.BulkNetworkOpsIpV6Test.test_bulk_create_delete_network
neutron.tests.tempest.api.test_subnets.SubnetsSearchCriteriaTest.test_list_pagination
tempest.api.network.test_ports.PortsTestJSON.test_list_ports
neutron.tests.tempest.api.test_subnetpools.SubnetPoolsTest.test_update_subnetpool_associate_address_scope
tempest.api.network.test_networks.NetworksIpV6Test.test_external_network_visibility
tempest.api.network.test_routers.RoutersIpV6Test.test_router_interface_port_update_with_fixed_ip
tempest.api.network.test_ports.PortsIpV6TestJSON.test_create_bulk_port
tempest.api.network.test_ports.PortsIpV6TestJSON.test_create_show_delete_port_user_defined_mac
tempest.api.network.test_ports.PortsAdminExtendedAttrsTestJSON.test_update_port_binding_ext_attr
tempest.api.network.test_ports.PortsIpV6TestJSON.test_create_update_delete_port
tempest.api.network.test_networks.NetworksTest.test_list_networks
tempest.api.network.test_ports.PortsAdminExtendedAttrsTestJSON.test_show_port_binding_ext_attr
tempest.api.network.test_routers_negative.RoutersNegativeTest.test_router_remove_interface_in_use_returns_409
neutron.tests.tempest.api.test_networks.NetworksTestJSON.test_create_network_keystone_v3
neutron.tests.tempest.api.test_subnetpools.SubnetPoolsTestV6.test_show_subnetpool_has_project_id
tempest.api.network.test_networks.NetworksIpV6TestAttrs.test_create_delete_subnet_with_v6_attributes_stateless
neutron.tests.tempest.api.test_networks.NetworksTestJSON.test_list_networks_fields_keystone_v3
tempest.api.network.test_ports.PortsTestJSON.test_show_port
neutron.tests.tempest.api.test_subnetpools_negative.SubnetPoolsNegativeTestJSON.test_create_sp_associate_address_scope_multiple_prefix_intersect
tempest.api.network.test_networks.NetworksTest.test_show_subnet
neutron.tests.tempest.api.test_networks.NetworksTestJSON.test_list_networks_fields
neutron.tests.tempest.api.test_subnetpools.SubnetPoolsTestV6.test_create_list_subnetpool
tempest.api.network.test_allowed_address_pair.AllowedAddressPairIpV6TestJSON.test_update_port_with_address_pair
tempest.api.network.test_routers_negative.RoutersNegativeIpV6Test.test_update_non_existent_router_returns_404
tempest.api.network.test_routers_negative.RoutersNegativeTest.test_router_add_gateway_net_not_external_returns_400
neutron.tests.tempest.api.test_routers.RoutersTest.test_create_router_with_snat_explicit
neutron.tests.tempest.api.test_networks.NetworksTestJSON.test_show_network_fields_keystone_v3
neutron.tests.tempest.api.test_floating_ips.FloatingIPTestJSON.test_blank_update_clears_association
tempest.api.network.test_ports.PortsIpV6TestJSON.test_show_port_fields
neutron.tests.tempest.api.test_routers.RoutersSearchCriteriaTest.test_list_pagination_with_marker
neutron.tests.tempest.api.test_subnetpools_negative.SubnetPoolsNegativeTestJSON.test_tenant_update_sp_prefix_associated_with_shared_addr_scope
neutron.tests.tempest.api.admin.test_floating_ips_admin_actions.FloatingIPAdminTestJSON.test_associate_floating_ip_with_port_from_another_tenant
tempest.api.network.test_networks.NetworksIpV6Test.test_create_delete_subnet_with_gw
neutron.tests.tempest.api.test_routers.RoutersSearchCriteriaTest.test_list_pagination_page_reverse_with_href_links
tempest.api.network.test_floating_ips.FloatingIPTestJSON.test_floating_ip_update_different_router
tempest.api.network.test_routers_negative.RoutersNegativeIpV6Test.test_add_router_interfaces_on_overlapping_subnets_returns_400
tempest.api.network.test_ports.PortsIpV6TestJSON.test_update_port_with_two_security_groups_and_extra_attributes
neutron.tests.tempest.api.test_floating_ips_negative.FloatingIPNegativeTestJSON.test_associate_floatingip_with_port_with_floatingip
tempest.api.network.test_networks.NetworksTest.test_list_subnets_fields
tempest.api.network.test_networks_negative.NetworksNegativeTestJSON.test_delete_non_existent_network
neutron.tests.tempest.api.test_networks.NetworksSearchCriteriaTest.test_list_pagination_with_href_links
tempest.api.network.test_networks_negative.NetworksNegativeTestJSON.test_create_port_on_non_existent_network
tempest.api.network.test_networks.NetworksTest.test_create_delete_subnet_with_host_routes_and_dns_nameservers
tempest.api.network.test_routers_negative.RoutersNegativeTest.test_router_set_gateway_used_ip_returns_409
neutron.tests.tempest.api.test_networks.NetworksTestJSON.test_show_network
tempest.api.network.test_ports.PortsTestJSON.test_list_ports_fields
neutron.tests.tempest.api.test_subnetpools.SubnetPoolsTest.test_get_subnetpool
tempest.api.network.test_ports.PortsIpV6TestJSON.test_list_ports_fields
tempest.api.network.admin.test_floating_ips_admin_actions.FloatingIPAdminTestJSON.test_list_floating_ips_from_admin_and_nonadmin
neutron.tests.tempest.api.test_subnetpools.SubnetPoolsTest.test_tenant_update_subnetpool
neutron.tests.tempest.api.test_routers.RoutersIpV6Test.test_update_router_set_gateway_without_snat
neutron.tests.tempest.api.test_subnets.SubnetsSearchCriteriaTest.test_list_pagination_page_reverse_asc
tempest.api.network.test_networks.NetworksIpV6Test.test_list_subnets
neutron.tests.tempest.api.test_subnetpools_negative.SubnetPoolsNegativeTestJSON.test_update_subnetpool_multiple_prefix_intersect
neutron.tests.tempest.api.test_networks.NetworksSearchCriteriaTest.test_list_pagination_page_reverse_desc
neutron.tests.tempest.api.test_subnetpools.SubnetPoolsTestV6.test_create_subnetpool_associate_address_scope
neutron.tests.tempest.api.admin.test_shared_network_extension.AllowedAddressPairSharedNetworkTest.test_create_with_address_pair_blocked_on_other_network
tempest.api.network.test_routers.RoutersIpV6Test.test_update_router_reset_gateway_without_snat
neutron.tests.tempest.api.test_routers.RoutersSearchCriteriaTest.test_list_no_pagination_limit_0
neutron.tests.tempest.api.test_subnets.SubnetsSearchCriteriaTest.test_list_pagination_page_reverse_desc
tempest.api.network.test_routers.RoutersIpV6Test.test_add_multiple_router_interfaces
tempest.api.network.test_routers_negative.RoutersNegativeTest.test_update_non_existent_router_returns_404
tempest.api.network.test_routers_negative.RoutersNegativeTest.test_show_non_existent_router_returns_404
neutron.tests.tempest.api.test_subnetpools.SubnetPoolsTestV6.test_admin_create_shared_subnetpool
neutron.tests.tempest.api.test_subnetpools_negative.SubnetPoolsNegativeTestJSON.test_update_subnetpool_not_modifiable_shared
tempest.api.network.test_networks.NetworksTest.test_create_delete_subnet_without_gateway
tempest.api.network.test_networks_negative.NetworksNegativeTestJSON.test_update_non_existent_subnet
neutron.tests.tempest.api.test_subnets.SubnetsSearchCriteriaTest.test_list_sorts_asc
neutron.tests.tempest.api.admin.test_quotas_negative.QuotasAdminNegativeTestJSON.test_create_security_group_rule_when_quotas_is_full
neutron.tests.tempest.api.test_subnetpools_negative.SubnetPoolsNegativeTestJSON.test_update_subnetpool_tenant_id
tempest.api.network.test_ports.PortsAdminExtendedAttrsIpV6TestJSON.test_list_ports_binding_ext_attr
tempest.api.network.test_routers.RoutersIpV6Test.test_update_router_set_gateway
neutron.tests.tempest.api.admin.test_quotas_negative.QuotasAdminNegativeTestJSON.test_create_network_when_quotas_is_full
tempest.api.network.test_ports.PortsIpV6TestJSON.test_show_port
tempest.api.network.test_networks.BulkNetworkOpsIpV6Test.test_bulk_create_delete_port
neutron.tests.tempest.api.admin.test_networks.NetworksTestAdmin.test_admin_create_network_keystone_v3
neutron.tests.tempest.api.test_allowed_address_pair.AllowedAddressPairTestJSON.test_update_port_with_address_pair
tempest.api.network.test_networks.NetworksIpV6Test.test_update_subnet_gw_dns_host_routes_dhcp
neutron.tests.tempest.api.test_routers.RoutersIpV6Test.test_create_update_router_description
tempest.api.network.admin.test_floating_ips_admin_actions.FloatingIPAdminTestJSON.test_create_list_show_floating_ip_with_tenant_id_by_admin
neutron.tests.tempest.api.test_routers.RoutersSearchCriteriaTest.test_list_pagination_page_reverse_desc
tempest.api.network.admin.test_external_network_extension.ExternalNetworksTestJSON.test_delete_external_networks_with_floating_ip
neutron.tests.tempest.api.test_routers.RoutersTest.test_update_extra_route
neutron.tests.tempest.api.test_routers.RoutersTest.test_create_update_router_description
neutron.tests.tempest.api.test_routers.RoutersIpV6Test.test_network_attached_with_two_routers
neutron.tests.tempest.api.test_subnetpools_negative.SubnetPoolsNegativeTestJSON.test_create_subnetpool_associate_address_scope_prefix_intersect
neutron.tests.tempest.api.test_subnetpools_negative.SubnetPoolsNegativeTestJSON.test_create_subnetpool_associate_non_exist_address_scope
neutron.tests.tempest.api.test_subnetpools_negative.SubnetPoolsNegativeTestJSON.test_tenant_create_subnetpool_associate_shared_address_scope
tempest.api.network.test_ports.PortsTestJSON.test_create_update_delete_port
tempest.api.network.test_routers.RoutersTest.test_update_router_reset_gateway_without_snat
tempest.api.network.test_networks_negative.NetworksNegativeTestJSON.test_show_non_existent_network
tempest.api.network.test_networks.NetworksTest.test_create_delete_subnet_with_allocation_pools
tempest.api.network.test_floating_ips.FloatingIPTestJSON.test_floating_ip_delete_port
tempest.api.network.test_networks.NetworksTest.test_external_network_visibility
tempest.api.network.test_networks_negative.NetworksNegativeTestJSON.test_delete_non_existent_port
tempest.api.network.test_routers.RoutersIpV6Test.test_update_router_set_gateway_with_snat_explicit
tempest.api.network.test_routers.RoutersTest.test_router_interface_port_update_with_fixed_ip
neutron.tests.tempest.api.test_networks.NetworksSearchCriteriaTest.test_list_sorts_desc
neutron.tests.tempest.api.test_subnetpools_negative.SubnetPoolsNegativeTestJSON.test_update_subnetpool_associate_address_scope_wrong_ip_version
neutron.tests.tempest.api.test_subnetpools.SubnetPoolsTestV6.test_get_subnetpool
neutron.tests.tempest.api.test_routers.RoutersIpV6Test.test_update_router_set_gateway_with_snat_explicit
neutron.tests.tempest.api.test_routers.RoutersTest.test_router_interface_status
neutron.tests.tempest.api.test_routers.RoutersIpV6Test.test_create_router_with_snat_explicit
tempest.api.network.test_routers.RoutersTest.test_update_router_set_gateway
neutron.tests.tempest.api.test_subnetpools.SubnetPoolsTest.test_create_subnet_from_pool_with_quota
tempest.api.network.test_ports.PortsTestJSON.test_create_bulk_port
ostestr -w whitelist.txt --serial
{0} tempest.api.network.admin.test_external_network_extension.ExternalNetworksTestJSON.test_create_external_network [2.187077s] ... ok
{0} tempest.api.network.admin.test_external_network_extension.ExternalNetworksTestJSON.test_delete_external_networks_with_floating_ip [5.882804s] ... ok
{0} tempest.api.network.admin.test_external_network_extension.ExternalNetworksTestJSON.test_list_external_networks [1.640775s] ... ok
{0} tempest.api.network.admin.test_external_network_extension.ExternalNetworksTestJSON.test_show_external_networks_attribute [1.702282s] ... ok
{0} tempest.api.network.admin.test_external_network_extension.ExternalNetworksTestJSON.test_update_external_network [2.296768s] ... ok
{0} tempest.api.network.admin.test_external_networks_negative.ExternalNetworksAdminNegativeTestJSON.test_create_port_with_precreated_floatingip_as_fixed_ip [3.615425s] ... ok
{0} tempest.api.network.admin.test_floating_ips_admin_actions.FloatingIPAdminTestJSON.test_create_list_show_floating_ip_with_tenant_id_by_admin [4.815934s] ... ok
{0} tempest.api.network.admin.test_floating_ips_admin_actions.FloatingIPAdminTestJSON.test_list_floating_ips_from_admin_and_nonadmin [6.004420s] ... ok
{0} tempest.api.network.admin.test_negative_quotas.QuotasNegativeTest.test_network_quota_exceeding [5.668475s] ... ok
{0} tempest.api.network.admin.test_quotas.QuotasTest.test_quotas [1.298643s] ... ok
{0} tempest.api.network.test_allowed_address_pair.AllowedAddressPairIpV6TestJSON.test_create_list_port_with_address_pair [2.421546s] ... ok
{0} tempest.api.network.test_allowed_address_pair.AllowedAddressPairIpV6TestJSON.test_update_port_with_address_pair [3.049908s] ... ok
{0} tempest.api.network.test_allowed_address_pair.AllowedAddressPairIpV6TestJSON.test_update_port_with_cidr_address_pair [3.019592s] ... ok
{0} tempest.api.network.test_allowed_address_pair.AllowedAddressPairIpV6TestJSON.test_update_port_with_multiple_ip_mac_address_pair [5.514911s] ... ok
{0} tempest.api.network.test_allowed_address_pair.AllowedAddressPairTestJSON.test_create_list_port_with_address_pair [3.149212s] ... ok
{0} tempest.api.network.test_allowed_address_pair.AllowedAddressPairTestJSON.test_update_port_with_address_pair [3.106391s] ... ok
{0} tempest.api.network.test_allowed_address_pair.AllowedAddressPairTestJSON.test_update_port_with_cidr_address_pair [3.315223s] ... ok
{0} tempest.api.network.test_allowed_address_pair.AllowedAddressPairTestJSON.test_update_port_with_multiple_ip_mac_address_pair [5.495236s] ... ok
{0} tempest.api.network.test_floating_ips.FloatingIPTestJSON.test_create_floating_ip_specifying_a_fixed_ip_address [4.388460s] ... ok
{0} tempest.api.network.test_floating_ips.FloatingIPTestJSON.test_create_list_show_update_delete_floating_ip [5.395362s] ... ok
{0} tempest.api.network.test_floating_ips.FloatingIPTestJSON.test_create_update_floatingip_with_port_multiple_ip_address [7.796589s] ... ok
{0} tempest.api.network.test_floating_ips.FloatingIPTestJSON.test_floating_ip_delete_port [6.128928s] ... ok
{0} tempest.api.network.test_floating_ips.FloatingIPTestJSON.test_floating_ip_update_different_router [13.510340s] ... ok
{0} tempest.api.network.test_floating_ips_negative.FloatingIPNegativeTestJSON.test_associate_floatingip_port_ext_net_unreachable [3.063660s] ... ok
{0} tempest.api.network.test_floating_ips_negative.FloatingIPNegativeTestJSON.test_create_floatingip_in_private_network [0.099597s] ... ok
{0} tempest.api.network.test_floating_ips_negative.FloatingIPNegativeTestJSON.test_create_floatingip_with_port_ext_net_unreachable [2.252392s] ... ok
{0} tempest.api.network.test_networks.BulkNetworkOpsIpV6Test.test_bulk_create_delete_network [4.020002s] ... ok
{0} tempest.api.network.test_networks.BulkNetworkOpsIpV6Test.test_bulk_create_delete_port [4.532170s] ... ok
{0} tempest.api.network.test_networks.BulkNetworkOpsIpV6Test.test_bulk_create_delete_subnet [9.275125s] ... ok
{0} tempest.api.network.test_networks.BulkNetworkOpsTest.test_bulk_create_delete_network [3.837420s] ... ok
{0} tempest.api.network.test_networks.BulkNetworkOpsTest.test_bulk_create_delete_port [4.702378s] ... ok
{0} tempest.api.network.test_networks.BulkNetworkOpsTest.test_bulk_create_delete_subnet [5.893046s] ... ok
{0} tempest.api.network.test_networks.NetworksIpV6Test.test_create_delete_subnet_all_attributes [3.020298s] ... ok
{0} tempest.api.network.test_networks.NetworksIpV6Test.test_create_delete_subnet_with_allocation_pools [4.087544s] ... ok
{0} tempest.api.network.test_networks.NetworksIpV6Test.test_create_delete_subnet_with_default_gw [1.309182s] ... ok
{0} tempest.api.network.test_networks.NetworksIpV6Test.test_create_delete_subnet_with_dhcp_enabled [4.495251s] ... ok
{0} tempest.api.network.test_networks.NetworksIpV6Test.test_create_delete_subnet_with_gw [1.156192s] ... ok
{0} tempest.api.network.test_networks.NetworksIpV6Test.test_create_delete_subnet_with_gw_and_allocation_pools [4.016699s] ... ok
{0} tempest.api.network.test_networks.NetworksIpV6Test.test_create_delete_subnet_with_host_routes_and_dns_nameservers [3.847383s] ... ok
{0} tempest.api.network.test_networks.NetworksIpV6Test.test_create_delete_subnet_without_gateway [4.046735s] ... ok
{0} tempest.api.network.test_networks.NetworksIpV6Test.test_create_list_subnet_with_no_gw64_one_network [2.265458s] ... ok
{0} tempest.api.network.test_networks.NetworksIpV6Test.test_create_update_delete_network_subnet [6.569227s] ... ok
{0} tempest.api.network.test_networks.NetworksIpV6Test.test_create_update_network_description [1.696009s] ... ok
{0} tempest.api.network.test_networks.NetworksIpV6Test.test_delete_network_with_subnet [4.028830s] ... ok
{0} tempest.api.network.test_networks.NetworksIpV6Test.test_external_network_visibility [0.245087s] ... ok
{0} tempest.api.network.test_networks.NetworksIpV6Test.test_list_networks [0.314448s] ... ok
{0} tempest.api.network.test_networks.NetworksIpV6Test.test_list_networks_fields [0.399291s] ... ok
{0} tempest.api.network.test_networks.NetworksIpV6Test.test_list_subnets [0.121823s] ... ok
{0} tempest.api.network.test_networks.NetworksIpV6Test.test_list_subnets_fields [0.123877s] ... ok
{0} tempest.api.network.test_networks.NetworksIpV6Test.test_show_network [0.194280s] ... ok
{0} tempest.api.network.test_networks.NetworksIpV6Test.test_show_network_fields [0.183859s] ... ok
{0} tempest.api.network.test_networks.NetworksIpV6Test.test_show_subnet [0.102946s] ... ok
{0} tempest.api.network.test_networks.NetworksIpV6Test.test_show_subnet_fields [0.100894s] ... ok
{0} tempest.api.network.test_networks.NetworksIpV6Test.test_update_subnet_gw_dns_host_routes_dhcp [4.956283s] ... ok
{0} tempest.api.network.test_networks.NetworksIpV6TestAttrs.test_create_delete_slaac_subnet_with_ports [6.694153s] ... ok
{0} tempest.api.network.test_networks.NetworksIpV6TestAttrs.test_create_delete_stateless_subnet_with_ports [6.695316s] ... ok
{0} tempest.api.network.test_networks.NetworksIpV6TestAttrs.test_create_delete_subnet_with_v6_attributes_slaac [3.992174s] ... ok
{0} tempest.api.network.test_networks.NetworksIpV6TestAttrs.test_create_delete_subnet_with_v6_attributes_stateful [4.681238s] ... ok
{0} tempest.api.network.test_networks.NetworksIpV6TestAttrs.test_create_delete_subnet_with_v6_attributes_stateless [3.932653s] ... ok
{0} tempest.api.network.test_networks.NetworksTest.test_create_delete_subnet_all_attributes [4.309583s] ... ok
{0} tempest.api.network.test_networks.NetworksTest.test_create_delete_subnet_with_allocation_pools [4.120435s] ... ok
{0} tempest.api.network.test_networks.NetworksTest.test_create_delete_subnet_with_dhcp_enabled [3.728735s] ... ok
{0} tempest.api.network.test_networks.NetworksTest.test_create_delete_subnet_with_gw [5.036275s] ... ok
{0} tempest.api.network.test_networks.NetworksTest.test_create_delete_subnet_with_gw_and_allocation_pools [3.968837s] ... ok
{0} tempest.api.network.test_networks.NetworksTest.test_create_delete_subnet_with_host_routes_and_dns_nameservers [4.047532s] ... ok
{0} tempest.api.network.test_networks.NetworksTest.test_create_delete_subnet_without_gateway [3.922542s] ... ok
{0} tempest.api.network.test_networks.NetworksTest.test_create_update_delete_network_subnet [5.566034s] ... ok
{0} tempest.api.network.test_networks.NetworksTest.test_create_update_network_description [1.725734s] ... ok
{0} tempest.api.network.test_networks.NetworksTest.test_delete_network_with_subnet [3.840012s] ... ok
{0} tempest.api.network.test_networks.NetworksTest.test_external_network_visibility [0.247325s] ... ok
{0} tempest.api.network.test_networks.NetworksTest.test_list_networks [0.401319s] ... ok
{0} tempest.api.network.test_networks.NetworksTest.test_list_networks_fields [0.196797s] ... ok
{0} tempest.api.network.test_networks.NetworksTest.test_list_subnets [0.102804s] ... ok
{0} tempest.api.network.test_networks.NetworksTest.test_list_subnets_fields [0.097037s] ... ok
{0} tempest.api.network.test_networks.NetworksTest.test_show_network [0.186696s] ... ok
{0} tempest.api.network.test_networks.NetworksTest.test_show_network_fields [0.174177s] ... ok
{0} tempest.api.network.test_networks.NetworksTest.test_show_subnet [0.098841s] ... ok
{0} tempest.api.network.test_networks.NetworksTest.test_show_subnet_fields [0.097496s] ... ok
{0} tempest.api.network.test_networks.NetworksTest.test_update_subnet_gw_dns_host_routes_dhcp [4.861468s] ... ok
{0} tempest.api.network.test_networks_negative.NetworksNegativeTestJSON.test_create_port_on_non_existent_network [0.313887s] ... ok
{0} tempest.api.network.test_networks_negative.NetworksNegativeTestJSON.test_delete_non_existent_network [0.312907s] ... ok
{0} tempest.api.network.test_networks_negative.NetworksNegativeTestJSON.test_delete_non_existent_port [0.062185s] ... ok
{0} tempest.api.network.test_networks_negative.NetworksNegativeTestJSON.test_delete_non_existent_subnet [0.056512s] ... ok
{0} tempest.api.network.test_networks_negative.NetworksNegativeTestJSON.test_show_non_existent_network [0.044969s] ... ok
{0} tempest.api.network.test_networks_negative.NetworksNegativeTestJSON.test_show_non_existent_port [0.057789s] ... ok
{0} tempest.api.network.test_networks_negative.NetworksNegativeTestJSON.test_show_non_existent_subnet [0.050089s] ... ok
{0} tempest.api.network.test_networks_negative.NetworksNegativeTestJSON.test_update_non_existent_network [0.045161s] ... ok
{0} tempest.api.network.test_networks_negative.NetworksNegativeTestJSON.test_update_non_existent_port [0.060513s] ... ok
{0} tempest.api.network.test_networks_negative.NetworksNegativeTestJSON.test_update_non_existent_subnet [0.055760s] ... ok
{0} tempest.api.network.test_ports.PortsIpV6TestJSON.test_create_bulk_port [4.299985s] ... ok
{0} tempest.api.network.test_ports.PortsIpV6TestJSON.test_create_port_in_allowed_allocation_pools [5.260897s] ... ok
{0} tempest.api.network.test_ports.PortsIpV6TestJSON.test_create_port_with_no_securitygroups [6.574532s] ... ok
{0} tempest.api.network.test_ports.PortsIpV6TestJSON.test_create_show_delete_port_user_defined_mac [3.911591s] ... ok
{0} tempest.api.network.test_ports.PortsIpV6TestJSON.test_create_update_delete_port [2.459015s] ... ok
{0} tempest.api.network.test_ports.PortsIpV6TestJSON.test_create_update_port_with_second_ip [11.665634s] ... ok
{0} tempest.api.network.test_ports.PortsIpV6TestJSON.test_list_ports [0.110013s] ... ok
{0} tempest.api.network.test_ports.PortsIpV6TestJSON.test_list_ports_fields [0.095823s] ... ok
{0} tempest.api.network.test_ports.PortsIpV6TestJSON.test_port_list_filter_by_ip [8.155733s] ... ok
{0} tempest.api.network.test_ports.PortsIpV6TestJSON.test_port_list_filter_by_router_id [11.588020s] ... ok
{0} tempest.api.network.test_ports.PortsIpV6TestJSON.test_show_port [0.101540s] ... ok
{0} tempest.api.network.test_ports.PortsIpV6TestJSON.test_show_port_fields [0.080850s] ... ok
{0} tempest.api.network.test_ports.PortsIpV6TestJSON.test_update_port_with_security_group_and_extra_attributes [7.998523s] ... ok
{0} tempest.api.network.test_ports.PortsIpV6TestJSON.test_update_port_with_two_security_groups_and_extra_attributes [9.732187s] ... ok
{0} tempest.api.network.test_ports.PortsTestJSON.test_create_bulk_port [4.429329s] ... ok
{0} tempest.api.network.test_ports.PortsTestJSON.test_create_port_in_allowed_allocation_pools [5.752557s] ... ok
{0} tempest.api.network.test_ports.PortsTestJSON.test_create_port_with_no_securitygroups [6.823504s] ... ok
{0} tempest.api.network.test_ports.PortsTestJSON.test_create_show_delete_port_user_defined_mac [3.813651s] ... ok
{0} tempest.api.network.test_ports.PortsTestJSON.test_create_update_delete_port [2.640313s] ... ok
{0} tempest.api.network.test_ports.PortsTestJSON.test_create_update_port_with_second_ip [12.139336s] ... ok
{0} tempest.api.network.test_ports.PortsTestJSON.test_list_ports [0.112131s] ... ok
{0} tempest.api.network.test_ports.PortsTestJSON.test_list_ports_fields [0.091239s] ... ok
{0} tempest.api.network.test_ports.PortsTestJSON.test_port_list_filter_by_ip [8.176061s] ... ok
{0} tempest.api.network.test_ports.PortsTestJSON.test_port_list_filter_by_router_id [10.642885s] ... ok
{0} tempest.api.network.test_ports.PortsTestJSON.test_show_port [0.102792s] ... ok
{0} tempest.api.network.test_ports.PortsTestJSON.test_show_port_fields [0.081793s] ... ok
{0} tempest.api.network.test_ports.PortsTestJSON.test_update_port_with_security_group_and_extra_attributes [8.854994s] ... ok
{0} tempest.api.network.test_ports.PortsTestJSON.test_update_port_with_two_security_groups_and_extra_attributes [9.841871s] ... ok
{0} tempest.api.network.test_routers.RoutersIpV6Test.test_add_multiple_router_interfaces [13.903214s] ... ok
{0} tempest.api.network.test_routers.RoutersIpV6Test.test_add_remove_router_interface_with_port_id [7.994594s] ... ok
{0} tempest.api.network.test_routers.RoutersIpV6Test.test_add_remove_router_interface_with_subnet_id [6.858795s] ... ok
{0} tempest.api.network.test_routers.RoutersIpV6Test.test_create_router_set_gateway_with_fixed_ip ... SKIPPED: Skipped until Bug: 1676207 is resolved.
{0} tempest.api.network.test_routers.RoutersIpV6Test.test_create_show_list_update_delete_router [4.769244s] ... ok
{0} tempest.api.network.test_routers.RoutersIpV6Test.test_router_interface_port_update_with_fixed_ip [7.769808s] ... ok
{0} tempest.api.network.test_routers.RoutersIpV6Test.test_update_delete_extra_route [29.640728s] ... ok
{0} tempest.api.network.test_routers.RoutersIpV6Test.test_update_router_admin_state [1.166154s] ... ok
{0} tempest.api.network.test_routers.RoutersTest.test_add_multiple_router_interfaces [13.976008s] ... ok
{0} tempest.api.network.test_routers.RoutersTest.test_add_remove_router_interface_with_port_id [8.146718s] ... ok
{0} tempest.api.network.test_routers.RoutersTest.test_add_remove_router_interface_with_subnet_id [6.759155s] ... ok
{0} tempest.api.network.test_routers.RoutersTest.test_create_router_set_gateway_with_fixed_ip ... SKIPPED: Skipped until Bug: 1676207 is resolved.
{0} tempest.api.network.test_routers.RoutersTest.test_create_show_list_update_delete_router [4.903833s] ... ok
{0} tempest.api.network.test_routers.RoutersTest.test_router_interface_port_update_with_fixed_ip [7.928973s] ... ok
{0} tempest.api.network.test_routers.RoutersTest.test_update_delete_extra_route [29.676432s] ... ok
{0} tempest.api.network.test_routers.RoutersTest.test_update_router_admin_state [1.183283s] ... ok
{0} tempest.api.network.test_routers_negative.RoutersNegativeIpV6Test.test_add_router_interfaces_on_overlapping_subnets_returns_400 [8.507356s] ... ok
{0} tempest.api.network.test_routers_negative.RoutersNegativeIpV6Test.test_delete_non_existent_router_returns_404 [0.089479s] ... ok
{0} tempest.api.network.test_routers_negative.RoutersNegativeIpV6Test.test_router_add_gateway_invalid_network_returns_404 [0.479352s] ... ok
{0} tempest.api.network.test_routers_negative.RoutersNegativeIpV6Test.test_router_add_gateway_net_not_external_returns_400 [1.894087s] ... ok
{0} tempest.api.network.test_routers_negative.RoutersNegativeIpV6Test.test_router_remove_interface_in_use_returns_409 [3.158814s] ... ok
{0} tempest.api.network.test_routers_negative.RoutersNegativeIpV6Test.test_show_non_existent_router_returns_404 [0.081298s] ... ok
{0} tempest.api.network.test_routers_negative.RoutersNegativeIpV6Test.test_update_non_existent_router_returns_404 [0.088655s] ... ok
{0} tempest.api.network.test_routers_negative.RoutersNegativeTest.test_add_router_interfaces_on_overlapping_subnets_returns_400 [8.314426s] ... ok
{0} tempest.api.network.test_routers_negative.RoutersNegativeTest.test_delete_non_existent_router_returns_404 [0.089804s] ... ok
{0} tempest.api.network.test_routers_negative.RoutersNegativeTest.test_router_add_gateway_invalid_network_returns_404 [0.446296s] ... ok
{0} tempest.api.network.test_routers_negative.RoutersNegativeTest.test_router_add_gateway_net_not_external_returns_400 [2.116396s] ... ok
{0} tempest.api.network.test_routers_negative.RoutersNegativeTest.test_router_remove_interface_in_use_returns_409 [3.208368s] ... ok
{0} tempest.api.network.test_routers_negative.RoutersNegativeTest.test_show_non_existent_router_returns_404 [0.086831s] ... ok
{0} tempest.api.network.test_routers_negative.RoutersNegativeTest.test_update_non_existent_router_returns_404 [0.315098s] ... ok
{0} tempest.api.network.test_versions.NetworksApiDiscovery.test_api_version_resources [0.007237s] ... ok
{0} neutron.tests.tempest.api.admin.test_floating_ips_admin_actions.FloatingIPAdminTestJSON.test_associate_floating_ip_with_port_from_another_tenant [6.729217s] ... FAILED
{0} neutron.tests.tempest.api.admin.test_floating_ips_admin_actions.FloatingIPAdminTestJSON.test_create_floatingip_with_specified_ip_address [2.878320s] ... ok
{0} neutron.tests.tempest.api.admin.test_networks.NetworksTestAdmin.test_admin_create_network_keystone_v3 [2.385797s] ... ok
{0} neutron.tests.tempest.api.admin.test_networks.NetworksTestAdmin.test_admin_create_network_keystone_v3_and_other_tenant [0.300019s] ... ok
{0} neutron.tests.tempest.api.admin.test_networks.NetworksTestAdmin.test_admin_create_network_keystone_v3_and_tenant [0.674941s] ... ok
{0} neutron.tests.tempest.api.admin.test_quotas.QuotasTest.test_quotas [1.598700s] ... ok
{0} neutron.tests.tempest.api.admin.test_quotas_negative.QuotasAdminNegativeTestJSON.test_create_floatingip_when_quotas_is_full [4.255386s] ... ok
{0} neutron.tests.tempest.api.admin.test_quotas_negative.QuotasAdminNegativeTestJSON.test_create_network_when_quotas_is_full [1.841061s] ... ok
{0} neutron.tests.tempest.api.admin.test_quotas_negative.QuotasAdminNegativeTestJSON.test_create_port_when_quotas_is_full [5.536537s] ... ok
{0} neutron.tests.tempest.api.admin.test_quotas_negative.QuotasAdminNegativeTestJSON.test_create_router_when_quotas_is_full [1.010461s] ... ok
{0} neutron.tests.tempest.api.admin.test_quotas_negative.QuotasAdminNegativeTestJSON.test_create_security_group_rule_when_quotas_is_full [1.499407s] ... ok
{0} neutron.tests.tempest.api.admin.test_quotas_negative.QuotasAdminNegativeTestJSON.test_create_security_group_when_quotas_is_full [1.209222s] ... ok
{0} neutron.tests.tempest.api.admin.test_quotas_negative.QuotasAdminNegativeTestJSON.test_create_subnet_when_quotas_is_full [3.224381s] ... ok
{0} neutron.tests.tempest.api.admin.test_shared_network_extension.AllowedAddressPairSharedNetworkTest.test_create_with_address_pair_blocked_on_other_network [1.398187s] ... ok
{0} neutron.tests.tempest.api.admin.test_shared_network_extension.AllowedAddressPairSharedNetworkTest.test_update_with_address_pair_blocked_on_other_network [2.109584s] ... ok
{0} neutron.tests.tempest.api.test_allowed_address_pair.AllowedAddressPairIpV6TestJSON.test_create_list_port_with_address_pair [2.683137s] ... ok
{0} neutron.tests.tempest.api.test_allowed_address_pair.AllowedAddressPairIpV6TestJSON.test_update_port_with_address_pair [2.921992s] ... ok
{0} neutron.tests.tempest.api.test_allowed_address_pair.AllowedAddressPairIpV6TestJSON.test_update_port_with_cidr_address_pair [3.226400s] ... ok
{0} neutron.tests.tempest.api.test_allowed_address_pair.AllowedAddressPairIpV6TestJSON.test_update_port_with_multiple_ip_mac_address_pair [5.500657s] ... ok
{0} neutron.tests.tempest.api.test_allowed_address_pair.AllowedAddressPairTestJSON.test_create_list_port_with_address_pair [2.670637s] ... ok
{0} neutron.tests.tempest.api.test_allowed_address_pair.AllowedAddressPairTestJSON.test_update_port_with_address_pair [3.204980s] ... ok
{0} neutron.tests.tempest.api.test_allowed_address_pair.AllowedAddressPairTestJSON.test_update_port_with_cidr_address_pair [3.265308s] ... ok
{0} neutron.tests.tempest.api.test_allowed_address_pair.AllowedAddressPairTestJSON.test_update_port_with_multiple_ip_mac_address_pair [5.715553s] ... ok
{0} neutron.tests.tempest.api.test_floating_ips.FloatingIPTestJSON.test_blank_update_clears_association [3.540955s] ... ok
{0} neutron.tests.tempest.api.test_floating_ips.FloatingIPTestJSON.test_create_update_floatingip_description [4.342587s] ... ok
{0} neutron.tests.tempest.api.test_floating_ips.FloatingIPTestJSON.test_floatingip_update_extra_attributes_port_id_not_changed [4.150754s] ... ok
{0} neutron.tests.tempest.api.test_floating_ips_negative.FloatingIPNegativeTestJSON.test_associate_floatingip_with_port_with_floatingip [16.748887s] ... ok
{0} neutron.tests.tempest.api.test_networks.NetworksSearchCriteriaTest.test_list_no_pagination_limit_0 [0.268818s] ... ok
{0} neutron.tests.tempest.api.test_networks.NetworksSearchCriteriaTest.test_list_pagination [1.315525s] ... ok
{0} neutron.tests.tempest.api.test_networks.NetworksSearchCriteriaTest.test_list_pagination_page_reverse_asc [0.535143s] ... ok
{0} neutron.tests.tempest.api.test_networks.NetworksSearchCriteriaTest.test_list_pagination_page_reverse_desc [0.528661s] ... ok
{0} neutron.tests.tempest.api.test_networks.NetworksSearchCriteriaTest.test_list_pagination_page_reverse_with_href_links [1.308529s] ... ok
{0} neutron.tests.tempest.api.test_networks.NetworksSearchCriteriaTest.test_list_pagination_with_href_links [3.324867s] ... ok
{0} neutron.tests.tempest.api.test_networks.NetworksSearchCriteriaTest.test_list_pagination_with_marker [1.534652s] ... ok
{0} neutron.tests.tempest.api.test_networks.NetworksSearchCriteriaTest.test_list_sorts_asc [0.267978s] ... ok
{0} neutron.tests.tempest.api.test_networks.NetworksSearchCriteriaTest.test_list_sorts_desc [0.273389s] ... ok
{0} neutron.tests.tempest.api.test_networks.NetworksSearchCriteriaTest.test_list_validation_filters [0.472720s] ... ok
{0} neutron.tests.tempest.api.test_networks.NetworksTestJSON.test_create_network_keystone_v3 [1.868031s] ... ok
{0} neutron.tests.tempest.api.test_networks.NetworksTestJSON.test_create_update_network_dns_domain ... SKIPPED: Skipped because network extension: dns-integration is not enabled
{0} neutron.tests.tempest.api.test_networks.NetworksTestJSON.test_list_networks_fields_keystone_v3 [0.860812s] ... ok
{0} neutron.tests.tempest.api.test_networks.NetworksTestJSON.test_show_network [0.163055s] ... ok
{0} neutron.tests.tempest.api.test_networks.NetworksTestJSON.test_show_network_fields_keystone_v3 [0.774278s] ... ok
{0} neutron.tests.tempest.api.test_networks_negative.NetworksNegativeTest.test_delete_network_in_use [3.891226s] ... ok
{0} neutron.tests.tempest.api.test_ports.PortsTestJSON.test_add_ips_to_port [4.311621s] ... ok
{0} neutron.tests.tempest.api.test_ports.PortsTestJSON.test_change_dhcp_flag_then_create_port [5.194167s] ... ok
{0} neutron.tests.tempest.api.test_ports.PortsTestJSON.test_create_update_port_description [2.628371s] ... ok
{0} neutron.tests.tempest.api.test_ports.PortsTestJSON.test_create_update_port_with_dns_name ... SKIPPED: Skipped because network extension: dns-integration is not enabled
{0} neutron.tests.tempest.api.test_ports.PortsTestJSON.test_create_update_port_with_no_dns_name ... SKIPPED: Skipped because network extension: dns-integration is not enabled
{0} neutron.tests.tempest.api.test_routers.RoutersIpV6Test.test_create_router_with_default_snat_value [5.966537s] ... ok
{0} neutron.tests.tempest.api.test_routers.RoutersIpV6Test.test_create_router_with_snat_explicit [9.048127s] ... ok
{0} neutron.tests.tempest.api.test_routers.RoutersIpV6Test.test_create_update_router_description [1.062183s] ... ok
{0} neutron.tests.tempest.api.test_routers.RoutersIpV6Test.test_network_attached_with_two_routers [14.273940s] ... ok
{0} neutron.tests.tempest.api.test_routers.RoutersIpV6Test.test_router_interface_status [11.393693s] ... ok
{0} neutron.tests.tempest.api.test_routers.RoutersIpV6Test.test_update_extra_route [8.433025s] ... ok
{0} neutron.tests.tempest.api.test_routers.RoutersIpV6Test.test_update_router_reset_gateway_without_snat [5.339590s] ... ok
{0} neutron.tests.tempest.api.test_routers.RoutersIpV6Test.test_update_router_set_gateway_with_snat_explicit [4.581038s] ... ok
{0} neutron.tests.tempest.api.test_routers.RoutersIpV6Test.test_update_router_set_gateway_without_snat [4.712765s] ... ok
{0} neutron.tests.tempest.api.test_routers.RoutersSearchCriteriaTest.test_list_no_pagination_limit_0 [0.151022s] ... ok
{0} neutron.tests.tempest.api.test_routers.RoutersSearchCriteriaTest.test_list_pagination [0.872001s] ... ok
{0} neutron.tests.tempest.api.test_routers.RoutersSearchCriteriaTest.test_list_pagination_page_reverse_asc [0.328485s] ... ok
{0} neutron.tests.tempest.api.test_routers.RoutersSearchCriteriaTest.test_list_pagination_page_reverse_desc [0.338149s] ... ok
{0} neutron.tests.tempest.api.test_routers.RoutersSearchCriteriaTest.test_list_pagination_page_reverse_with_href_links [0.650475s] ... ok
{0} neutron.tests.tempest.api.test_routers.RoutersSearchCriteriaTest.test_list_pagination_with_href_links [2.645028s] ... ok
{0} neutron.tests.tempest.api.test_routers.RoutersSearchCriteriaTest.test_list_pagination_with_marker [1.062673s] ... ok
{0} neutron.tests.tempest.api.test_routers.RoutersSearchCriteriaTest.test_list_sorts_asc [0.128444s] ... ok
{0} neutron.tests.tempest.api.test_routers.RoutersSearchCriteriaTest.test_list_sorts_desc [0.122980s] ... ok
{0} neutron.tests.tempest.api.test_routers.RoutersTest.test_create_router_with_default_snat_value [5.571814s] ... ok
{0} neutron.tests.tempest.api.test_routers.RoutersTest.test_create_router_with_snat_explicit [9.065486s] ... ok
{0} neutron.tests.tempest.api.test_routers.RoutersTest.test_create_update_router_description [1.520136s] ... ok
{0} neutron.tests.tempest.api.test_routers.RoutersTest.test_network_attached_with_two_routers [14.926914s] ... ok
{0} neutron.tests.tempest.api.test_routers.RoutersTest.test_router_interface_status [9.013606s] ... ok
{0} neutron.tests.tempest.api.test_routers.RoutersTest.test_update_extra_route [8.643557s] ... ok
{0} neutron.tests.tempest.api.test_routers.RoutersTest.test_update_router_reset_gateway_without_snat [5.411513s] ... ok
{0} neutron.tests.tempest.api.test_routers.RoutersTest.test_update_router_set_gateway_with_snat_explicit [4.554121s] ... ok
{0} neutron.tests.tempest.api.test_routers.RoutersTest.test_update_router_set_gateway_without_snat [4.555528s] ... ok
{0} neutron.tests.tempest.api.test_routers_negative.RoutersNegativeTest.test_delete_router_in_use [4.250686s] ... ok
{0} neutron.tests.tempest.api.test_subnetpools.SubnetPoolsTest.test_admin_create_shared_subnetpool [1.847464s] ... ok
{0} neutron.tests.tempest.api.test_subnetpools.SubnetPoolsTest.test_create_list_subnetpool [0.448639s] ... ok
{0} neutron.tests.tempest.api.test_subnetpools.SubnetPoolsTest.test_create_subnet_from_pool_with_default_prefixlen [1.652250s] ... ok
{0} neutron.tests.tempest.api.test_subnetpools.SubnetPoolsTest.test_create_subnet_from_pool_with_prefixlen [1.437913s] ... ok
{0} neutron.tests.tempest.api.test_subnetpools.SubnetPoolsTest.test_create_subnet_from_pool_with_quota [1.635987s] ... ok
{0} neutron.tests.tempest.api.test_subnetpools.SubnetPoolsTest.test_create_subnet_from_pool_with_subnet_cidr [1.663720s] ... ok
{0} neutron.tests.tempest.api.test_subnetpools.SubnetPoolsTest.test_create_subnetpool_associate_address_scope [0.256438s] ... ok
{0} neutron.tests.tempest.api.test_subnetpools.SubnetPoolsTest.test_create_update_subnetpool_description [0.452476s] ... ok
{0} neutron.tests.tempest.api.test_subnetpools.SubnetPoolsTest.test_get_subnetpool [0.185308s] ... ok
{0} neutron.tests.tempest.api.test_subnetpools.SubnetPoolsTest.test_show_subnetpool_has_project_id [0.169668s] ... ok
{0} neutron.tests.tempest.api.test_subnetpools.SubnetPoolsTest.test_tenant_update_subnetpool [0.297022s] ... ok
{0} neutron.tests.tempest.api.test_subnetpools.SubnetPoolsTest.test_update_subnetpool_associate_address_scope [0.391793s] ... ok
{0} neutron.tests.tempest.api.test_subnetpools.SubnetPoolsTest.test_update_subnetpool_associate_another_address_scope [0.453755s] ... ok
{0} neutron.tests.tempest.api.test_subnetpools.SubnetPoolsTest.test_update_subnetpool_disassociate_address_scope [0.395099s] ... ok
{0} neutron.tests.tempest.api.test_subnetpools.SubnetPoolsTest.test_update_subnetpool_prefixes_append [0.498447s] ... ok
{0} neutron.tests.tempest.api.test_subnetpools.SubnetPoolsTest.test_update_subnetpool_prefixes_extend [0.294863s] ... ok
{0} neutron.tests.tempest.api.test_subnetpools.SubnetPoolsTestV6.test_admin_create_shared_subnetpool [1.861139s] ... ok
{0} neutron.tests.tempest.api.test_subnetpools.SubnetPoolsTestV6.test_create_dual_stack_subnets_from_subnetpools [2.949555s] ... ok
{0} neutron.tests.tempest.api.test_subnetpools.SubnetPoolsTestV6.test_create_list_subnetpool [0.209349s] ... ok
{0} neutron.tests.tempest.api.test_subnetpools.SubnetPoolsTestV6.test_create_subnet_from_pool_with_default_prefixlen [1.632025s] ... ok
{0} neutron.tests.tempest.api.test_subnetpools.SubnetPoolsTestV6.test_create_subnet_from_pool_with_prefixlen [1.545061s] ... ok
{0} neutron.tests.tempest.api.test_subnetpools.SubnetPoolsTestV6.test_create_subnet_from_pool_with_quota [1.686914s] ... ok
{0} neutron.tests.tempest.api.test_subnetpools.SubnetPoolsTestV6.test_create_subnet_from_pool_with_subnet_cidr [1.642389s] ... ok
{0} neutron.tests.tempest.api.test_subnetpools.SubnetPoolsTestV6.test_create_subnetpool_associate_address_scope [0.292302s] ... ok
{0} neutron.tests.tempest.api.test_subnetpools.SubnetPoolsTestV6.test_create_update_subnetpool_description [0.444665s] ... ok
{0} neutron.tests.tempest.api.test_subnetpools.SubnetPoolsTestV6.test_get_subnetpool [0.185953s] ... ok
{0} neutron.tests.tempest.api.test_subnetpools.SubnetPoolsTestV6.test_show_subnetpool_has_project_id [0.246060s] ... ok
{0} neutron.tests.tempest.api.test_subnetpools.SubnetPoolsTestV6.test_tenant_update_subnetpool [0.371115s] ... ok
{0} neutron.tests.tempest.api.test_subnetpools.SubnetPoolsTestV6.test_update_subnetpool_associate_address_scope [0.445127s] ... ok
{0} neutron.tests.tempest.api.test_subnetpools.SubnetPoolsTestV6.test_update_subnetpool_associate_another_address_scope [0.520509s] ... ok
{0} neutron.tests.tempest.api.test_subnetpools.SubnetPoolsTestV6.test_update_subnetpool_disassociate_address_scope [0.528211s] ... ok
{0} neutron.tests.tempest.api.test_subnetpools.SubnetPoolsTestV6.test_update_subnetpool_prefixes_append [0.307121s] ... ok
{0} neutron.tests.tempest.api.test_subnetpools.SubnetPoolsTestV6.test_update_subnetpool_prefixes_extend [0.341295s] ... ok
{0} neutron.tests.tempest.api.test_subnetpools_negative.SubnetPoolsNegativeTestJSON.test_create_sp_associate_address_scope_multiple_prefix_intersect [1.422651s] ... ok
{0} neutron.tests.tempest.api.test_subnetpools_negative.SubnetPoolsNegativeTestJSON.test_create_subnet_different_pools_same_network [3.389173s] ... ok
{0} neutron.tests.tempest.api.test_subnetpools_negative.SubnetPoolsNegativeTestJSON.test_create_subnetpool_associate_address_scope_of_other_owner [0.477444s] ... ok
{0} neutron.tests.tempest.api.test_subnetpools_negative.SubnetPoolsNegativeTestJSON.test_create_subnetpool_associate_address_scope_prefix_intersect [0.339561s] ... ok
{0} neutron.tests.tempest.api.test_subnetpools_negative.SubnetPoolsNegativeTestJSON.test_create_subnetpool_associate_invalid_address_scope [0.021963s] ... ok
{0} neutron.tests.tempest.api.test_subnetpools_negative.SubnetPoolsNegativeTestJSON.test_create_subnetpool_associate_non_exist_address_scope [0.078490s] ... ok
{0} neutron.tests.tempest.api.test_subnetpools_negative.SubnetPoolsNegativeTestJSON.test_delete_non_existent_subnetpool [0.041286s] ... ok
{0} neutron.tests.tempest.api.test_subnetpools_negative.SubnetPoolsNegativeTestJSON.test_get_non_existent_subnetpool [0.034723s] ... ok
{0} neutron.tests.tempest.api.test_subnetpools_negative.SubnetPoolsNegativeTestJSON.test_tenant_create_shared_subnetpool [0.068892s] ... ok
{0} neutron.tests.tempest.api.test_subnetpools_negative.SubnetPoolsNegativeTestJSON.test_tenant_create_subnetpool_associate_shared_address_scope [0.112432s] ... ok
{0} neutron.tests.tempest.api.test_subnetpools_negative.SubnetPoolsNegativeTestJSON.test_tenant_get_not_shared_admin_subnetpool [0.182303s] ... ok
{0} neutron.tests.tempest.api.test_subnetpools_negative.SubnetPoolsNegativeTestJSON.test_tenant_update_sp_prefix_associated_with_shared_addr_scope [0.570762s] ... ok
{0} neutron.tests.tempest.api.test_subnetpools_negative.SubnetPoolsNegativeTestJSON.test_update_non_existent_subnetpool [0.034949s] ... ok
{0} neutron.tests.tempest.api.test_subnetpools_negative.SubnetPoolsNegativeTestJSON.test_update_subnetpool_associate_address_scope_of_other_owner [0.197821s] ... ok
{0} neutron.tests.tempest.api.test_subnetpools_negative.SubnetPoolsNegativeTestJSON.test_update_subnetpool_associate_address_scope_wrong_ip_version [0.232067s] ... ok
{0} neutron.tests.tempest.api.test_subnetpools_negative.SubnetPoolsNegativeTestJSON.test_update_subnetpool_multiple_prefix_intersect [0.437392s] ... ok
{0} neutron.tests.tempest.api.test_subnetpools_negative.SubnetPoolsNegativeTestJSON.test_update_subnetpool_not_modifiable_shared [0.133450s] ... ok
{0} neutron.tests.tempest.api.test_subnetpools_negative.SubnetPoolsNegativeTestJSON.test_update_subnetpool_prefix_intersect [0.424152s] ... ok
{0} neutron.tests.tempest.api.test_subnetpools_negative.SubnetPoolsNegativeTestJSON.test_update_subnetpool_prefixes_shrink [0.191371s] ... ok
{0} neutron.tests.tempest.api.test_subnetpools_negative.SubnetPoolsNegativeTestJSON.test_update_subnetpool_tenant_id [0.133220s] ... ok
{0} neutron.tests.tempest.api.test_subnets.SubnetsSearchCriteriaTest.test_list_no_pagination_limit_0 [0.369537s] ... ok
{0} neutron.tests.tempest.api.test_subnets.SubnetsSearchCriteriaTest.test_list_pagination [0.645238s] ... ok
{0} neutron.tests.tempest.api.test_subnets.SubnetsSearchCriteriaTest.test_list_pagination_page_reverse_asc [0.538465s] ... ok
{0} neutron.tests.tempest.api.test_subnets.SubnetsSearchCriteriaTest.test_list_pagination_page_reverse_desc [0.401481s] ... ok
{0} neutron.tests.tempest.api.test_subnets.SubnetsSearchCriteriaTest.test_list_pagination_page_reverse_with_href_links [0.636685s] ... ok
{0} neutron.tests.tempest.api.test_subnets.SubnetsSearchCriteriaTest.test_list_pagination_with_href_links [2.039999s] ... ok
{0} neutron.tests.tempest.api.test_subnets.SubnetsSearchCriteriaTest.test_list_pagination_with_marker [0.998699s] ... ok
{0} neutron.tests.tempest.api.test_subnets.SubnetsSearchCriteriaTest.test_list_sorts_asc [0.125997s] ... ok
{0} neutron.tests.tempest.api.test_subnets.SubnetsSearchCriteriaTest.test_list_sorts_desc [0.115921s] ... ok
{0} neutron.tests.tempest.api.test_subnets.SubnetsSearchCriteriaTest.test_list_validation_filters [0.119787s] ... ok
{0} neutron.tests.tempest.scenario.test_basic.NetworkBasicTest.test_basic_instance [32.701476s] ... ok
Number of Tests that Ran 288
Number of Tests that Passed 282
Number of Tests that Failed 1
Number of Tests that Skipped 5
Failures/Skips in Test Run. Please review the json file attached
Error: neutron.tests.tempest.api.admin.test_floating_ips_admin_actions.FloatingIPAdminTestJSON.test_associate_floating_ip_with_port_from_another_tenant[id-11116ee9-4e99-5b15-b8e1-aa7df92ca589,negative]   FAIL
Reason of Failure:
========================================
_StringException: Empty attachments:
  stderr
  stdout

pythonlogging:'': {{{
2017-09-05 16:16:58,216 823796 INFO     [tempest.lib.common.rest_client] Request (FloatingIPAdminTestJSON:test_associate_floating_ip_with_port_from_another_tenant): 201 POST http://10.0.0.108:5000/v3/auth/tokens
2017-09-05 16:16:58,217 823796 DEBUG    [tempest.lib.common.rest_client] Request - Headers: {'Content-Type': 'application/json', 'Accept': 'application/json'}
        Body: &lt;omitted&gt;
    Response - Headers: {'status': '201', u'content-length': '9013', 'content-location': 'http://10.0.0.108:5000/v3/auth/tokens', u'x-subject-token': '&lt;omitted&gt;', u'vary': 'X-Auth-Token', u'server': 'Apache', u'connection': 'close', u'date': 'Tue, 05 Sep 2017 16:16:57 GMT', u'content-type': 'application/json', u'x-openstack-request-id': 'req-9f8ee894-c169-4c23-a6ce-f4ef53289e64'}
        Body: {"token": {"is_domain": false, "methods": ["password"], "roles": [{"id": "9fe2ff9ee4384b1894a90878d3e92bab", "name": "_member_"}, {"id": "44ee2f4ace4c494386cf142263148fd4", "name": "admin"}], "expires_at": "2017-09-05T17:16:58.000000Z", "project": {"domain": {"id": "default", "name": "Default"}, "id": "82df73443415414da913955630790a2d", "name": "tempest-FloatingIPAdminTestJSON-717570755"}, "catalog": [{"endpoints": [{"region_id": "regionOne", "url": "http://172.17.1.16:9292", "region": "regionOne", "interface": "admin", "id": "27d6166d8f394d4fac493a9c4ef89ce5"}, {"region_id": "regionOne", "url": "http://10.0.0.108:9292", "region": "regionOne", "interface": "public", "id": "aa791ff83ebd4035898fa9df8e8514a5"}, {"region_id": "regionOne", "url": "http://172.17.1.16:9292", "region": "regionOne", "interface": "internal", "id": "d1e47a8ed2b14799975c185c4a08da30"}], "type": "image", "id": "0a357fc692174dc5996b2e9cbf67dcd5", "name": "glance"}, {"endpoints": [{"region_id": "regionOne", "url": "http://172.17.1.16:8774/v2.1", "region": "regionOne", "interface": "internal", "id": "2320c32062a04adc919eb02afaf89151"}, {"region_id": "regionOne", "url": "http://172.17.1.16:8774/v2.1", "region": "regionOne", "interface": "admin", "id": "796b9dfb56734c83b5e05d15a8a07bdc"}, {"region_id": "regionOne", "url": "http://10.0.0.108:8774/v2.1", "region": "regionOne", "interface": "public", "id": "9c160540176b480ba9ac5b6fd4bbfa88"}], "type": "compute", "id": "12b54079a75a400f8597b90ac934bcd6", "name": "nova"}, {"endpoints": [{"region_id": "regionOne", "url": "http://10.0.0.108:8041", "region": "regionOne", "interface": "public", "id": "4245a7fbd2bd4a499a8bdf013dc6aeac"}, {"region_id": "regionOne", "url": "http://172.17.1.16:8041", "region": "regionOne", "interface": "internal", "id": "5b03fc32c5db4d0497e61c957dc3c9ad"}, {"region_id": "regionOne", "url": "http://172.17.1.16:8041", "region": "regionOne", "interface": "admin", "id": "6ba7325fda124f15a468ee112567cef9"}], "type": "metric", "id": "1fbd60dd25104c949f8c46cea9a1ed95", "name": "gnocchi"}, {"endpoints": [], "type": "metering", "id": "2ac363b0c81c4cddaf24f688e0a3a421", "name": "ceilometer"}, {"endpoints": [{"region_id": "regionOne", "url": "http://172.17.1.16:8977", "region": "regionOne", "interface": "internal", "id": "881f8213a905401f8b2f43417ba2dab8"}, {"region_id": "regionOne", "url": "http://10.0.0.108:8977", "region": "regionOne", "interface": "public", "id": "b42fe3da05504056a7e1a92f6b439304"}, {"region_id": "regionOne", "url": "http://172.17.1.16:8977", "region": "regionOne", "interface": "admin", "id": "c37fad79d41e4677bb66069f241c2dcd"}], "type": "event", "id": "396335d8f564411dab2a306632f38f44", "name": "panko"}, {"endpoints": [{"region_id": "regionOne", "url": "http://10.0.0.108:8776/v2/82df73443415414da913955630790a2d", "region": "regionOne", "interface": "public", "id": "12262cf38297452aace2a8268a0f4b0c"}, {"region_id": "regionOne", "url": "http://172.17.1.16:8776/v2/82df73443415414da913955630790a2d", "region": "regionOne", "interface": "admin", "id": "339502cf73f44afb82cb861281ee28da"}, {"region_id": "regionOne", "url": "http://172.17.1.16:8776/v2/82df73443415414da913955630790a2d", "region": "regionOne", "interface": "internal", "id": "344831d5fa454edd82a944b80da1c0b6"}], "type": "volumev2", "id": "4b63d0206161472880c54a44e7bc44f0", "name": "cinderv2"}, {"endpoints": [{"region_id": "regionOne", "url": "http://10.0.0.108:8000/v1", "region": "regionOne", "interface": "public", "id": "257905d520f6455ba2690bbd8a0da0f3"}, {"region_id": "regionOne", "url": "http://172.17.1.16:8000/v1", "region": "regionOne", "interface": "admin", "id": "609a6ae7b03547f7bd4dfbcbe6855fa8"}, {"region_id": "regionOne", "url": "http://172.17.1.16:8000/v1", "region": "regionOne", "interface": "internal", "id": "e122819c6ab24d04af39cefcb133ab31"}], "type": "cloudformation", "id": "4f2cf8f5425f4498a60a73ed4d42b3ed", "name": "heat-cfn"}, {"endpoints": [{"region_id": "regionOne", "url": "http://172.17.1.16:8004/v1/82df73443415414da913955630790a2d", "region": "regionOne", "interface": "internal", "id": "0b2f3f64
2017-09-05 16:17:00,553 823796 INFO     [tempest.lib.common.rest_client] Request (FloatingIPAdminTestJSON:test_associate_floating_ip_with_port_from_another_tenant): 201 POST http://172.17.1.16:9696/v2.0/floatingips 2.336s
2017-09-05 16:17:00,554 823796 DEBUG    [tempest.lib.common.rest_client] Request - Headers: {'Content-Type': 'application/json', 'Accept': 'application/json', 'X-Auth-Token': '&lt;omitted&gt;'}
        Body: {"floatingip": {"floating_network_id": "7bbc2cef-84fd-4bf9-8ada-c9e1c3a586cf"}}
    Response - Headers: {'status': '201', u'content-length': '470', 'content-location': 'http://172.17.1.16:9696/v2.0/floatingips', u'date': 'Tue, 05 Sep 2017 16:17:00 GMT', u'content-type': 'application/json', u'connection': 'close', u'x-openstack-request-id': 'req-316884a1-2fb0-4b11-a273-5141724825e0'}
        Body: {"floatingip": {"router_id": null, "status": "DOWN", "description": "", "tags": [], "tenant_id": "82df73443415414da913955630790a2d", "created_at": "2017-09-05T16:16:59Z", "updated_at": "2017-09-05T16:16:59Z", "floating_network_id": "7bbc2cef-84fd-4bf9-8ada-c9e1c3a586cf", "fixed_ip_address": null, "floating_ip_address": "10.0.0.218", "revision_number": 0, "project_id": "82df73443415414da913955630790a2d", "port_id": null, "id": "022a5020-d72f-4b20-993c-f01c74560669"}}
2017-09-05 16:17:00,601 823796 INFO     [tempest.lib.common.rest_client] Request (FloatingIPAdminTestJSON:test_associate_floating_ip_with_port_from_another_tenant): 200 POST http://192.168.24.8:35357/v2.0/tenants 0.046s
2017-09-05 16:17:00,601 823796 DEBUG    [tempest.lib.common.rest_client] Request - Headers: {'Content-Type': 'application/json', 'Accept': 'application/json', 'X-Auth-Token': '&lt;omitted&gt;'}
        Body: {"tenant": {"name": "tempest-test_tenant_-1051625004", "description": "tempest-desc_-1811039994"}}
    Response - Headers: {'status': '200', u'content-length': '157', 'content-location': 'http://192.168.24.8:35357/v2.0/tenants', u'vary': 'X-Auth-Token,Accept-Encoding', u'server': 'Apache', u'connection': 'close', u'date': 'Tue, 05 Sep 2017 16:17:00 GMT', u'content-type': 'application/json', u'x-openstack-request-id': 'req-b40d5f73-bee0-4639-b72e-9c42c71d9a46'}
        Body: {"tenant": {"description": "tempest-desc_-1811039994", "enabled": true, "id": "87f72969810b4ad899ba98376875209f", "name": "tempest-test_tenant_-1051625004"}}
2017-09-05 16:17:01,933 823796 INFO     [tempest.lib.common.rest_client] Request (FloatingIPAdminTestJSON:test_associate_floating_ip_with_port_from_another_tenant): 201 POST http://172.17.1.16:9696/v2.0/ports 1.331s
2017-09-05 16:17:01,934 823796 DEBUG    [tempest.lib.common.rest_client] Request - Headers: {'Content-Type': 'application/json', 'Accept': 'application/json', 'X-Auth-Token': '&lt;omitted&gt;'}
        Body: {"port": {"network_id": "9c4e480d-de6d-4f12-8ae9-ca3c1377e971", "tenant_id": "87f72969810b4ad899ba98376875209f"}}
    Response - Headers: {'status': '201', u'content-length': '811', 'content-location': 'http://172.17.1.16:9696/v2.0/ports', u'date': 'Tue, 05 Sep 2017 16:17:01 GMT', u'content-type': 'application/json', u'connection': 'close', u'x-openstack-request-id': 'req-23a018b3-3fca-4b65-87bb-70140cd8beca'}
        Body: {"port":{"allowed_address_pairs":[],"extra_dhcp_opts":[],"updated_at":"2017-09-05T16:17:01Z","device_owner":"","revision_number":4,"binding:profile":{},"port_security_enabled":true,"fixed_ips":[{"subnet_id":"a4846a02-570c-410e-82eb-c5ca0711f712","ip_address":"10.100.0.10"}],"id":"dc422d10-e999-49ce-ae1d-b50d03fa1f8c","security_groups":["2f2671b9-658a-43ae-a26e-aec5cf154c8a"],"binding:vif_details":{},"binding:vif_type":"unbound","mac_address":"fa:16:3e:cc:15:ee","device_id":"","status":"DOWN","binding:host_id":"","description":"","tags":[],"name":"","project_id":"87f72969810b4ad899ba98376875209f","qos_policy_id":null,"admin_state_up":true,"network_id":"9c4e480d-de6d-4f12-8ae9-ca3c1377e971","tenant_id":"87f72969810b4ad899ba98376875209f","created_at":"2017-09-05T16:17:01Z","binding:vnic_type":"normal"}}
2017-09-05 16:17:02,835 823796 INFO     [tempest.lib.common.rest_client] Request (FloatingIPAdminTestJSON:test_associate_floating_ip_with_port_from_another_tenant): 200 PUT http://172.17.1.16:9696/v2.0/floatingips/022a5020-d72f-4b20-993c-f01c74560669 0.899s
2017-09-05 16:17:02,835 823796 DEBUG    [tempest.lib.common.rest_client] Request - Headers: {'X-Auth-Token': '&lt;omitted&gt;'}
        Body: {"floatingip": {"port_id": "dc422d10-e999-49ce-ae1d-b50d03fa1f8c"}}
    Response - Headers: {'status': '200', u'content-length': '547', 'content-location': 'http://172.17.1.16:9696/v2.0/floatingips/022a5020-d72f-4b20-993c-f01c74560669', u'date': 'Tue, 05 Sep 2017 16:17:02 GMT', u'content-type': 'application/json', u'connection': 'close', u'x-openstack-request-id': 'req-b087a614-63be-4b90-8122-66ae64a9248a'}
        Body: {"floatingip": {"router_id": "d707c163-9ffd-46f7-84cc-47d1bf8da555", "status": "DOWN", "description": "", "tags": [], "tenant_id": "82df73443415414da913955630790a2d", "created_at": "2017-09-05T16:16:59Z", "updated_at": "2017-09-05T16:17:02Z", "floating_network_id": "7bbc2cef-84fd-4bf9-8ada-c9e1c3a586cf", "fixed_ip_address": "10.100.0.10", "floating_ip_address": "10.0.0.218", "revision_number": 1, "project_id": "82df73443415414da913955630790a2d", "port_id": "dc422d10-e999-49ce-ae1d-b50d03fa1f8c", "id": "022a5020-d72f-4b20-993c-f01c74560669"}}
2017-09-05 16:17:04,256 823796 INFO     [tempest.lib.common.rest_client] Request (FloatingIPAdminTestJSON:_run_cleanups): 204 DELETE http://172.17.1.16:9696/v2.0/ports/dc422d10-e999-49ce-ae1d-b50d03fa1f8c 1.418s
2017-09-05 16:17:04,257 823796 DEBUG    [tempest.lib.common.rest_client] Request - Headers: {'Content-Type': 'application/json', 'Accept': 'application/json', 'X-Auth-Token': '&lt;omitted&gt;'}
        Body: None
    Response - Headers: {'status': '204', u'content-length': '0', 'content-location': 'http://172.17.1.16:9696/v2.0/ports/dc422d10-e999-49ce-ae1d-b50d03fa1f8c', u'date': 'Tue, 05 Sep 2017 16:17:04 GMT', u'connection': 'close', u'x-openstack-request-id': 'req-cec10930-08b2-48db-8c12-83b3b7028fb2'}
        Body: 
2017-09-05 16:17:04,357 823796 INFO     [tempest.lib.common.rest_client] Request (FloatingIPAdminTestJSON:_run_cleanups): 204 DELETE http://192.168.24.8:35357/v2.0/tenants/87f72969810b4ad899ba98376875209f 0.099s
2017-09-05 16:17:04,358 823796 DEBUG    [tempest.lib.common.rest_client] Request - Headers: {'Content-Type': 'application/json', 'Accept': 'application/json', 'X-Auth-Token': '&lt;omitted&gt;'}
        Body: None
    Response - Headers: {'status': '204', 'content-location': 'http://192.168.24.8:35357/v2.0/tenants/87f72969810b4ad899ba98376875209f', u'vary': 'X-Auth-Token', u'server': 'Apache', u'connection': 'close', u'date': 'Tue, 05 Sep 2017 16:17:04 GMT', u'content-type': 'text/plain', u'x-openstack-request-id': 'req-f7eb499e-f0fe-460d-94e6-fae68aa9e073'}
        Body:
}}}

Traceback (most recent call last):
  File "/usr/lib/python2.7/site-packages/neutron/tests/tempest/api/admin/test_floating_ips_admin_actions.py", line 65, in test_associate_floating_ip_with_port_from_another_tenant
    floating_ip['id'], port_id=port['port']['id'])
  File "/usr/lib/python2.7/site-packages/testtools/testcase.py", line 422, in assertRaises
    self.assertThat(our_callable, matcher)
  File "/usr/lib/python2.7/site-packages/testtools/testcase.py", line 435, in assertThat
    raise mismatch_error
testtools.matchers._impl.MismatchError: &lt;function _update at 0x811aed8&gt; returned {u'floatingip': {u'router_id': u'd707c163-9ffd-46f7-84cc-47d1bf8da555', u'status': u'DOWN', u'description': u'', u'tags': [], u'tenant_id': u'82df73443415414da913955630790a2d', u'created_at': u'2017-09-05T16:16:59Z', u'updated_at': u'2017-09-05T16:17:02Z', u'floating_network_id': u'7bbc2cef-84fd-4bf9-8ada-c9e1c3a586cf', u'fixed_ip_address': u'10.100.0.10', u'floating_ip_address': u'10.0.0.218', u'revision_number': 1, u'project_id': u'82df73443415414da913955630790a2d', u'port_id': u'dc422d10-e999-49ce-ae1d-b50d03fa1f8c', u'id': u'022a5020-d72f-4b20-993c-f01c74560669'}}


Error: neutron.tests.tempest.api.test_networks.NetworksTestJSON.test_create_update_network_dns_domain[id-94e2a44c-3367-4253-8c2a-22deaf59e96c]   SKIP
Error: neutron.tests.tempest.api.test_ports.PortsTestJSON.test_create_update_port_with_no_dns_name[id-435e89df-a8bb-4b41-801a-9f20d362d777]   SKIP
Error: tempest.api.network.test_routers.RoutersIpV6Test.test_create_router_set_gateway_with_fixed_ip[id-cbe42f84-04c2-11e7-8adb-fa163e4fa634]   SKIP
Error: neutron.tests.tempest.api.test_ports.PortsTestJSON.test_create_update_port_with_dns_name[id-539fbefe-fb36-48aa-9a53-8c5fbd44e492]   SKIP
Error: tempest.api.network.test_routers.RoutersTest.test_create_router_set_gateway_with_fixed_ip[id-cbe42f84-04c2-11e7-8adb-fa163e4fa634]   SKIP
</output>
