<output>
Checking installed rpms:
openstack-tempest-16.1.1-0.20170808012534.0fc1454.el7ost.noarch
sos-3.4-6.el7.noarch
python-neutron-tests-11.0.0-0.20170821141644.3441b3f.el7ost.noarch
python-neutron-lbaas-tests-11.0.0-0.20170818025704.bdea6dd.el7ost.noarch
python-ddt-1.0.1-2.el7ost.noarch
python-sahara-tests-7.0.0-0.20170821133416.c07f479.el7ost.noarch
python-neutron-fwaas-tests-11.0.0-0.20170821135612.734e02a.el7ost.noarch
python-manila-tests-5.0.0-0.20170821131529.e391476.el7ost.noarch
python-cinder-tests-11.0.0-0.20170821192443.120fdb0.el7ost.noarch
python-neutron-fwaas-tests-11.0.0-0.20170821135612.734e02a.el7ost.noarch
python-sahara-tests-tempest-0.4.2-0.20170801104045.5aee39c.el7ost.noarch
All required packages installed
Configuring Tempest

2017-09-05 16:31:09.053 954248 INFO tempest [-] Using tempest config file /etc/tempest/tempest.conf


Plugin selected: network
API list selected: neutron_l3_flavors
Running tempest
Running the following tests!!
neutron.tests.tempest.api.admin.test_routers_flavors.RoutersFlavorTestCase.test_badrequest_on_requesting_flags_and_flavor
neutron.tests.tempest.api.admin.test_routers_flavors.RoutersFlavorTestCase.test_delete_router_flavor_in_use
neutron.tests.tempest.api.admin.test_routers_flavors.RoutersFlavorTestCase.test_create_router_with_flavor
ostestr -w whitelist.txt --serial
{0} neutron.tests.tempest.api.admin.test_routers_flavors.RoutersFlavorTestCase.test_badrequest_on_requesting_flags_and_flavor [0.023356s] ... ok
{0} neutron.tests.tempest.api.admin.test_routers_flavors.RoutersFlavorTestCase.test_create_router_with_flavor [1.533105s] ... ok
{0} neutron.tests.tempest.api.admin.test_routers_flavors.RoutersFlavorTestCase.test_delete_router_flavor_in_use [0.219276s] ... ok
Number of Tests that Ran 3
Number of Tests that Passed 3
Number of Tests that Failed 0
Number of Tests that Skipped 0
Below are the tests that have passed
Success: neutron.tests.tempest.api.admin.test_routers_flavors.RoutersFlavorTestCase.test_delete_router_flavor_in_use[id-30e73858-a0fc-409c-a2e0-e9cd2826f6a2]   PASS
Success: neutron.tests.tempest.api.admin.test_routers_flavors.RoutersFlavorTestCase.test_badrequest_on_requesting_flags_and_flavor[id-83939cf7-5070-41bc-9a3e-cd9f22df2186]   PASS
Success: neutron.tests.tempest.api.admin.test_routers_flavors.RoutersFlavorTestCase.test_create_router_with_flavor[id-a4d01977-e968-4983-b4d9-824ea6c33f4b]   PASS
</output>
