<output>
Checking installed rpms:
openstack-tempest-16.1.1-0.20170808012534.0fc1454.el7ost.noarch
sos-3.4-6.el7.noarch
python-neutron-tests-11.0.0-0.20170821141644.3441b3f.el7ost.noarch
python-neutron-lbaas-tests-11.0.0-0.20170818025704.bdea6dd.el7ost.noarch
python-ddt-1.0.1-2.el7ost.noarch
python-sahara-tests-7.0.0-0.20170821133416.c07f479.el7ost.noarch
python-neutron-fwaas-tests-11.0.0-0.20170821135612.734e02a.el7ost.noarch
python-manila-tests-5.0.0-0.20170821131529.e391476.el7ost.noarch
python-cinder-tests-11.0.0-0.20170821192443.120fdb0.el7ost.noarch
python-neutron-fwaas-tests-11.0.0-0.20170821135612.734e02a.el7ost.noarch
python-sahara-tests-tempest-0.4.2-0.20170801104045.5aee39c.el7ost.noarch
All required packages installed
Configuring Tempest

2017-09-05 16:31:32.473 955886 INFO tempest [-] Using tempest config file /etc/tempest/tempest.conf


Plugin selected: network
API list selected: neutron_lbaasv2
Running tempest
Running the following tests!!
neutron_lbaas.tests.tempest.v2.api.test_pools_admin.TestPools.test_create_pool_missing_tenant_id_for_other_tenant
neutron_lbaas.tests.tempest.v2.api.test_load_balancers_non_admin.LoadBalancersTestJSON.test_create_load_balancer_empty_provider_field
neutron_lbaas.tests.tempest.v2.api.test_members_non_admin.MemberTestJSON.test_create_member_empty_protocol_port
neutron_lbaas.tests.tempest.v2.api.test_load_balancers_admin.LoadBalancersTestAdmin.test_create_load_balancer_for_another_tenant
neutron_lbaas.tests.tempest.v2.api.test_pools_non_admin.TestPools.test_list_pools_two
neutron_lbaas.tests.tempest.v2.api.test_pools_non_admin.TestPools.test_create_pool_invalid_session_persistence_field
neutron_lbaas.tests.tempest.v2.api.test_pools_non_admin.TestPools.test_create_pool_empty_admin_state_up
neutron_lbaas.tests.tempest.v2.api.test_health_monitors_non_admin.TestHealthMonitors.test_create_health_monitor
neutron_lbaas.tests.tempest.v2.api.test_health_monitors_non_admin.TestHealthMonitors.test_create_health_monitor_missing_required_field_max_retries
neutron_lbaas.tests.tempest.v2.api.test_health_monitors_non_admin.TestHealthMonitors.test_create_health_monitor_invalid_pool_id
neutron_lbaas.tests.tempest.v2.api.test_pools_non_admin.TestPools.test_create_pool_invalid_desc_field
neutron_lbaas.tests.tempest.v2.api.test_health_monitors_non_admin.TestHealthMonitors.test_create_health_monitor_invalid_type
neutron_lbaas.tests.tempest.v2.api.test_members_non_admin.MemberTestJSON.test_create_member_empty_weight
neutron_lbaas.tests.tempest.v2.api.test_pools_non_admin.TestPools.test_update_pool_missing_admin_state_up
neutron_lbaas.tests.tempest.v2.api.test_pools_non_admin.TestPools.test_update_pool_empty_admin_state_up
neutron_lbaas.tests.tempest.v2.api.test_pools_non_admin.TestPools.test_create_pool_invalid_name_field
neutron_lbaas.tests.tempest.v2.api.test_health_monitors_non_admin.TestHealthMonitors.test_create_health_monitor_missing_url_path
neutron_lbaas.tests.tempest.v2.api.test_members_non_admin.MemberTestJSON.test_raises_exception_on_invalid_attr_on_create
neutron_lbaas.tests.tempest.v2.api.test_load_balancers_non_admin.LoadBalancersTestJSON.test_update_load_balancer
neutron_lbaas.tests.tempest.v2.api.test_listeners_non_admin.ListenersTestJSON.test_create_listener_invalid_protocol
neutron_lbaas.tests.tempest.v2.api.test_health_monitors_non_admin.TestHealthMonitors.test_create_health_monitor_missing_attribute
neutron_lbaas.tests.tempest.v2.api.test_pools_admin.TestPools.test_create_pool_for_another_tenant
neutron_lbaas.tests.tempest.v2.api.test_pools_non_admin.TestPools.test_create_pool_with_session_persistence_redundant_cookie_name
neutron_lbaas.tests.tempest.v2.api.test_members_non_admin.MemberTestJSON.test_update_member_missing_admin_state_up
neutron_lbaas.tests.tempest.v2.api.test_health_monitors_non_admin.TestHealthMonitors.test_create_health_monitor_missing_required_field_delay
neutron_lbaas.tests.tempest.v2.api.test_listeners_non_admin.ListenersTestJSON.test_create_listener_invalid_connection_limit
neutron_lbaas.tests.tempest.v2.api.test_pools_non_admin.TestPools.test_create_pool_with_session_persistence_http_cookie
neutron_lbaas.tests.tempest.v2.api.test_pools_non_admin.TestPools.test_update_pool_invalid_desc
neutron_lbaas.tests.tempest.v2.api.test_pools_non_admin.TestPools.test_create_pool_with_session_persistence_app_cookie
neutron_lbaas.tests.tempest.v2.api.test_health_monitors_non_admin.TestHealthMonitors.test_create_health_monitor_invalid_timeout
neutron_lbaas.tests.tempest.v2.api.test_pools_non_admin.TestPools.test_create_pool_empty_listener_field
neutron_lbaas.tests.tempest.v2.api.test_members_non_admin.MemberTestJSON.test_create_member_empty_address
neutron_lbaas.tests.tempest.v2.api.test_members_non_admin.MemberTestJSON.test_list_empty_members
neutron_lbaas.tests.tempest.v2.api.test_listeners_non_admin.ListenersTestJSON.test_create_listener_empty_description
neutron_lbaas.tests.tempest.v2.api.test_listeners_non_admin.ListenersTestJSON.test_update_listener_empty_admin_state_up
neutron_lbaas.tests.tempest.v2.api.test_pools_admin.TestPools.test_update_pool_sesssion_persistence_app_to_http
neutron_lbaas.tests.tempest.v2.api.test_load_balancers_non_admin.LoadBalancersTestJSON.test_create_load_balancer_missing_admin_state_up
neutron_lbaas.tests.tempest.v2.api.test_members_non_admin.MemberTestJSON.test_create_member_empty_tenant_id
neutron_lbaas.tests.tempest.v2.api.test_listeners_non_admin.ListenersTestJSON.test_create_listener_missing_field_loadbalancer
neutron_lbaas.tests.tempest.v2.api.test_load_balancers_non_admin.LoadBalancersTestJSON.test_update_load_balancer_missing_description
neutron_lbaas.tests.tempest.v2.api.test_members_non_admin.MemberTestJSON.test_update_member_invalid_admin_state_up
neutron_lbaas.tests.tempest.v2.api.test_pools_non_admin.TestPools.test_delete_invalid_pool
neutron_lbaas.tests.tempest.v2.api.test_health_monitors_non_admin.TestHealthMonitors.test_update_health_monitor_missing_delay
neutron_lbaas.tests.tempest.v2.api.test_load_balancers_admin.LoadBalancersTestAdmin.test_create_load_balancer_empty_tenant_id_field
neutron_lbaas.tests.tempest.v2.api.test_health_monitors_non_admin.TestHealthMonitors.test_update_health_monitor_missing_url_path
neutron_lbaas.tests.tempest.v2.api.test_listeners_non_admin.ListenersTestJSON.test_create_listener
neutron_lbaas.tests.tempest.v2.api.test_health_monitors_non_admin.TestHealthMonitors.test_update_health_monitor_invalid_attribute
neutron_lbaas.tests.tempest.v2.api.test_load_balancers_non_admin.LoadBalancersTestJSON.test_create_load_balancer_missing_vip_subnet_id_field
neutron_lbaas.tests.tempest.v2.api.test_listeners_non_admin.ListenersTestJSON.test_create_listener_invalid_admin_state_up
neutron_lbaas.tests.tempest.v2.api.test_listeners_non_admin.ListenersTestJSON.test_update_listener_incorrect_attribute
neutron_lbaas.tests.tempest.v2.api.test_load_balancers_non_admin.LoadBalancersTestJSON.test_create_load_balancer_missing_provider_field
neutron_lbaas.tests.tempest.v2.api.test_health_monitors_non_admin.TestHealthMonitors.test_list_health_monitors_one
neutron_lbaas.tests.tempest.v2.api.test_load_balancers_non_admin.LoadBalancersTestJSON.test_delete_load_balancer
neutron_lbaas.tests.tempest.v2.api.test_health_monitors_non_admin.TestHealthMonitors.test_create_health_monitor_empty_max_retries
neutron_lbaas.tests.tempest.v2.api.test_members_non_admin.MemberTestJSON.test_raises_BadRequest_when_missing_attrs_during_member_create
neutron_lbaas.tests.tempest.v2.api.test_listeners_non_admin.ListenersTestJSON.test_create_listener_empty_load_balancer_id
neutron_lbaas.tests.tempest.v2.api.test_pools_non_admin.TestPools.test_create_pool_incorrect_attribute
neutron_lbaas.tests.tempest.v2.api.test_load_balancers_non_admin.LoadBalancersTestJSON.test_update_load_balancer_empty_name
neutron_lbaas.tests.tempest.v2.api.test_pools_non_admin.TestPools.test_create_pool_invalid_algorithm
neutron_lbaas.tests.tempest.v2.api.test_health_monitors_non_admin.TestHealthMonitors.test_update_health_monitor_missing_expected_codes
neutron_lbaas.tests.tempest.v2.api.test_members_non_admin.MemberTestJSON.test_create_member_missing_required_field_protocol_port
neutron_lbaas.tests.tempest.v2.api.test_load_balancers_non_admin.LoadBalancersTestJSON.test_create_load_balancer
neutron_lbaas.tests.tempest.v2.api.test_health_monitors_non_admin.TestHealthMonitors.test_create_health_monitor_missing_expected_codes
neutron_lbaas.tests.tempest.v2.api.test_health_monitors_non_admin.TestHealthMonitors.test_create_health_monitor_missing_required_field_type
neutron_lbaas.tests.tempest.v2.api.test_health_monitor_admin.TestHealthMonitors.test_create_health_monitor_missing_tenant_id_field
neutron_lbaas.tests.tempest.v2.api.test_pools_non_admin.TestPools.test_create_pool_empty_tenant_field
neutron_lbaas.tests.tempest.v2.api.test_health_monitors_non_admin.TestHealthMonitors.test_delete_health_monitor
neutron_lbaas.tests.tempest.v2.api.test_health_monitors_non_admin.TestHealthMonitors.test_create_health_monitor_extra_attribute
neutron_lbaas.tests.tempest.v2.api.test_members_non_admin.MemberTestJSON.test_update_member_invalid_weight
neutron_lbaas.tests.tempest.v2.api.test_listeners_non_admin.ListenersTestJSON.test_update_listener_missing_description
neutron_lbaas.tests.tempest.v2.api.test_members_admin.MemberTestJSON.test_create_member_invalid_tenant_id
neutron_lbaas.tests.tempest.v2.api.test_listeners_non_admin.ListenersTestJSON.test_create_listener_invalid_description
neutron_lbaas.tests.tempest.v2.api.test_load_balancers_non_admin.LoadBalancersTestJSON.test_get_load_balancer
neutron_lbaas.tests.tempest.v2.api.test_pools_non_admin.TestPools.test_create_pool_missing_lb_algorithm_field
neutron_lbaas.tests.tempest.v2.api.test_members_non_admin.MemberTestJSON.test_raises_exception_on_invalid_attr_on_update
neutron_lbaas.tests.tempest.v2.api.test_health_monitors_non_admin.TestHealthMonitors.test_create_health_monitor_empty_delay
neutron_lbaas.tests.tempest.v2.api.test_load_balancers_non_admin.LoadBalancersTestJSON.test_create_load_balancer_invalid_flavor_field
neutron_lbaas.tests.tempest.v2.api.test_load_balancers_admin.LoadBalancersTestAdmin.test_update_load_balancer_description
neutron_lbaas.tests.tempest.v2.scenario.test_healthmonitor_basic.TestHealthMonitorBasic.test_health_monitor_basic
neutron_lbaas.tests.tempest.v2.api.test_pools_non_admin.TestPools.test_create_pool_empty_session_persistence_field
neutron_lbaas.tests.tempest.v2.api.test_health_monitors_non_admin.TestHealthMonitors.test_update_health_monitor_missing_http_method
neutron_lbaas.tests.tempest.v2.api.test_load_balancers_non_admin.LoadBalancersTestJSON.test_list_load_balancers_two
neutron_lbaas.tests.tempest.v2.api.test_listeners_non_admin.ListenersTestJSON.test_update_listener_missing_connection_limit
neutron_lbaas.tests.tempest.v2.api.test_pools_non_admin.TestPools.test_create_pool_missing_name_field
neutron_lbaas.tests.tempest.v2.api.test_pools_non_admin.TestPools.test_update_pool_invalid_session_persistence
neutron_lbaas.tests.tempest.v2.api.test_health_monitors_non_admin.TestHealthMonitors.test_create_health_monitor_missing_admin_state_up
neutron_lbaas.tests.tempest.v2.api.test_pools_non_admin.TestPools.test_update_pool_empty_name
neutron_lbaas.tests.tempest.v2.api.test_health_monitors_non_admin.TestHealthMonitors.test_create_health_monitor_invalid_url_path
neutron_lbaas.tests.tempest.v2.api.test_pools_non_admin.TestPools.test_delete_pool
neutron_lbaas.tests.tempest.v2.api.test_listeners_non_admin.ListenersTestJSON.test_update_listener_invalid_tenant_id
neutron_lbaas.tests.tempest.v2.api.test_pools_non_admin.TestPools.test_create_pool_missing_description_field
neutron_lbaas.tests.tempest.v2.api.test_listeners_admin.ListenersTestJSON.test_create_listener_empty_tenant_id
neutron_lbaas.tests.tempest.v2.api.test_pools_admin.TestPools.test_delete_pool
neutron_lbaas.tests.tempest.v2.api.test_listeners_admin.ListenersTestJSON.test_create_listener_missing_tenant_id
neutron_lbaas.tests.tempest.v2.api.test_listeners_non_admin.ListenersTestJSON.test_create_listener_empty_protocol_port
neutron_lbaas.tests.tempest.v2.api.test_health_monitors_non_admin.TestHealthMonitors.test_update_health_monitor_invalid_http_method
neutron_lbaas.tests.tempest.v2.api.test_load_balancers_non_admin.LoadBalancersTestJSON.test_update_load_balancer_empty_admin_state_up_field
neutron_lbaas.tests.tempest.v2.api.test_listeners_non_admin.ListenersTestJSON.test_create_listener_missing_field_protocol
neutron_lbaas.tests.tempest.v2.api.test_load_balancers_non_admin.LoadBalancersTestJSON.test_create_load_balancer_empty_vip_address_field
neutron_lbaas.tests.tempest.v2.api.test_members_non_admin.MemberTestJSON.test_update_member_missing_weight
neutron_lbaas.tests.tempest.v2.api.test_pools_non_admin.TestPools.test_update_pool_missing_name
neutron_lbaas.tests.tempest.v2.api.test_health_monitor_admin.TestHealthMonitors.test_create_health_monitor_empty_tenant_id_field
neutron_lbaas.tests.tempest.v2.api.test_load_balancers_non_admin.LoadBalancersTestJSON.test_create_load_balancer_invalid_description
neutron_lbaas.tests.tempest.v2.api.test_pools_non_admin.TestPools.test_update_pool_missing_description
neutron_lbaas.tests.tempest.v2.api.test_health_monitors_non_admin.TestHealthMonitors.test_create_health_monitor_missing_http_method
neutron_lbaas.tests.tempest.v2.api.test_pools_non_admin.TestPools.test_create_pool_with_session_persistence_unsupported_type
neutron_lbaas.tests.tempest.v2.api.test_health_monitors_non_admin.TestHealthMonitors.test_update_health_monitor_extra_attribute
neutron_lbaas.tests.tempest.v2.api.test_listeners_non_admin.ListenersTestJSON.test_create_listener_invalid_name
neutron_lbaas.tests.tempest.v2.api.test_pools_non_admin.TestPools.test_create_pool_invalid_admin_state_up
neutron_lbaas.tests.tempest.v2.api.test_members_non_admin.MemberTestJSON.test_list_3_members
neutron_lbaas.tests.tempest.v2.api.test_pools_non_admin.TestPools.test_update_pool_invalid_admin_state_up
neutron_lbaas.tests.tempest.v2.api.test_pools_non_admin.TestPools.test_update_pool_empty_description
neutron_lbaas.tests.tempest.v2.api.test_members_non_admin.MemberTestJSON.test_create_member_invalid_weight
neutron_lbaas.tests.tempest.v2.api.test_health_monitors_non_admin.TestHealthMonitors.test_update_health_monitor_invalid_delay
neutron_lbaas.tests.tempest.v2.api.test_health_monitors_non_admin.TestHealthMonitors.test_update_health_monitor_empty_empty_http_method
neutron_lbaas.tests.tempest.v2.api.test_load_balancers_non_admin.LoadBalancersTestJSON.test_update_load_balancer_invalid_admin_state_up_field
neutron_lbaas.tests.tempest.v2.api.test_pools_non_admin.TestPools.test_create_pool_invalid_protocol
neutron_lbaas.tests.tempest.v2.api.test_health_monitors_non_admin.TestHealthMonitors.test_update_health_monitor_empty_max_retries
neutron_lbaas.tests.tempest.v2.api.test_load_balancers_admin.LoadBalancersTestAdmin.test_create_load_balancer_missing_tenant_id_for_tenant
neutron_lbaas.tests.tempest.v2.api.test_listeners_non_admin.ListenersTestJSON.test_update_listener_empty_tenant_id
neutron_lbaas.tests.tempest.v2.api.test_listeners_non_admin.ListenersTestJSON.test_update_listener_invalid_admin_state_up
neutron_lbaas.tests.tempest.v2.api.test_pools_non_admin.TestPools.test_update_pool_invalid_attribute
neutron_lbaas.tests.tempest.v2.api.test_load_balancers_non_admin.LoadBalancersTestJSON.test_get_load_balancer_status_tree
neutron_lbaas.tests.tempest.v2.api.test_load_balancers_non_admin.LoadBalancersTestJSON.test_create_load_balancer_invalid_vip_subnet_id
neutron_lbaas.tests.tempest.v2.api.test_health_monitors_non_admin.TestHealthMonitors.test_update_health_monitor_invalid_url_path
neutron_lbaas.tests.tempest.v2.api.test_members_non_admin.MemberTestJSON.test_create_member_missing_required_field_address
neutron_lbaas.tests.tempest.v2.api.test_listeners_non_admin.ListenersTestJSON.test_create_listener_invalid_tenant_id
neutron_lbaas.tests.tempest.v2.api.test_pools_admin.TestPools.test_update_pool_sesssion_persistence_app_cookie
neutron_lbaas.tests.tempest.v2.api.test_listeners_non_admin.ListenersTestJSON.test_update_listener_invalid_description
neutron_lbaas.tests.tempest.v2.api.test_health_monitors_non_admin.TestHealthMonitors.test_update_health_monitor_empty_timeout
neutron_lbaas.tests.tempest.v2.api.test_load_balancers_non_admin.LoadBalancersTestJSON.test_create_load_balancer_incorrect_attribute
neutron_lbaas.tests.tempest.v2.api.test_health_monitors_non_admin.TestHealthMonitors.test_create_health_monitor_invalid_tenant_id
neutron_lbaas.tests.tempest.v2.api.test_listeners_non_admin.ListenersTestJSON.test_create_listener_incorrect_attribute
neutron_lbaas.tests.tempest.v2.api.test_health_monitors_non_admin.TestHealthMonitors.test_create_health_monitor_invalid_http_method
neutron_lbaas.tests.tempest.v2.api.test_health_monitors_non_admin.TestHealthMonitors.test_update_health_monitor_invalid_max_retries
neutron_lbaas.tests.tempest.v2.api.test_health_monitors_non_admin.TestHealthMonitors.test_create_health_monitor_empty_expected_codes
neutron_lbaas.tests.tempest.v2.api.test_pools_non_admin.TestPools.test_create_pool_missing_listener_id_field
neutron_lbaas.tests.tempest.v2.api.test_listeners_admin.ListenersTestJSON.test_create_listener_invalid_tenant_id
neutron_lbaas.tests.tempest.v2.api.test_members_non_admin.MemberTestJSON.test_create_member_missing_required_field_tenant_id
neutron_lbaas.tests.tempest.v2.api.test_pools_non_admin.TestPools.test_update_pool_empty_session_persistence
neutron_lbaas.tests.tempest.v2.api.test_health_monitors_non_admin.TestHealthMonitors.test_update_health_monitor_empty_admin_state_up
neutron_lbaas.tests.tempest.v2.api.test_load_balancers_non_admin.LoadBalancersTestJSON.test_create_load_balancer_empty_tenant_id_field
neutron_lbaas.tests.tempest.v2.api.test_members_non_admin.MemberTestJSON.test_create_member_invalid_subnet_id
neutron_lbaas.tests.tempest.v2.api.test_load_balancers_admin.LoadBalancersTestAdmin.test_delete_load_balancer_for_tenant
neutron_lbaas.tests.tempest.v2.api.test_listeners_non_admin.ListenersTestJSON.test_create_listener_empty_connection_limit
neutron_lbaas.tests.tempest.v2.api.test_listeners_non_admin.ListenersTestJSON.test_update_listener_empty_connection_limit
neutron_lbaas.tests.tempest.v2.api.test_load_balancers_non_admin.LoadBalancersTestJSON.test_list_load_balancers
neutron_lbaas.tests.tempest.v2.api.test_load_balancers_non_admin.LoadBalancersTestJSON.test_update_load_balancer_missing_name
neutron_lbaas.tests.tempest.v2.api.test_health_monitors_non_admin.TestHealthMonitors.test_create_health_monitor_invalid_expected_codes
neutron_lbaas.tests.tempest.v2.api.test_load_balancers_non_admin.LoadBalancersTestJSON.test_create_load_balancer_missing_description
neutron_lbaas.tests.tempest.v2.api.test_members_non_admin.MemberTestJSON.test_raises_immutable_when_updating_immutable_attrs_on_member
neutron_lbaas.tests.tempest.v2.api.test_health_monitors_non_admin.TestHealthMonitors.test_update_health_monitor_invalid_expected_codes
neutron_lbaas.tests.tempest.v2.api.test_health_monitors_non_admin.TestHealthMonitors.test_create_health_monitor_invalid_max_retries
neutron_lbaas.tests.tempest.v2.api.test_health_monitors_non_admin.TestHealthMonitors.test_create_health_monitor_invalid_admin_state_up
neutron_lbaas.tests.tempest.v2.api.test_members_non_admin.MemberTestJSON.test_create_member_nonint_weight
neutron_lbaas.tests.tempest.v2.api.test_health_monitors_non_admin.TestHealthMonitors.test_create_health_monitor_empty_max_pool_id
neutron_lbaas.tests.tempest.v2.scenario.test_session_persistence.TestSessionPersistence.test_session_persistence
neutron_lbaas.tests.tempest.v2.api.test_members_admin.MemberTestJSON.test_create_member_empty_tenant_id
neutron_lbaas.tests.tempest.v2.scenario.test_load_balancer_basic.TestLoadBalancerBasic.test_load_balancer_basic
neutron_lbaas.tests.tempest.v2.api.test_load_balancers_non_admin.LoadBalancersTestJSON.test_update_load_balancer_empty_description
neutron_lbaas.tests.tempest.v2.api.test_listeners_non_admin.ListenersTestJSON.test_list_listeners_two
neutron_lbaas.tests.tempest.v2.api.test_members_non_admin.MemberTestJSON.test_create_member_empty_admin_state_up
neutron_lbaas.tests.tempest.v2.api.test_pools_non_admin.TestPools.test_update_pool_invalid_name
neutron_lbaas.tests.tempest.v2.api.test_members_non_admin.MemberTestJSON.test_create_member_invalid_tenant_id
neutron_lbaas.tests.tempest.v2.scenario.test_listener_basic.TestListenerBasic.test_listener_basic
neutron_lbaas.tests.tempest.v2.api.test_listeners_non_admin.ListenersTestJSON.test_update_listener_empty_description
neutron_lbaas.tests.tempest.v2.api.test_listeners_non_admin.ListenersTestJSON.test_create_listener_empty_admin_state_up
neutron_lbaas.tests.tempest.v2.api.test_pools_non_admin.TestPools.test_create_pool_missing_tenant_field
neutron_lbaas.tests.tempest.v2.api.test_members_non_admin.MemberTestJSON.test_create_member_invalid_admin_state_up
neutron_lbaas.tests.tempest.v2.api.test_load_balancers_non_admin.LoadBalancersTestJSON.test_update_load_balancer_invalid_description
neutron_lbaas.tests.tempest.v2.api.test_health_monitors_non_admin.TestHealthMonitors.test_update_health_monitor_empty_expected_codes
neutron_lbaas.tests.tempest.v2.api.test_listeners_non_admin.ListenersTestJSON.test_update_listener_missing_name
neutron_lbaas.tests.tempest.v2.api.test_load_balancers_non_admin.LoadBalancersTestJSON.test_create_load_balancer_other_tenant_id_field
neutron_lbaas.tests.tempest.v2.api.test_health_monitors_non_admin.TestHealthMonitors.test_list_health_monitors_empty
neutron_lbaas.tests.tempest.v2.api.test_pools_non_admin.TestPools.test_create_pool_missing_protocol_field
neutron_lbaas.tests.tempest.v2.api.test_members_non_admin.MemberTestJSON.test_update_member
neutron_lbaas.tests.tempest.v2.api.test_listeners_non_admin.ListenersTestJSON.test_update_listener_invalid_connection_limit
neutron_lbaas.tests.tempest.v2.api.test_health_monitors_non_admin.TestHealthMonitors.test_create_health_monitor_empty_timeout
neutron_lbaas.tests.tempest.v2.api.test_members_non_admin.MemberTestJSON.test_add_member
neutron_lbaas.tests.tempest.v2.api.test_pools_non_admin.TestPools.test_get_pool
neutron_lbaas.tests.tempest.v2.api.test_load_balancers_non_admin.LoadBalancersTestJSON.test_get_load_balancer_stats
neutron_lbaas.tests.tempest.v2.api.test_health_monitors_non_admin.TestHealthMonitors.test_update_health_monitor_invalid_admin_state_up
neutron_lbaas.tests.tempest.v2.api.test_pools_non_admin.TestPools.test_update_pool_incorrect_attribute
neutron_lbaas.tests.tempest.v2.api.test_pools_non_admin.TestPools.test_create_pool_empty_protocol
neutron_lbaas.tests.tempest.v2.api.test_members_non_admin.MemberTestJSON.test_create_member_missing_required_field_subnet_id
neutron_lbaas.tests.tempest.v2.scenario.test_shared_pools.TestSharedPools.test_shared_pools
neutron_lbaas.tests.tempest.v2.api.test_health_monitors_non_admin.TestHealthMonitors.test_create_health_monitor_empty_max_url_path
neutron_lbaas.tests.tempest.v2.api.test_pools_non_admin.TestPools.test_create_pool_empty_algorithm
neutron_lbaas.tests.tempest.v2.api.test_members_non_admin.MemberTestJSON.test_create_member_invalid_protocol_port
neutron_lbaas.tests.tempest.v2.api.test_health_monitors_non_admin.TestHealthMonitors.test_update_health_monitor_empty_delay
neutron_lbaas.tests.tempest.v2.api.test_listeners_non_admin.ListenersTestJSON.test_create_listener_invalid_protocol_port
neutron_lbaas.tests.tempest.v2.api.test_pools_non_admin.TestPools.test_update_pool
neutron_lbaas.tests.tempest.v2.api.test_pools_admin.TestPools.test_create_pool_missing_tenant_id_for_admin
neutron_lbaas.tests.tempest.v2.api.test_load_balancers_non_admin.LoadBalancersTestJSON.test_create_load_balancer_missing_tenant_id_field
neutron_lbaas.tests.tempest.v2.api.test_listeners_non_admin.ListenersTestJSON.test_create_listener_invalid_load_balancer_id
neutron_lbaas.tests.tempest.v2.api.test_listeners_non_admin.ListenersTestJSON.test_update_listener_empty_name
neutron_lbaas.tests.tempest.v2.api.test_health_monitors_non_admin.TestHealthMonitors.test_create_health_monitor_empty_max_admin_state_up
neutron_lbaas.tests.tempest.v2.api.test_health_monitors_non_admin.TestHealthMonitors.test_update_health_monitor
neutron_lbaas.tests.tempest.v2.api.test_pools_non_admin.TestPools.test_create_pool_empty_name_field
neutron_lbaas.tests.tempest.v2.api.test_load_balancers_non_admin.LoadBalancersTestJSON.test_create_load_balancer_provider_flavor_conflict
neutron_lbaas.tests.tempest.v2.api.test_health_monitors_non_admin.TestHealthMonitors.test_update_health_monitor_missing_admin_state_up
neutron_lbaas.tests.tempest.v2.api.test_pools_non_admin.TestPools.test_list_pools_one
neutron_lbaas.tests.tempest.v2.api.test_pools_non_admin.TestPools.test_update_pool_missing_session_persistence
neutron_lbaas.tests.tempest.v2.api.test_health_monitor_admin.TestHealthMonitors.test_create_health_monitor_for_another_tenant_id_field
neutron_lbaas.tests.tempest.v2.api.test_load_balancers_non_admin.LoadBalancersTestJSON.test_create_load_balancer_missing_vip_address
neutron_lbaas.tests.tempest.v2.api.test_load_balancers_non_admin.LoadBalancersTestJSON.test_create_load_balancer_empty_vip_subnet_id
neutron_lbaas.tests.tempest.v2.api.test_load_balancers_non_admin.LoadBalancersTestJSON.test_create_load_balancer_empty_name
neutron_lbaas.tests.tempest.v2.api.test_load_balancers_admin.LoadBalancersTestAdmin.test_create_load_balancer_missing_tenant_id_field_for_admin
neutron_lbaas.tests.tempest.v2.api.test_load_balancers_non_admin.LoadBalancersTestJSON.test_create_load_balancer_invalid_tenant_id
neutron_lbaas.tests.tempest.v2.api.test_pools_non_admin.TestPools.test_create_pool_invalid_listener_field
neutron_lbaas.tests.tempest.v2.api.test_pools_non_admin.TestPools.test_create_pool_with_session_persistence_without_cookie_name
neutron_lbaas.tests.tempest.v2.api.test_pools_non_admin.TestPools.test_create_pool_invalid_tenant_id_field
neutron_lbaas.tests.tempest.v2.api.test_listeners_non_admin.ListenersTestJSON.test_create_listener_missing_field_protocol_port
neutron_lbaas.tests.tempest.v2.api.test_members_non_admin.MemberTestJSON.test_create_member_invalid_address
neutron_lbaas.tests.tempest.v2.api.test_health_monitors_non_admin.TestHealthMonitors.test_create_health_monitor_empty_type
neutron_lbaas.tests.tempest.v2.api.test_health_monitors_non_admin.TestHealthMonitors.test_create_health_monitor_missing_required_field_timeout
neutron_lbaas.tests.tempest.v2.api.test_load_balancers_non_admin.LoadBalancersTestJSON.test_create_load_balancer_missing_name
neutron_lbaas.tests.tempest.v2.api.test_pools_non_admin.TestPools.test_create_pool_missing_admin_state_up_field
neutron_lbaas.tests.tempest.v2.api.test_health_monitors_non_admin.TestHealthMonitors.test_update_health_monitor_empty_url_path
neutron_lbaas.tests.tempest.v2.api.test_load_balancers_non_admin.LoadBalancersTestJSON.test_create_load_balancer_empty_admin_state_up_field
neutron_lbaas.tests.tempest.v2.api.test_listeners_non_admin.ListenersTestJSON.test_create_listener_missing_admin_state_up
neutron_lbaas.tests.tempest.v2.api.test_load_balancers_non_admin.LoadBalancersTestJSON.test_create_load_balancer_invalid_name
neutron_lbaas.tests.tempest.v2.api.test_listeners_non_admin.ListenersTestJSON.test_create_listener_empty_name
neutron_lbaas.tests.tempest.v2.api.test_listeners_non_admin.ListenersTestJSON.test_create_listener_empty_protocol
neutron_lbaas.tests.tempest.v2.api.test_health_monitors_non_admin.TestHealthMonitors.test_create_health_monitor_invalid_delay
neutron_lbaas.tests.tempest.v2.api.test_pools_non_admin.TestPools.test_list_pools_empty
neutron_lbaas.tests.tempest.v2.api.test_listeners_non_admin.ListenersTestJSON.test_create_listener_empty_tenant_id
neutron_lbaas.tests.tempest.v2.api.test_members_non_admin.MemberTestJSON.test_update_member_empty_admin_state_up
neutron_lbaas.tests.tempest.v2.api.test_health_monitors_non_admin.TestHealthMonitors.test_create_health_monitor_missing_required_field_pool_id
neutron_lbaas.tests.tempest.v2.api.test_pools_non_admin.TestPools.test_create_pool_empty_description_field
neutron_lbaas.tests.tempest.v2.api.test_members_non_admin.MemberTestJSON.test_get_member
neutron_lbaas.tests.tempest.v2.api.test_load_balancers_non_admin.LoadBalancersTestJSON.test_update_load_balancer_invalid_name
neutron_lbaas.tests.tempest.v2.api.test_listeners_non_admin.ListenersTestJSON.test_delete_listener
neutron_lbaas.tests.tempest.v2.api.test_health_monitors_non_admin.TestHealthMonitors.test_update_health_monitor_missing_max_retries
neutron_lbaas.tests.tempest.v2.api.test_health_monitors_non_admin.TestHealthMonitors.test_create_health_monitor_empty_max_http_method
neutron_lbaas.tests.tempest.v2.api.test_load_balancers_non_admin.LoadBalancersTestJSON.test_create_load_balancer_empty_description_field
neutron_lbaas.tests.tempest.v2.api.test_members_non_admin.MemberTestJSON.test_delete_member
neutron_lbaas.tests.tempest.v2.api.test_load_balancers_non_admin.LoadBalancersTestJSON.test_update_load_balancer_incorrect_attribute
neutron_lbaas.tests.tempest.v2.api.test_listeners_non_admin.ListenersTestJSON.test_update_listener_missing_admin_state_up
neutron_lbaas.tests.tempest.v2.api.test_health_monitors_non_admin.TestHealthMonitors.test_get_health_monitor
neutron_lbaas.tests.tempest.v2.api.test_health_monitors_non_admin.TestHealthMonitors.test_update_health_monitor_missing_timeout
neutron_lbaas.tests.tempest.v2.api.test_pools_non_admin.TestPools.test_create_pool_missing_session_pers_field
neutron_lbaas.tests.tempest.v2.api.test_listeners_non_admin.ListenersTestJSON.test_list_listeners
neutron_lbaas.tests.tempest.v2.api.test_members_non_admin.MemberTestJSON.test_create_member_empty_subnet_id
neutron_lbaas.tests.tempest.v2.api.test_load_balancers_non_admin.LoadBalancersTestJSON.test_update_load_balancer_missing_admin_state_up
neutron_lbaas.tests.tempest.v2.api.test_listeners_non_admin.ListenersTestJSON.test_update_listener
neutron_lbaas.tests.tempest.v2.api.test_health_monitors_non_admin.TestHealthMonitors.test_update_health_monitor_invalid_timeout
neutron_lbaas.tests.tempest.v2.api.test_listeners_non_admin.ListenersTestJSON.test_update_listener_invalid_name
neutron_lbaas.tests.tempest.v2.api.test_members_non_admin.MemberTestJSON.test_update_member_empty_weight
neutron_lbaas.tests.tempest.v2.api.test_health_monitors_non_admin.TestHealthMonitors.test_list_health_monitors_two
neutron_lbaas.tests.tempest.v2.api.test_health_monitors_non_admin.TestHealthMonitors.test_create_health_monitor_invalid_attribute
neutron_lbaas.tests.tempest.v2.api.test_listeners_non_admin.ListenersTestJSON.test_get_listener
neutron_lbaas.tests.tempest.v2.api.test_pools_admin.TestPools.test_create_pool_using_empty_tenant_field
neutron_lbaas.tests.tempest.v2.api.test_pools_non_admin.TestPools.test_create_pool
neutron_lbaas.tests.tempest.v2.api.test_pools_non_admin.TestPools.test_create_pool_missing_required_fields
neutron_lbaas.tests.tempest.v2.api.test_pools_non_admin.TestPools.test_create_pool_for_other_tenant_field
ostestr -w whitelist.txt --serial
{0} setUpClass (neutron_lbaas.tests.tempest.v2.api.test_health_monitor_admin.TestHealthMonitors) ... SKIPPED: lbaas extension not enabled.
{0} setUpClass (neutron_lbaas.tests.tempest.v2.api.test_health_monitors_non_admin.TestHealthMonitors) ... SKIPPED: lbaas extension not enabled.
{0} setUpClass (neutron_lbaas.tests.tempest.v2.api.test_listeners_admin.ListenersTestJSON) ... SKIPPED: lbaas extension not enabled.
{0} setUpClass (neutron_lbaas.tests.tempest.v2.api.test_listeners_non_admin.ListenersTestJSON) ... SKIPPED: lbaas extension not enabled.
{0} setUpClass (neutron_lbaas.tests.tempest.v2.api.test_load_balancers_admin.LoadBalancersTestAdmin) ... SKIPPED: lbaas extension not enabled.
{0} setUpClass (neutron_lbaas.tests.tempest.v2.api.test_load_balancers_non_admin.LoadBalancersTestJSON) ... SKIPPED: lbaas extension not enabled.
{0} setUpClass (neutron_lbaas.tests.tempest.v2.api.test_members_admin.MemberTestJSON) ... SKIPPED: lbaas extension not enabled.
{0} setUpClass (neutron_lbaas.tests.tempest.v2.api.test_members_non_admin.MemberTestJSON) ... SKIPPED: lbaas extension not enabled.
{0} setUpClass (neutron_lbaas.tests.tempest.v2.api.test_pools_admin.TestPools) ... SKIPPED: lbaas extension not enabled.
{0} setUpClass (neutron_lbaas.tests.tempest.v2.api.test_pools_non_admin.TestPools) ... SKIPPED: lbaas extension not enabled.
{0} setUpClass (neutron_lbaas.tests.tempest.v2.scenario.test_healthmonitor_basic.TestHealthMonitorBasic) ... SKIPPED: LBaaS Extension is not enabled
{0} setUpClass (neutron_lbaas.tests.tempest.v2.scenario.test_listener_basic.TestListenerBasic) ... SKIPPED: LBaaS Extension is not enabled
{0} setUpClass (neutron_lbaas.tests.tempest.v2.scenario.test_load_balancer_basic.TestLoadBalancerBasic) ... SKIPPED: LBaaS Extension is not enabled
{0} setUpClass (neutron_lbaas.tests.tempest.v2.scenario.test_session_persistence.TestSessionPersistence) ... SKIPPED: LBaaS Extension is not enabled
{0} setUpClass (neutron_lbaas.tests.tempest.v2.scenario.test_shared_pools.TestSharedPools) ... SKIPPED: LBaaS Extension is not enabled
Number of Tests that Ran 15
Number of Tests that Passed 0
Number of Tests that Failed 0
Number of Tests that Skipped 15
Failures/Skips in Test Run. Please review the json file attached
Error: setUpClass (neutron_lbaas.tests.tempest.v2.scenario.test_load_balancer_basic.TestLoadBalancerBasic)   SKIP
Error: setUpClass (neutron_lbaas.tests.tempest.v2.scenario.test_listener_basic.TestListenerBasic)   SKIP
Error: setUpClass (neutron_lbaas.tests.tempest.v2.scenario.test_session_persistence.TestSessionPersistence)   SKIP
Error: setUpClass (neutron_lbaas.tests.tempest.v2.api.test_members_admin.MemberTestJSON)   SKIP
Error: setUpClass (neutron_lbaas.tests.tempest.v2.api.test_load_balancers_admin.LoadBalancersTestAdmin)   SKIP
Error: setUpClass (neutron_lbaas.tests.tempest.v2.api.test_load_balancers_non_admin.LoadBalancersTestJSON)   SKIP
Error: setUpClass (neutron_lbaas.tests.tempest.v2.api.test_listeners_non_admin.ListenersTestJSON)   SKIP
Error: setUpClass (neutron_lbaas.tests.tempest.v2.api.test_listeners_admin.ListenersTestJSON)   SKIP
Error: setUpClass (neutron_lbaas.tests.tempest.v2.api.test_pools_admin.TestPools)   SKIP
Error: setUpClass (neutron_lbaas.tests.tempest.v2.api.test_health_monitor_admin.TestHealthMonitors)   SKIP
Error: setUpClass (neutron_lbaas.tests.tempest.v2.scenario.test_healthmonitor_basic.TestHealthMonitorBasic)   SKIP
Error: setUpClass (neutron_lbaas.tests.tempest.v2.api.test_health_monitors_non_admin.TestHealthMonitors)   SKIP
Error: setUpClass (neutron_lbaas.tests.tempest.v2.api.test_pools_non_admin.TestPools)   SKIP
Error: setUpClass (neutron_lbaas.tests.tempest.v2.api.test_members_non_admin.MemberTestJSON)   SKIP
Error: setUpClass (neutron_lbaas.tests.tempest.v2.scenario.test_shared_pools.TestSharedPools)   SKIP
</output>
