<output>
Checking installed rpms:
openstack-tempest-16.1.1-0.20170808012534.0fc1454.el7ost.noarch
sos-3.4-6.el7.noarch
python-neutron-tests-11.0.0-0.20170821141644.3441b3f.el7ost.noarch
python-neutron-lbaas-tests-11.0.0-0.20170818025704.bdea6dd.el7ost.noarch
python-ddt-1.0.1-2.el7ost.noarch
python-sahara-tests-7.0.0-0.20170821133416.c07f479.el7ost.noarch
python-neutron-fwaas-tests-11.0.0-0.20170821135612.734e02a.el7ost.noarch
python-manila-tests-5.0.0-0.20170821131529.e391476.el7ost.noarch
python-cinder-tests-11.0.0-0.20170821192443.120fdb0.el7ost.noarch
python-neutron-fwaas-tests-11.0.0-0.20170821135612.734e02a.el7ost.noarch
python-sahara-tests-tempest-0.4.2-0.20170801104045.5aee39c.el7ost.noarch
All required packages installed
Configuring Tempest

2017-09-05 16:32:51.048 960994 INFO tempest [-] Using tempest config file /etc/tempest/tempest.conf


Plugin selected: network
API list selected: neutron_metering
Running tempest
Running the following tests!!
tempest.api.network.test_metering_extensions.MeteringTestJSON.test_create_delete_metering_label_with_filters
neutron.tests.tempest.api.test_metering_negative.MeteringNegativeTestJSON.test_create_metering_label_with_too_long_name
tempest.api.network.test_metering_extensions.MeteringTestJSON.test_show_metering_label
neutron.tests.tempest.api.test_metering_extensions.MeteringTestJSON.test_list_metering_labels
neutron.tests.tempest.api.test_metering_extensions.MeteringTestJSON.test_show_metering_label_rule
tempest.api.network.test_metering_extensions.MeteringTestJSON.test_show_metering_label_rule
neutron.tests.tempest.api.test_metering_extensions.MeteringIpV6TestJSON.test_show_metering_label_rule
neutron.tests.tempest.api.test_metering_extensions.MeteringIpV6TestJSON.test_list_metering_label_rules
neutron.tests.tempest.api.test_metering_extensions.MeteringTestJSON.test_create_delete_metering_label_with_filters
neutron.tests.tempest.api.test_metering_extensions.MeteringIpV6TestJSON.test_list_metering_labels
neutron.tests.tempest.api.test_metering_extensions.MeteringIpV6TestJSON.test_create_delete_metering_label_rule_with_filters
tempest.api.network.test_metering_extensions.MeteringTestJSON.test_create_delete_metering_label_rule_with_filters
neutron.tests.tempest.api.test_metering_extensions.MeteringIpV6TestJSON.test_create_delete_metering_label_with_filters
tempest.api.network.test_metering_extensions.MeteringTestJSON.test_list_metering_label_rules
neutron.tests.tempest.api.test_metering_extensions.MeteringTestJSON.test_show_metering_label
tempest.api.network.test_metering_extensions.MeteringIpV6TestJSON.test_show_metering_label_rule
neutron.tests.tempest.api.test_metering_extensions.MeteringTestJSON.test_list_metering_label_rules
neutron.tests.tempest.api.test_metering_extensions.MeteringIpV6TestJSON.test_create_delete_metering_label_with_name_max_length
tempest.api.network.test_metering_extensions.MeteringIpV6TestJSON.test_list_metering_label_rules
neutron.tests.tempest.api.test_metering_extensions.MeteringTestJSON.test_create_delete_metering_label_with_name_max_length
neutron.tests.tempest.api.test_metering_extensions.MeteringIpV6TestJSON.test_show_metering_label
tempest.api.network.test_metering_extensions.MeteringIpV6TestJSON.test_create_delete_metering_label_with_filters
tempest.api.network.test_metering_extensions.MeteringIpV6TestJSON.test_list_metering_labels
tempest.api.network.test_metering_extensions.MeteringIpV6TestJSON.test_create_delete_metering_label_rule_with_filters
tempest.api.network.test_metering_extensions.MeteringIpV6TestJSON.test_show_metering_label
neutron.tests.tempest.api.test_metering_extensions.MeteringTestJSON.test_create_delete_metering_label_rule_with_filters
tempest.api.network.test_metering_extensions.MeteringTestJSON.test_list_metering_labels
ostestr -w whitelist.txt --serial
{0} setUpClass (neutron.tests.tempest.api.test_metering_extensions.MeteringIpV6TestJSON) ... SKIPPED: metering extension not enabled.
{0} setUpClass (neutron.tests.tempest.api.test_metering_extensions.MeteringTestJSON) ... SKIPPED: metering extension not enabled.
{0} setUpClass (neutron.tests.tempest.api.test_metering_negative.MeteringNegativeTestJSON) ... SKIPPED: metering extension not enabled.
Number of Tests that Ran 3
Number of Tests that Passed 0
Number of Tests that Failed 0
Number of Tests that Skipped 3
Failures/Skips in Test Run. Please review the json file attached
Error: setUpClass (neutron.tests.tempest.api.test_metering_extensions.MeteringTestJSON)   SKIP
Error: setUpClass (neutron.tests.tempest.api.test_metering_extensions.MeteringIpV6TestJSON)   SKIP
Error: setUpClass (neutron.tests.tempest.api.test_metering_negative.MeteringNegativeTestJSON)   SKIP
</output>
