<output>
Checking installed rpms:
openstack-tempest-16.1.1-0.20170808012534.0fc1454.el7ost.noarch
sos-3.4-6.el7.noarch
python-neutron-tests-11.0.0-0.20170821141644.3441b3f.el7ost.noarch
python-neutron-lbaas-tests-11.0.0-0.20170818025704.bdea6dd.el7ost.noarch
python-ddt-1.0.1-2.el7ost.noarch
python-sahara-tests-7.0.0-0.20170821133416.c07f479.el7ost.noarch
python-neutron-fwaas-tests-11.0.0-0.20170821135612.734e02a.el7ost.noarch
python-manila-tests-5.0.0-0.20170821131529.e391476.el7ost.noarch
python-cinder-tests-11.0.0-0.20170821192443.120fdb0.el7ost.noarch
python-neutron-fwaas-tests-11.0.0-0.20170821135612.734e02a.el7ost.noarch
python-sahara-tests-tempest-0.4.2-0.20170801104045.5aee39c.el7ost.noarch
All required packages installed
Configuring Tempest

2017-09-05 15:50:16.014 19001 INFO tempest [-] Using tempest config file /etc/tempest/tempest.conf


Plugin selected: network
API list selected: neutron_attribute_extensions
Running tempest
Running the following tests!!
neutron.tests.tempest.api.test_revisions.TestRevisions.test_update_subnet_bumps_network_revision
neutron.tests.tempest.api.test_revisions.TestRevisions.test_update_subnet_bumps_revision
neutron.tests.tempest.api.test_revisions.TestRevisions.test_update_sg_rule_bumps_sg_revision
neutron.tests.tempest.api.test_subnetpools.SubnetPoolsTest.test_create_update_subnetpool_description
neutron.tests.tempest.api.test_timestamp.TestTimeStamp.test_create_subnet_with_timestamp
neutron.tests.tempest.api.test_timestamp.TestTimeStamp.test_show_subnet_attribute_with_timestamp
neutron.tests.tempest.api.test_revisions.TestRevisions.test_update_qos_network_policy_binding_bumps_revision
neutron.tests.tempest.api.test_ports.PortsTestJSON.test_create_update_port_description
neutron.tests.tempest.api.test_revisions.TestRevisions.test_update_port_sg_binding_bumps_revision
neutron.tests.tempest.api.test_trunk.TrunkTestJSON.test_create_update_trunk_with_description
neutron.tests.tempest.api.test_timestamp.TestTimeStamp.test_update_subnetpool_with_timestamp
neutron.tests.tempest.api.test_timestamp.TestTimeStamp.test_update_network_with_timestamp
neutron.tests.tempest.api.test_timestamp.TestTimeStamp.test_create_subnetpool_with_timestamp
neutron.tests.tempest.api.test_timestamp.TestTimeStamp.test_show_port_attribute_with_timestamp
neutron.tests.tempest.api.test_revisions.TestRevisions.test_update_subnetpool_bumps_revision
neutron.tests.tempest.api.test_revisions.TestRevisions.test_update_allowed_address_pairs_bumps_revision
neutron.tests.tempest.api.test_revisions.TestRevisions.test_update_external_network_bumps_revision
neutron.tests.tempest.api.test_revisions.TestRevisions.test_update_floatingip_bumps_revision
tempest.api.network.test_networks.NetworksIpV6Test.test_create_update_network_description
neutron.tests.tempest.api.test_revisions.TestRevisions.test_update_port_security_bumps_revisions
neutron.tests.tempest.api.test_timestamp.TestTimeStampWithL3.test_update_router_with_timestamp
neutron.tests.tempest.api.test_revisions.TestRevisions.test_update_qos_port_policy_binding_bumps_revision
neutron.tests.tempest.api.test_routers.RoutersIpV6Test.test_create_update_router_description
neutron.tests.tempest.api.test_timestamp.TestTimeStampWithL3.test_create_router_with_timestamp
neutron.tests.tempest.api.test_timestamp.TestTimeStampWithSecurityGroup.test_create_sgrule_with_timestamp
neutron.tests.tempest.api.test_revisions.TestRevisions.test_update_network_bumps_revision
neutron.tests.tempest.api.test_revisions.TestRevisions.test_update_port_bumps_revision
neutron.tests.tempest.api.test_revisions.TestRevisions.test_update_router_bumps_revision
neutron.tests.tempest.api.test_timestamp.TestTimeStampWithSecurityGroup.test_show_sg_attribute_with_timestamp
neutron.tests.tempest.api.test_revisions.TestRevisions.test_update_dns_domain_bumps_revision
neutron.tests.tempest.api.test_routers.RoutersTest.test_create_update_router_description
neutron.tests.tempest.api.test_floating_ips.FloatingIPTestJSON.test_create_update_floatingip_description
neutron.tests.tempest.api.test_timestamp.TestTimeStampWithL3.test_update_floatingip_with_timestamp
neutron.tests.tempest.api.test_timestamp.TestTimeStamp.test_create_port_with_timestamp
neutron.tests.tempest.api.test_networks.NetworksTestJSON.test_create_update_network_description
neutron.tests.tempest.api.test_revisions.TestRevisions.test_update_extra_dhcp_opt_bumps_revision
neutron.tests.tempest.api.admin.test_agent_management.AgentManagementTestJSON.test_update_agent_description
neutron.tests.tempest.api.test_timestamp.TestTimeStampWithL3.test_show_floatingip_attribute_with_timestamp
neutron.tests.tempest.api.test_timestamp.TestTimeStampWithSecurityGroup.test_update_sg_with_timestamp
neutron.tests.tempest.api.test_timestamp.TestTimeStampWithSecurityGroup.test_create_sg_with_timestamp
neutron.tests.tempest.api.test_revisions.TestRevisions.test_portbinding_bumps_revision
neutron.tests.tempest.api.test_subnetpools.SubnetPoolsTestV6.test_create_update_subnetpool_description
neutron.tests.tempest.api.test_revisions.TestRevisions.test_update_sg_group_bumps_revision
neutron.tests.tempest.api.test_timestamp.TestTimeStamp.test_update_port_with_timestamp
neutron.tests.tempest.api.test_timestamp.TestTimeStamp.test_create_network_with_timestamp
tempest.api.network.admin.test_agent_management.AgentManagementTestJSON.test_update_agent_description
neutron.tests.tempest.api.test_timestamp.TestTimeStamp.test_update_subnet_with_timestamp
neutron.tests.tempest.api.test_timestamp.TestTimeStamp.test_show_networks_attribute_with_timestamp
neutron.tests.tempest.api.test_timestamp.TestTimeStampWithSecurityGroup.test_show_sgrule_attribute_with_timestamp
neutron.tests.tempest.api.test_timestamp.TestTimeStamp.test_show_subnetpool_attribute_with_timestamp
neutron.tests.tempest.api.test_timestamp.TestTimeStampWithL3.test_create_floatingip_with_timestamp
neutron.tests.tempest.api.test_revisions.TestRevisions.test_update_router_extra_routes_bumps_revision
neutron.tests.tempest.api.test_revisions.TestRevisions.test_update_subnet_service_types_bumps_revisions
tempest.api.network.test_networks.NetworksTest.test_create_update_network_description
neutron.tests.tempest.api.test_timestamp.TestTimeStampWithL3.test_show_router_attribute_with_timestamp
neutron.tests.tempest.api.test_revisions.TestRevisions.test_update_router_extra_attributes_bumps_revision
ostestr -w whitelist.txt --serial
{0} tempest.api.network.admin.test_agent_management.AgentManagementTestJSON.test_update_agent_description [0.363082s] ... ok
{0} tempest.api.network.test_networks.NetworksIpV6Test.test_create_update_network_description [1.839891s] ... ok
{0} tempest.api.network.test_networks.NetworksTest.test_create_update_network_description [2.494673s] ... ok
{0} neutron.tests.tempest.api.admin.test_agent_management.AgentManagementTestJSON.test_update_agent_description [0.359446s] ... ok
{0} neutron.tests.tempest.api.test_floating_ips.FloatingIPTestJSON.test_create_update_floatingip_description [3.393708s] ... ok
{0} neutron.tests.tempest.api.test_ports.PortsTestJSON.test_create_update_port_description [1.972297s] ... ok
{0} neutron.tests.tempest.api.test_revisions.TestRevisions.test_portbinding_bumps_revision [8.912725s] ... ok
{0} neutron.tests.tempest.api.test_revisions.TestRevisions.test_update_allowed_address_pairs_bumps_revision [4.695747s] ... ok
{0} neutron.tests.tempest.api.test_revisions.TestRevisions.test_update_dns_domain_bumps_revision ... SKIPPED: Skipped because network extension: dns-integration is not enabled
{0} neutron.tests.tempest.api.test_revisions.TestRevisions.test_update_external_network_bumps_revision [2.818288s] ... ok
{0} neutron.tests.tempest.api.test_revisions.TestRevisions.test_update_extra_dhcp_opt_bumps_revision [4.093238s] ... ok
{0} neutron.tests.tempest.api.test_revisions.TestRevisions.test_update_floatingip_bumps_revision [17.645384s] ... ok
{0} neutron.tests.tempest.api.test_revisions.TestRevisions.test_update_network_bumps_revision [2.600261s] ... ok
{0} neutron.tests.tempest.api.test_revisions.TestRevisions.test_update_port_bumps_revision [3.553367s] ... ok
{0} neutron.tests.tempest.api.test_revisions.TestRevisions.test_update_port_security_bumps_revisions [6.143485s] ... ok
{0} neutron.tests.tempest.api.test_revisions.TestRevisions.test_update_port_sg_binding_bumps_revision [4.291402s] ... ok
{0} neutron.tests.tempest.api.test_revisions.TestRevisions.test_update_qos_network_policy_binding_bumps_revision ... SKIPPED: Skipped because network extension: qos is not enabled
{0} neutron.tests.tempest.api.test_revisions.TestRevisions.test_update_qos_port_policy_binding_bumps_revision ... SKIPPED: Skipped because network extension: qos is not enabled
{0} neutron.tests.tempest.api.test_revisions.TestRevisions.test_update_router_bumps_revision [9.401991s] ... ok
{0} neutron.tests.tempest.api.test_revisions.TestRevisions.test_update_router_extra_attributes_bumps_revision [8.817126s] ... ok
{0} neutron.tests.tempest.api.test_revisions.TestRevisions.test_update_router_extra_routes_bumps_revision [10.229722s] ... ok
{0} neutron.tests.tempest.api.test_revisions.TestRevisions.test_update_sg_group_bumps_revision [1.008076s] ... ok
{0} neutron.tests.tempest.api.test_revisions.TestRevisions.test_update_sg_rule_bumps_sg_revision [1.143289s] ... ok
{0} neutron.tests.tempest.api.test_revisions.TestRevisions.test_update_subnet_bumps_network_revision [3.531682s] ... ok
{0} neutron.tests.tempest.api.test_revisions.TestRevisions.test_update_subnet_bumps_revision [4.906895s] ... ok
{0} neutron.tests.tempest.api.test_revisions.TestRevisions.test_update_subnet_service_types_bumps_revisions [7.233285s] ... ok
{0} neutron.tests.tempest.api.test_revisions.TestRevisions.test_update_subnetpool_bumps_revision [0.579500s] ... ok
{0} neutron.tests.tempest.api.test_routers.RoutersIpV6Test.test_create_update_router_description [2.129047s] ... ok
{0} neutron.tests.tempest.api.test_routers.RoutersTest.test_create_update_router_description [2.015603s] ... ok
{0} neutron.tests.tempest.api.test_subnetpools.SubnetPoolsTest.test_create_update_subnetpool_description [1.635562s] ... ok
{0} neutron.tests.tempest.api.test_subnetpools.SubnetPoolsTestV6.test_create_update_subnetpool_description [1.275701s] ... ok
{0} neutron.tests.tempest.api.test_timestamp.TestTimeStamp.test_create_network_with_timestamp [1.574394s] ... ok
{0} neutron.tests.tempest.api.test_timestamp.TestTimeStamp.test_create_port_with_timestamp [1.183068s] ... ok
{0} neutron.tests.tempest.api.test_timestamp.TestTimeStamp.test_create_subnet_with_timestamp [1.543614s] ... ok
{0} neutron.tests.tempest.api.test_timestamp.TestTimeStamp.test_create_subnetpool_with_timestamp [0.109173s] ... ok
{0} neutron.tests.tempest.api.test_timestamp.TestTimeStamp.test_show_networks_attribute_with_timestamp [0.886110s] ... ok
{0} neutron.tests.tempest.api.test_timestamp.TestTimeStamp.test_show_port_attribute_with_timestamp [1.931293s] ... ok
{0} neutron.tests.tempest.api.test_timestamp.TestTimeStamp.test_show_subnet_attribute_with_timestamp [1.257465s] ... ok
{0} neutron.tests.tempest.api.test_timestamp.TestTimeStamp.test_show_subnetpool_attribute_with_timestamp [0.130626s] ... ok
{0} neutron.tests.tempest.api.test_timestamp.TestTimeStamp.test_update_network_with_timestamp [2.262371s] ... ok
{0} neutron.tests.tempest.api.test_timestamp.TestTimeStamp.test_update_port_with_timestamp [2.143290s] ... ok
{0} neutron.tests.tempest.api.test_timestamp.TestTimeStamp.test_update_subnet_with_timestamp [1.567208s] ... ok
{0} neutron.tests.tempest.api.test_timestamp.TestTimeStamp.test_update_subnetpool_with_timestamp [0.186095s] ... ok
{0} neutron.tests.tempest.api.test_timestamp.TestTimeStampWithL3.test_create_floatingip_with_timestamp [2.705211s] ... ok
{0} neutron.tests.tempest.api.test_timestamp.TestTimeStampWithL3.test_create_router_with_timestamp [0.447404s] ... ok
{0} neutron.tests.tempest.api.test_timestamp.TestTimeStampWithL3.test_show_floatingip_attribute_with_timestamp [2.120729s] ... ok
{0} neutron.tests.tempest.api.test_timestamp.TestTimeStampWithL3.test_show_router_attribute_with_timestamp [0.331233s] ... ok
{0} neutron.tests.tempest.api.test_timestamp.TestTimeStampWithL3.test_update_floatingip_with_timestamp [2.153820s] ... ok
{0} neutron.tests.tempest.api.test_timestamp.TestTimeStampWithL3.test_update_router_with_timestamp [1.485386s] ... ok
{0} neutron.tests.tempest.api.test_timestamp.TestTimeStampWithSecurityGroup.test_create_sg_with_timestamp [1.649341s] ... ok
{0} neutron.tests.tempest.api.test_timestamp.TestTimeStampWithSecurityGroup.test_create_sgrule_with_timestamp [0.940691s] ... ok
{0} neutron.tests.tempest.api.test_timestamp.TestTimeStampWithSecurityGroup.test_show_sg_attribute_with_timestamp [0.858259s] ... ok
{0} neutron.tests.tempest.api.test_timestamp.TestTimeStampWithSecurityGroup.test_show_sgrule_attribute_with_timestamp [1.012728s] ... ok
{0} neutron.tests.tempest.api.test_timestamp.TestTimeStampWithSecurityGroup.test_update_sg_with_timestamp [0.660446s] ... ok
{0} setUpClass (neutron.tests.tempest.api.test_trunk.TrunkTestJSON) ... SKIPPED: trunk extension not enabled.
Number of Tests that Ran 55
Number of Tests that Passed 51
Number of Tests that Failed 0
Number of Tests that Skipped 4
Failures/Skips in Test Run. Please review the json file attached
Error: neutron.tests.tempest.api.test_revisions.TestRevisions.test_update_qos_network_policy_binding_bumps_revision[id-817da343-c6e4-445c-9519-a621f124dfbe]   SKIP
Error: neutron.tests.tempest.api.test_revisions.TestRevisions.test_update_qos_port_policy_binding_bumps_revision[id-5af6450a-0f61-49c3-b628-38db77c7b856]   SKIP
Error: neutron.tests.tempest.api.test_revisions.TestRevisions.test_update_dns_domain_bumps_revision[id-40ba648f-f374-4c29-a5b7-489dd5a38a4e]   SKIP
Error: setUpClass (neutron.tests.tempest.api.test_trunk.TrunkTestJSON)   SKIP
</output>
