<output>
Checking installed rpms:
openstack-tempest-16.1.1-0.20170808012534.0fc1454.el7ost.noarch
sos-3.4-6.el7.noarch
python-neutron-tests-11.0.0-0.20170821141644.3441b3f.el7ost.noarch
python-neutron-lbaas-tests-11.0.0-0.20170818025704.bdea6dd.el7ost.noarch
python-ddt-1.0.1-2.el7ost.noarch
python-sahara-tests-7.0.0-0.20170821133416.c07f479.el7ost.noarch
python-neutron-fwaas-tests-11.0.0-0.20170821135612.734e02a.el7ost.noarch
python-manila-tests-5.0.0-0.20170821131529.e391476.el7ost.noarch
python-cinder-tests-11.0.0-0.20170821192443.120fdb0.el7ost.noarch
python-neutron-fwaas-tests-11.0.0-0.20170821135612.734e02a.el7ost.noarch
python-sahara-tests-tempest-0.4.2-0.20170801104045.5aee39c.el7ost.noarch
All required packages installed
Configuring Tempest

2017-09-05 16:05:00.320 25335 INFO tempest [-] Using tempest config file /etc/tempest/tempest.conf


Plugin selected: network
API list selected: neutron_mtu
Running tempest
Running the following tests!!
tempest.api.network.test_networks.NetworksIpV6Test.test_show_network_fields
neutron.tests.tempest.api.test_networks.NetworksTestJSON.test_list_networks_fields_keystone_v3
tempest.api.network.test_networks.NetworksIpV6Test.test_list_networks_fields
tempest.api.network.test_networks.NetworksTest.test_show_network_fields
neutron.tests.tempest.api.test_networks.NetworksTestJSON.test_list_networks_fields
neutron.tests.tempest.api.test_networks.NetworksTestJSON.test_show_network_fields
tempest.api.network.test_networks.NetworksTest.test_list_networks_fields
neutron.tests.tempest.api.test_networks.NetworksTestJSON.test_show_network_fields_keystone_v3
ostestr -w whitelist.txt --serial
{0} tempest.api.network.test_networks.NetworksIpV6Test.test_list_networks_fields [0.336460s] ... ok
{0} tempest.api.network.test_networks.NetworksIpV6Test.test_show_network_fields [0.148345s] ... ok
{0} tempest.api.network.test_networks.NetworksTest.test_list_networks_fields [0.148973s] ... ok
{0} tempest.api.network.test_networks.NetworksTest.test_show_network_fields [0.151428s] ... ok
{0} neutron.tests.tempest.api.test_networks.NetworksTestJSON.test_list_networks_fields_keystone_v3 [1.261112s] ... ok
{0} neutron.tests.tempest.api.test_networks.NetworksTestJSON.test_show_network_fields_keystone_v3 [0.501133s] ... ok
Number of Tests that Ran 6
Number of Tests that Passed 6
Number of Tests that Failed 0
Number of Tests that Skipped 0
Below are the tests that have passed
Success: tempest.api.network.test_networks.NetworksIpV6Test.test_list_networks_fields[id-6ae6d24f-9194-4869-9c85-c313cb20e080]   PASS
Success: tempest.api.network.test_networks.NetworksTest.test_show_network_fields[id-867819bb-c4b6-45f7-acf9-90edcf70aa5e]   PASS
Success: neutron.tests.tempest.api.test_networks.NetworksTestJSON.test_show_network_fields_keystone_v3[id-26f2b7a5-2cd1-4f3a-b11f-ad259b099b11]   PASS
Success: tempest.api.network.test_networks.NetworksIpV6Test.test_show_network_fields[id-867819bb-c4b6-45f7-acf9-90edcf70aa5e]   PASS
Success: neutron.tests.tempest.api.test_networks.NetworksTestJSON.test_list_networks_fields_keystone_v3[id-a23186b9-aa6f-4b08-b877-35ca3b9cd54c]   PASS
Success: tempest.api.network.test_networks.NetworksTest.test_list_networks_fields[id-6ae6d24f-9194-4869-9c85-c313cb20e080]   PASS
</output>
