<output>
Checking installed rpms:
openstack-tempest-16.1.1-0.20170808012534.0fc1454.el7ost.noarch
sos-3.4-6.el7.noarch
python-neutron-tests-11.0.0-0.20170821141644.3441b3f.el7ost.noarch
python-neutron-lbaas-tests-11.0.0-0.20170818025704.bdea6dd.el7ost.noarch
python-ddt-1.0.1-2.el7ost.noarch
python-sahara-tests-7.0.0-0.20170821133416.c07f479.el7ost.noarch
python-neutron-fwaas-tests-11.0.0-0.20170821135612.734e02a.el7ost.noarch
python-manila-tests-5.0.0-0.20170821131529.e391476.el7ost.noarch
python-cinder-tests-11.0.0-0.20170821192443.120fdb0.el7ost.noarch
python-neutron-fwaas-tests-11.0.0-0.20170821135612.734e02a.el7ost.noarch
python-sahara-tests-tempest-0.4.2-0.20170801104045.5aee39c.el7ost.noarch
All required packages installed
Configuring Tempest

2017-09-05 16:00:10.633 22483 INFO tempest [-] Using tempest config file /etc/tempest/tempest.conf


Plugin selected: network
API list selected: neutron_l3_extra_route
Running tempest
Running the following tests!!
neutron.tests.tempest.api.test_revisions.TestRevisions.test_update_router_extra_routes_bumps_revision
tempest.api.network.test_routers.RoutersIpV6Test.test_update_delete_extra_route
tempest.api.network.test_routers.RoutersTest.test_update_delete_extra_route
neutron.tests.tempest.api.test_routers.RoutersTest.test_update_extra_route
neutron.tests.tempest.api.test_routers.RoutersIpV6Test.test_update_extra_route
ostestr -w whitelist.txt --serial
{0} tempest.api.network.test_routers.RoutersIpV6Test.test_update_delete_extra_route [27.058262s] ... ok
{0} tempest.api.network.test_routers.RoutersTest.test_update_delete_extra_route [26.892075s] ... ok
{0} neutron.tests.tempest.api.test_revisions.TestRevisions.test_update_router_extra_routes_bumps_revision [11.930409s] ... ok
{0} neutron.tests.tempest.api.test_routers.RoutersIpV6Test.test_update_extra_route [8.803304s] ... ok
{0} neutron.tests.tempest.api.test_routers.RoutersTest.test_update_extra_route [9.008572s] ... ok
Number of Tests that Ran 5
Number of Tests that Passed 5
Number of Tests that Failed 0
Number of Tests that Skipped 0
Below are the tests that have passed
Success: tempest.api.network.test_routers.RoutersIpV6Test.test_update_delete_extra_route[id-c86ac3a8-50bd-4b00-a6b8-62af84a0765c]   PASS
Success: tempest.api.network.test_routers.RoutersTest.test_update_delete_extra_route[id-c86ac3a8-50bd-4b00-a6b8-62af84a0765c]   PASS
Success: neutron.tests.tempest.api.test_routers.RoutersTest.test_update_extra_route[id-c86ac3a8-50bd-4b00-a6b8-62af84a0765c]   PASS
Success: neutron.tests.tempest.api.test_revisions.TestRevisions.test_update_router_extra_routes_bumps_revision[id-8482324f-cf59-4d73-b98e-d37119255300]   PASS
Success: neutron.tests.tempest.api.test_routers.RoutersIpV6Test.test_update_extra_route[id-c86ac3a8-50bd-4b00-a6b8-62af84a0765c]   PASS
</output>
