<output>
Checking installed rpms:
openstack-tempest-16.1.1-0.20170808012534.0fc1454.el7ost.noarch
sos-3.4-6.el7.noarch
python-neutron-tests-11.0.0-0.20170821141644.3441b3f.el7ost.noarch
python-neutron-lbaas-tests-11.0.0-0.20170818025704.bdea6dd.el7ost.noarch
python-ddt-1.0.1-2.el7ost.noarch
python-sahara-tests-7.0.0-0.20170821133416.c07f479.el7ost.noarch
python-neutron-fwaas-tests-11.0.0-0.20170821135612.734e02a.el7ost.noarch
python-manila-tests-5.0.0-0.20170821131529.e391476.el7ost.noarch
python-cinder-tests-11.0.0-0.20170821192443.120fdb0.el7ost.noarch
python-neutron-fwaas-tests-11.0.0-0.20170821135612.734e02a.el7ost.noarch
python-sahara-tests-tempest-0.4.2-0.20170801104045.5aee39c.el7ost.noarch
All required packages installed
Configuring Tempest

2017-09-05 16:12:17.450 27989 INFO tempest [-] Using tempest config file /etc/tempest/tempest.conf


Plugin selected: network
API list selected: neutron_service_types
Running tempest
Running the following tests!!
neutron.tests.tempest.api.test_revisions.TestRevisions.test_update_subnet_service_types_bumps_revisions
tempest.api.network.test_service_providers.ServiceProvidersTest.test_service_providers_list
ostestr -w whitelist.txt --serial
{0} tempest.api.network.test_service_providers.ServiceProvidersTest.test_service_providers_list [0.254994s] ... ok
{0} neutron.tests.tempest.api.test_revisions.TestRevisions.test_update_subnet_service_types_bumps_revisions [7.716293s] ... ok
Number of Tests that Ran 2
Number of Tests that Passed 2
Number of Tests that Failed 0
Number of Tests that Skipped 0
Below are the tests that have passed
Success: tempest.api.network.test_service_providers.ServiceProvidersTest.test_service_providers_list[id-2cbbeea9-f010-40f6-8df5-4eaa0c918ea6]   PASS
Success: neutron.tests.tempest.api.test_revisions.TestRevisions.test_update_subnet_service_types_bumps_revisions[id-6bd18702-e25a-4b4b-8c0c-680113533511]   PASS
</output>
