<output>
Checking installed rpms:
openstack-tempest-16.1.1-0.20170808012534.0fc1454.el7ost.noarch
sos-3.4-6.el7.noarch
python-neutron-tests-11.0.0-0.20170821141644.3441b3f.el7ost.noarch
python-neutron-lbaas-tests-11.0.0-0.20170818025704.bdea6dd.el7ost.noarch
python-ddt-1.0.1-2.el7ost.noarch
python-sahara-tests-7.0.0-0.20170821133416.c07f479.el7ost.noarch
python-neutron-fwaas-tests-11.0.0-0.20170821135612.734e02a.el7ost.noarch
python-manila-tests-5.0.0-0.20170821131529.e391476.el7ost.noarch
python-cinder-tests-11.0.0-0.20170821192443.120fdb0.el7ost.noarch
python-neutron-fwaas-tests-11.0.0-0.20170821135612.734e02a.el7ost.noarch
python-sahara-tests-tempest-0.4.2-0.20170801104045.5aee39c.el7ost.noarch
All required packages installed
Configuring Tempest

2017-09-05 15:31:27.410 697837 INFO tempest [-] Using tempest config file /etc/tempest/tempest.conf


Plugin selected: network
API list selected: neutron_attribute_extensions
Running tempest
Running the following tests!!
neutron.tests.tempest.api.test_revisions.TestRevisions.test_update_subnet_bumps_network_revision
neutron.tests.tempest.api.test_revisions.TestRevisions.test_update_subnet_bumps_revision
neutron.tests.tempest.api.test_revisions.TestRevisions.test_update_sg_rule_bumps_sg_revision
neutron.tests.tempest.api.test_subnetpools.SubnetPoolsTest.test_create_update_subnetpool_description
neutron.tests.tempest.api.test_timestamp.TestTimeStamp.test_create_subnet_with_timestamp
neutron.tests.tempest.api.test_timestamp.TestTimeStamp.test_show_subnet_attribute_with_timestamp
neutron.tests.tempest.api.test_revisions.TestRevisions.test_update_qos_network_policy_binding_bumps_revision
neutron.tests.tempest.api.test_ports.PortsTestJSON.test_create_update_port_description
neutron.tests.tempest.api.test_revisions.TestRevisions.test_update_port_sg_binding_bumps_revision
neutron.tests.tempest.api.test_trunk.TrunkTestJSON.test_create_update_trunk_with_description
neutron.tests.tempest.api.test_timestamp.TestTimeStamp.test_update_subnetpool_with_timestamp
neutron.tests.tempest.api.test_timestamp.TestTimeStamp.test_update_network_with_timestamp
neutron.tests.tempest.api.test_timestamp.TestTimeStamp.test_create_subnetpool_with_timestamp
neutron.tests.tempest.api.test_timestamp.TestTimeStamp.test_show_port_attribute_with_timestamp
neutron.tests.tempest.api.test_revisions.TestRevisions.test_update_subnetpool_bumps_revision
neutron.tests.tempest.api.test_revisions.TestRevisions.test_update_allowed_address_pairs_bumps_revision
neutron.tests.tempest.api.test_revisions.TestRevisions.test_update_external_network_bumps_revision
neutron.tests.tempest.api.test_revisions.TestRevisions.test_update_floatingip_bumps_revision
tempest.api.network.test_networks.NetworksIpV6Test.test_create_update_network_description
neutron.tests.tempest.api.test_revisions.TestRevisions.test_update_port_security_bumps_revisions
neutron.tests.tempest.api.test_timestamp.TestTimeStampWithL3.test_update_router_with_timestamp
neutron.tests.tempest.api.test_revisions.TestRevisions.test_update_qos_port_policy_binding_bumps_revision
neutron.tests.tempest.api.test_routers.RoutersIpV6Test.test_create_update_router_description
neutron.tests.tempest.api.test_timestamp.TestTimeStampWithL3.test_create_router_with_timestamp
neutron.tests.tempest.api.test_timestamp.TestTimeStampWithSecurityGroup.test_create_sgrule_with_timestamp
neutron.tests.tempest.api.test_revisions.TestRevisions.test_update_network_bumps_revision
neutron.tests.tempest.api.test_revisions.TestRevisions.test_update_port_bumps_revision
neutron.tests.tempest.api.test_revisions.TestRevisions.test_update_router_bumps_revision
neutron.tests.tempest.api.test_timestamp.TestTimeStampWithSecurityGroup.test_show_sg_attribute_with_timestamp
neutron.tests.tempest.api.test_revisions.TestRevisions.test_update_dns_domain_bumps_revision
neutron.tests.tempest.api.test_routers.RoutersTest.test_create_update_router_description
neutron.tests.tempest.api.test_floating_ips.FloatingIPTestJSON.test_create_update_floatingip_description
neutron.tests.tempest.api.test_timestamp.TestTimeStampWithL3.test_update_floatingip_with_timestamp
neutron.tests.tempest.api.test_timestamp.TestTimeStamp.test_create_port_with_timestamp
neutron.tests.tempest.api.test_networks.NetworksTestJSON.test_create_update_network_description
neutron.tests.tempest.api.test_revisions.TestRevisions.test_update_extra_dhcp_opt_bumps_revision
neutron.tests.tempest.api.admin.test_agent_management.AgentManagementTestJSON.test_update_agent_description
neutron.tests.tempest.api.test_timestamp.TestTimeStampWithL3.test_show_floatingip_attribute_with_timestamp
neutron.tests.tempest.api.test_timestamp.TestTimeStampWithSecurityGroup.test_update_sg_with_timestamp
neutron.tests.tempest.api.test_timestamp.TestTimeStampWithSecurityGroup.test_create_sg_with_timestamp
neutron.tests.tempest.api.test_revisions.TestRevisions.test_portbinding_bumps_revision
neutron.tests.tempest.api.test_subnetpools.SubnetPoolsTestV6.test_create_update_subnetpool_description
neutron.tests.tempest.api.test_revisions.TestRevisions.test_update_sg_group_bumps_revision
neutron.tests.tempest.api.test_timestamp.TestTimeStamp.test_update_port_with_timestamp
neutron.tests.tempest.api.test_timestamp.TestTimeStamp.test_create_network_with_timestamp
tempest.api.network.admin.test_agent_management.AgentManagementTestJSON.test_update_agent_description
neutron.tests.tempest.api.test_timestamp.TestTimeStamp.test_update_subnet_with_timestamp
neutron.tests.tempest.api.test_timestamp.TestTimeStamp.test_show_networks_attribute_with_timestamp
neutron.tests.tempest.api.test_timestamp.TestTimeStampWithSecurityGroup.test_show_sgrule_attribute_with_timestamp
neutron.tests.tempest.api.test_timestamp.TestTimeStamp.test_show_subnetpool_attribute_with_timestamp
neutron.tests.tempest.api.test_timestamp.TestTimeStampWithL3.test_create_floatingip_with_timestamp
neutron.tests.tempest.api.test_revisions.TestRevisions.test_update_router_extra_routes_bumps_revision
neutron.tests.tempest.api.test_revisions.TestRevisions.test_update_subnet_service_types_bumps_revisions
tempest.api.network.test_networks.NetworksTest.test_create_update_network_description
neutron.tests.tempest.api.test_timestamp.TestTimeStampWithL3.test_show_router_attribute_with_timestamp
neutron.tests.tempest.api.test_revisions.TestRevisions.test_update_router_extra_attributes_bumps_revision
ostestr -w whitelist.txt --serial
{0} tempest.api.network.admin.test_agent_management.AgentManagementTestJSON.test_update_agent_description [0.406740s] ... ok
{0} tempest.api.network.test_networks.NetworksIpV6Test.test_create_update_network_description [1.746632s] ... ok
{0} tempest.api.network.test_networks.NetworksTest.test_create_update_network_description [1.728479s] ... ok
{0} neutron.tests.tempest.api.admin.test_agent_management.AgentManagementTestJSON.test_update_agent_description [0.110903s] ... ok
{0} neutron.tests.tempest.api.test_floating_ips.FloatingIPTestJSON.test_create_update_floatingip_description [4.135997s] ... ok
{0} neutron.tests.tempest.api.test_ports.PortsTestJSON.test_create_update_port_description [2.277109s] ... ok
{0} neutron.tests.tempest.api.test_revisions.TestRevisions.test_portbinding_bumps_revision [7.760830s] ... ok
{0} neutron.tests.tempest.api.test_revisions.TestRevisions.test_update_allowed_address_pairs_bumps_revision [4.671010s] ... ok
{0} neutron.tests.tempest.api.test_revisions.TestRevisions.test_update_dns_domain_bumps_revision ... SKIPPED: Skipped because network extension: dns-integration is not enabled
{0} neutron.tests.tempest.api.test_revisions.TestRevisions.test_update_external_network_bumps_revision [2.810223s] ... ok
{0} neutron.tests.tempest.api.test_revisions.TestRevisions.test_update_extra_dhcp_opt_bumps_revision [4.368873s] ... ok
{0} neutron.tests.tempest.api.test_revisions.TestRevisions.test_update_floatingip_bumps_revision [19.907006s] ... ok
{0} neutron.tests.tempest.api.test_revisions.TestRevisions.test_update_network_bumps_revision [2.442881s] ... ok
{0} neutron.tests.tempest.api.test_revisions.TestRevisions.test_update_port_bumps_revision [3.741590s] ... ok
{0} neutron.tests.tempest.api.test_revisions.TestRevisions.test_update_port_security_bumps_revisions [6.489573s] ... ok
{0} neutron.tests.tempest.api.test_revisions.TestRevisions.test_update_port_sg_binding_bumps_revision [5.732283s] ... ok
{0} neutron.tests.tempest.api.test_revisions.TestRevisions.test_update_qos_network_policy_binding_bumps_revision [2.468734s] ... ok
{0} neutron.tests.tempest.api.test_revisions.TestRevisions.test_update_qos_port_policy_binding_bumps_revision [4.050347s] ... ok
{0} neutron.tests.tempest.api.test_revisions.TestRevisions.test_update_router_bumps_revision [10.671872s] ... ok
{0} neutron.tests.tempest.api.test_revisions.TestRevisions.test_update_router_extra_attributes_bumps_revision [7.595839s] ... ok
{0} neutron.tests.tempest.api.test_revisions.TestRevisions.test_update_router_extra_routes_bumps_revision [11.554886s] ... ok
{0} neutron.tests.tempest.api.test_revisions.TestRevisions.test_update_sg_group_bumps_revision [1.011474s] ... ok
{0} neutron.tests.tempest.api.test_revisions.TestRevisions.test_update_sg_rule_bumps_sg_revision [1.070143s] ... ok
{0} neutron.tests.tempest.api.test_revisions.TestRevisions.test_update_subnet_bumps_network_revision [3.470961s] ... ok
{0} neutron.tests.tempest.api.test_revisions.TestRevisions.test_update_subnet_bumps_revision [5.563792s] ... ok
{0} neutron.tests.tempest.api.test_revisions.TestRevisions.test_update_subnet_service_types_bumps_revisions [5.402269s] ... ok
{0} neutron.tests.tempest.api.test_revisions.TestRevisions.test_update_subnetpool_bumps_revision [0.344874s] ... ok
{0} neutron.tests.tempest.api.test_routers.RoutersIpV6Test.test_create_update_router_description [2.005360s] ... ok
{0} neutron.tests.tempest.api.test_routers.RoutersTest.test_create_update_router_description [2.440574s] ... ok
{0} neutron.tests.tempest.api.test_subnetpools.SubnetPoolsTest.test_create_update_subnetpool_description [1.149914s] ... ok
{0} neutron.tests.tempest.api.test_subnetpools.SubnetPoolsTestV6.test_create_update_subnetpool_description [1.486135s] ... ok
{0} neutron.tests.tempest.api.test_timestamp.TestTimeStamp.test_create_network_with_timestamp [1.429172s] ... ok
{0} neutron.tests.tempest.api.test_timestamp.TestTimeStamp.test_create_port_with_timestamp [1.935953s] ... ok
{0} neutron.tests.tempest.api.test_timestamp.TestTimeStamp.test_create_subnet_with_timestamp [1.349837s] ... ok
{0} neutron.tests.tempest.api.test_timestamp.TestTimeStamp.test_create_subnetpool_with_timestamp [0.135250s] ... ok
{0} neutron.tests.tempest.api.test_timestamp.TestTimeStamp.test_show_networks_attribute_with_timestamp [0.544578s] ... ok
{0} neutron.tests.tempest.api.test_timestamp.TestTimeStamp.test_show_port_attribute_with_timestamp [1.904112s] ... ok
{0} neutron.tests.tempest.api.test_timestamp.TestTimeStamp.test_show_subnet_attribute_with_timestamp [1.261047s] ... ok
{0} neutron.tests.tempest.api.test_timestamp.TestTimeStamp.test_show_subnetpool_attribute_with_timestamp [0.165175s] ... ok
{0} neutron.tests.tempest.api.test_timestamp.TestTimeStamp.test_update_network_with_timestamp [2.031363s] ... ok
{0} neutron.tests.tempest.api.test_timestamp.TestTimeStamp.test_update_port_with_timestamp [2.224957s] ... ok
{0} neutron.tests.tempest.api.test_timestamp.TestTimeStamp.test_update_subnet_with_timestamp [2.038335s] ... ok
{0} neutron.tests.tempest.api.test_timestamp.TestTimeStamp.test_update_subnetpool_with_timestamp [0.234235s] ... ok
{0} neutron.tests.tempest.api.test_timestamp.TestTimeStampWithL3.test_create_floatingip_with_timestamp [2.897458s] ... ok
{0} neutron.tests.tempest.api.test_timestamp.TestTimeStampWithL3.test_create_router_with_timestamp [0.401205s] ... ok
{0} neutron.tests.tempest.api.test_timestamp.TestTimeStampWithL3.test_show_floatingip_attribute_with_timestamp [2.071544s] ... ok
{0} neutron.tests.tempest.api.test_timestamp.TestTimeStampWithL3.test_show_router_attribute_with_timestamp [0.248089s] ... ok
{0} neutron.tests.tempest.api.test_timestamp.TestTimeStampWithL3.test_update_floatingip_with_timestamp [2.210518s] ... ok
{0} neutron.tests.tempest.api.test_timestamp.TestTimeStampWithL3.test_update_router_with_timestamp [0.765225s] ... ok
{0} neutron.tests.tempest.api.test_timestamp.TestTimeStampWithSecurityGroup.test_create_sg_with_timestamp [1.901638s] ... ok
{0} neutron.tests.tempest.api.test_timestamp.TestTimeStampWithSecurityGroup.test_create_sgrule_with_timestamp [0.845910s] ... ok
{0} neutron.tests.tempest.api.test_timestamp.TestTimeStampWithSecurityGroup.test_show_sg_attribute_with_timestamp [0.671039s] ... ok
{0} neutron.tests.tempest.api.test_timestamp.TestTimeStampWithSecurityGroup.test_show_sgrule_attribute_with_timestamp [0.854295s] ... ok
{0} neutron.tests.tempest.api.test_timestamp.TestTimeStampWithSecurityGroup.test_update_sg_with_timestamp [0.753996s] ... ok
{0} neutron.tests.tempest.api.test_trunk.TrunkTestJSON.test_create_update_trunk_with_description [5.479972s] ... ok
Number of Tests that Ran 55
Number of Tests that Passed 54
Number of Tests that Failed 0
Number of Tests that Skipped 1
Failures/Skips in Test Run. Please review the json file attached
Error: neutron.tests.tempest.api.test_revisions.TestRevisions.test_update_dns_domain_bumps_revision[id-40ba648f-f374-4c29-a5b7-489dd5a38a4e]   SKIP
</output>
