<output>
Checking installed rpms:
openstack-tempest-16.1.1-0.20170808012534.0fc1454.el7ost.noarch
sos-3.4-6.el7.noarch
python-neutron-tests-11.0.0-0.20170821141644.3441b3f.el7ost.noarch
python-neutron-lbaas-tests-11.0.0-0.20170818025704.bdea6dd.el7ost.noarch
python-ddt-1.0.1-2.el7ost.noarch
python-sahara-tests-7.0.0-0.20170821133416.c07f479.el7ost.noarch
python-neutron-fwaas-tests-11.0.0-0.20170821135612.734e02a.el7ost.noarch
python-manila-tests-5.0.0-0.20170821131529.e391476.el7ost.noarch
python-cinder-tests-11.0.0-0.20170821192443.120fdb0.el7ost.noarch
python-neutron-fwaas-tests-11.0.0-0.20170821135612.734e02a.el7ost.noarch
python-sahara-tests-tempest-0.4.2-0.20170801104045.5aee39c.el7ost.noarch
All required packages installed
Configuring Tempest

2017-09-05 16:05:37.602 25480 INFO tempest [-] Using tempest config file /etc/tempest/tempest.conf


Plugin selected: network
API list selected: neutron_qos
Running tempest
Running the following tests!!
neutron.tests.tempest.api.test_qos_negative.QosNegativeTestJSON.test_add_policy_with_too_long_name
neutron.tests.tempest.api.test_qos.QosTestJSON.test_policy_create_forbidden_for_regular_tenants
neutron.tests.tempest.api.test_qos.QosBandwidthLimitRuleTestJSON.test_get_rules_by_policy
neutron.tests.tempest.api.test_qos.QosSearchCriteriaTest.test_list_pagination_with_marker
neutron.tests.tempest.api.test_qos.QosBandwidthLimitRuleTestJSON.test_rule_create
neutron.tests.tempest.api.test_qos_negative.QosNegativeTestJSON.test_add_policy_with_too_long_description
neutron.tests.tempest.api.test_qos.QosTestJSON.test_policy_association_with_tenant_network
neutron.tests.tempest.api.test_qos.QosSearchCriteriaTest.test_list_pagination_page_reverse_with_href_links
neutron.tests.tempest.api.test_qos.QosDscpMarkingRuleTestJSON.test_invalid_rule_create
neutron.tests.tempest.api.test_qos.QosBandwidthLimitRuleTestJSON.test_rule_delete
neutron.tests.tempest.api.test_qos.QosSearchCriteriaTest.test_list_pagination_page_reverse_desc
neutron.tests.tempest.api.test_qos.RbacSharedQosPoliciesTest.test_net_bound_shared_policy_wildcard_and_tenant_id_wild_remove
neutron.tests.tempest.api.test_qos_negative.QosNegativeTestJSON.test_add_policy_with_too_long_tenant_id
neutron.tests.tempest.api.test_qos.QosTestJSON.test_policy_association_with_network_non_shared_policy
neutron.tests.tempest.api.test_qos.QosDscpMarkingRuleTestJSON.test_rule_update
neutron.tests.tempest.api.test_qos.QosBandwidthLimitRuleTestJSON.test_rule_create_fail_for_the_same_type
neutron.tests.tempest.api.test_qos.QosMinimumBandwidthRuleTestJSON.test_get_rules_by_policy
neutron.tests.tempest.api.test_qos.QosBandwidthLimitRuleTestJSON.test_rule_create_forbidden_for_regular_tenants
neutron.tests.tempest.api.test_qos.RbacSharedQosPoliciesTest.test_filter_fields
neutron.tests.tempest.api.test_qos.RbacSharedQosPoliciesTest.test_net_bound_shared_policy_wildcard_and_tenant_id_wild_remains
neutron.tests.tempest.api.test_qos.QosDscpMarkingRuleTestJSON.test_rule_create_fail_for_the_same_type
neutron.tests.tempest.api.test_qos.QosBandwidthLimitRuleTestJSON.test_rule_update_forbidden_for_regular_tenants_foreign_policy
neutron.tests.tempest.api.test_qos.QosTestJSON.test_policy_association_with_port_nonexistent_policy
neutron.tests.tempest.api.test_qos.QosMinimumBandwidthRuleTestJSON.test_rule_create_forbidden_for_regular_tenants
neutron.tests.tempest.api.test_qos.QosTestJSON.test_policy_update_forbidden_for_regular_tenants_foreign_policy
neutron.tests.tempest.api.test_qos.QosMinimumBandwidthRuleTestJSON.test_rule_create_fail_for_direction_ingress
neutron.tests.tempest.api.test_qos.QosTestJSON.test_delete_not_allowed_if_policy_in_use_by_network
neutron.tests.tempest.api.test_qos.QosBandwidthLimitRuleTestJSON.test_rule_update
neutron.tests.tempest.api.test_qos.QosTestJSON.test_create_policy
neutron.tests.tempest.api.test_qos.QosTestJSON.test_policy_association_with_admin_network
neutron.tests.tempest.api.test_qos.QosTestJSON.test_delete_not_allowed_if_policy_in_use_by_port
neutron.tests.tempest.api.test_qos.QosTestJSON.test_policy_update_association_with_port_shared_policy
neutron.tests.tempest.api.test_qos.QosTestJSON.test_get_policy_that_is_shared
neutron.tests.tempest.api.test_qos.RbacSharedQosPoliciesTest.test_filter_rbac_policies
neutron.tests.tempest.api.test_qos.QosDscpMarkingRuleTestJSON.test_rule_create
neutron.tests.tempest.api.test_qos.QosSearchCriteriaTest.test_list_pagination_page_reverse_asc
neutron.tests.tempest.api.test_qos.QosSearchCriteriaTest.test_list_pagination_with_href_links
neutron.tests.tempest.api.test_qos.QosDscpMarkingRuleTestJSON.test_rule_delete
neutron.tests.tempest.api.test_qos.QosMinimumBandwidthRuleTestJSON.test_rule_create
neutron.tests.tempest.api.test_qos.QosTestJSON.test_policy_update
neutron.tests.tempest.api.test_qos.QosTestJSON.test_qos_policy_delete_with_rules
neutron.tests.tempest.scenario.test_qos.QoSTest.test_qos
neutron.tests.tempest.api.test_qos.RbacSharedQosPoliciesTest.test_policy_target_update
neutron.tests.tempest.api.test_qos.QosTestJSON.test_delete_policy
neutron.tests.tempest.api.test_qos.QosSearchCriteriaTest.test_list_sorts_asc
neutron.tests.tempest.api.test_qos.QosMinimumBandwidthRuleTestJSON.test_rule_create_fail_for_the_same_type
neutron.tests.tempest.api.test_qos.QosMinimumBandwidthRuleTestJSON.test_rule_create_rule_nonexistent_policy
neutron.tests.tempest.api.test_qos.QosBandwidthLimitRuleTestJSON.test_rule_create_rule_nonexistent_policy
neutron.tests.tempest.api.test_qos.QosDscpMarkingRuleTestJSON.test_rule_create_rule_nonexistent_policy
neutron.tests.tempest.api.test_qos.QosTestJSON.test_policy_update_forbidden_for_regular_tenants_own_policy
neutron.tests.tempest.api.test_qos.QosTestJSON.test_list_policy_filter_by_name
neutron.tests.tempest.api.test_qos.QosBandwidthLimitRuleTestJSON.test_rule_update_forbidden_for_regular_tenants_own_policy
neutron.tests.tempest.api.test_qos.QosMinimumBandwidthRuleTestJSON.test_rule_delete
neutron.tests.tempest.api.test_qos.QosMinimumBandwidthRuleTestJSON.test_rule_update
neutron.tests.tempest.api.test_qos.QosTestJSON.test_policy_update_association_with_admin_network
neutron.tests.tempest.api.test_qos.RbacSharedQosPoliciesTest.test_rbac_policy_show
neutron.tests.tempest.api.test_qos.RbacSharedQosPoliciesTest.test_regular_client_blocked_from_sharing_anothers_policy
neutron.tests.tempest.api.test_qos.QosTestJSON.test_list_admin_rule_types
neutron.tests.tempest.api.test_qos.RbacSharedQosPoliciesTest.test_policy_sharing_with_wildcard_and_tenant_id
neutron.tests.tempest.api.test_qos.QosDscpMarkingRuleTestJSON.test_rule_create_forbidden_for_regular_tenants
neutron.tests.tempest.api.test_qos.QosTestJSON.test_policy_association_with_port_non_shared_policy
neutron.tests.tempest.api.test_qos.QosTestJSON.test_policy_association_with_port_shared_policy
neutron.tests.tempest.api.test_qos.QosTestJSON.test_policy_association_with_network_nonexistent_policy
neutron.tests.tempest.api.test_qos.QosSearchCriteriaTest.test_list_sorts_desc
neutron.tests.tempest.api.test_qos.RbacSharedQosPoliciesTest.test_policy_sharing_with_wildcard
neutron.tests.tempest.api.test_qos.QosTestJSON.test_list_regular_rule_types
neutron.tests.tempest.api.test_qos.QosSearchCriteriaTest.test_list_pagination
neutron.tests.tempest.api.test_qos.QosSearchCriteriaTest.test_list_no_pagination_limit_0
neutron.tests.tempest.api.test_qos.QosDscpMarkingRuleTestJSON.test_get_rules_by_policy
neutron.tests.tempest.api.test_qos.RbacSharedQosPoliciesTest.test_regular_client_shares_to_another_regular_client
neutron.tests.tempest.api.test_qos.QosTestJSON.test_shared_policy_update
neutron.tests.tempest.api.test_qos.QosMinimumBandwidthRuleTestJSON.test_rule_create_fail_for_missing_min_kbps
neutron.tests.tempest.api.test_qos.RbacSharedQosPoliciesTest.test_network_presence_prevents_policy_rbac_policy_deletion
neutron.tests.tempest.api.test_qos.QosTestJSON.test_show_policy_has_project_id
ostestr -w whitelist.txt --serial
{0} setUpClass (neutron.tests.tempest.api.test_qos.QosBandwidthLimitRuleTestJSON) ... SKIPPED: qos extension not enabled.
{0} setUpClass (neutron.tests.tempest.api.test_qos.QosDscpMarkingRuleTestJSON) ... SKIPPED: qos extension not enabled.
{0} setUpClass (neutron.tests.tempest.api.test_qos.QosMinimumBandwidthRuleTestJSON) ... SKIPPED: qos extension not enabled.
{0} setUpClass (neutron.tests.tempest.api.test_qos.QosSearchCriteriaTest) ... SKIPPED: qos extension not enabled.
{0} setUpClass (neutron.tests.tempest.api.test_qos.QosTestJSON) ... SKIPPED: qos extension not enabled.
{0} setUpClass (neutron.tests.tempest.api.test_qos.RbacSharedQosPoliciesTest) ... SKIPPED: qos extension not enabled.
{0} setUpClass (neutron.tests.tempest.api.test_qos_negative.QosNegativeTestJSON) ... SKIPPED: qos extension not enabled.
{0} setUpClass (neutron.tests.tempest.scenario.test_qos.QoSTest) ... SKIPPED: Skipped because network extension: qos is not enabled
Number of Tests that Ran 8
Number of Tests that Passed 0
Number of Tests that Failed 0
Number of Tests that Skipped 8
Failures/Skips in Test Run. Please review the json file attached
Error: setUpClass (neutron.tests.tempest.scenario.test_qos.QoSTest)   SKIP
Error: setUpClass (neutron.tests.tempest.api.test_qos.QosMinimumBandwidthRuleTestJSON)   SKIP
Error: setUpClass (neutron.tests.tempest.api.test_qos_negative.QosNegativeTestJSON)   SKIP
Error: setUpClass (neutron.tests.tempest.api.test_qos.QosTestJSON)   SKIP
Error: setUpClass (neutron.tests.tempest.api.test_qos.QosSearchCriteriaTest)   SKIP
Error: setUpClass (neutron.tests.tempest.api.test_qos.QosDscpMarkingRuleTestJSON)   SKIP
Error: setUpClass (neutron.tests.tempest.api.test_qos.QosBandwidthLimitRuleTestJSON)   SKIP
Error: setUpClass (neutron.tests.tempest.api.test_qos.RbacSharedQosPoliciesTest)   SKIP
</output>
