<output>
Checking installed rpms:
openstack-tempest-16.1.1-0.20170808012534.0fc1454.el7ost.noarch
sos-3.4-6.el7.noarch
python-neutron-tests-11.0.0-0.20170821141644.3441b3f.el7ost.noarch
python-neutron-lbaas-tests-11.0.0-0.20170818025704.bdea6dd.el7ost.noarch
python-ddt-1.0.1-2.el7ost.noarch
python-sahara-tests-7.0.0-0.20170821133416.c07f479.el7ost.noarch
python-neutron-fwaas-tests-11.0.0-0.20170821135612.734e02a.el7ost.noarch
python-manila-tests-5.0.0-0.20170821131529.e391476.el7ost.noarch
python-cinder-tests-11.0.0-0.20170821192443.120fdb0.el7ost.noarch
python-neutron-fwaas-tests-11.0.0-0.20170821135612.734e02a.el7ost.noarch
python-sahara-tests-tempest-0.4.2-0.20170801104045.5aee39c.el7ost.noarch
All required packages installed
Configuring Tempest

2017-09-05 15:42:14.336 742661 INFO tempest [-] Using tempest config file /etc/tempest/tempest.conf


Plugin selected: network
API list selected: neutron_ipv4
Running tempest
Running the following tests!!
neutron.tests.tempest.api.test_routers.RoutersSearchCriteriaTest.test_list_pagination
tempest.api.network.test_networks.NetworksTest.test_update_subnet_gw_dns_host_routes_dhcp
tempest.api.network.admin.test_negative_quotas.QuotasNegativeTest.test_network_quota_exceeding
neutron.tests.tempest.api.test_ports.PortsTestJSON.test_add_ips_to_port
neutron.tests.tempest.api.test_routers.RoutersSearchCriteriaTest.test_list_pagination_page_reverse_asc
neutron.tests.tempest.api.test_subnetpools.SubnetPoolsTest.test_show_subnetpool_has_project_id
neutron.tests.tempest.api.test_subnetpools.SubnetPoolsTest.test_update_subnetpool_associate_another_address_scope
neutron.tests.tempest.api.test_subnetpools.SubnetPoolsTestV6.test_update_subnetpool_disassociate_address_scope
neutron.tests.tempest.api.admin.test_quotas_negative.QuotasAdminNegativeTestJSON.test_create_port_when_quotas_is_full
neutron.tests.tempest.api.test_routers_negative.RoutersNegativeTest.test_delete_router_in_use
neutron.tests.tempest.api.test_ports.PortsTestJSON.test_create_update_port_with_dns_name
tempest.api.network.test_ports.PortsTestJSON.test_create_update_port_with_second_ip
neutron.tests.tempest.api.test_subnets.SubnetsSearchCriteriaTest.test_list_no_pagination_limit_0
tempest.api.network.test_ports.PortsAdminExtendedAttrsTestJSON.test_list_ports_binding_ext_attr
tempest.api.network.test_networks.NetworksTest.test_list_subnets
tempest.api.network.test_allowed_address_pair.AllowedAddressPairTestJSON.test_update_port_with_address_pair
tempest.api.network.test_versions.NetworksApiDiscovery.test_api_version_resources
tempest.api.network.test_routers_negative.RoutersNegativeTest.test_router_add_gateway_invalid_network_returns_404
tempest.api.network.test_floating_ips_negative.FloatingIPNegativeTestJSON.test_associate_floatingip_port_ext_net_unreachable
neutron.tests.tempest.api.test_subnetpools.SubnetPoolsTestV6.test_update_subnetpool_associate_another_address_scope
neutron.tests.tempest.api.test_subnetpools.SubnetPoolsTest.test_create_subnetpool_associate_address_scope
neutron.tests.tempest.api.test_subnetpools.SubnetPoolsTest.test_update_subnetpool_associate_address_scope
neutron.tests.tempest.api.test_networks.NetworksSearchCriteriaTest.test_list_pagination_page_reverse_asc
neutron.tests.tempest.api.test_networks.NetworksTestJSON.test_create_update_network_description
neutron.tests.tempest.api.test_subnetpools.SubnetPoolsTestV6.test_update_subnetpool_prefixes_extend
neutron.tests.tempest.api.test_subnetpools_negative.SubnetPoolsNegativeTestJSON.test_update_non_existent_subnetpool
neutron.tests.tempest.api.test_subnetpools.SubnetPoolsTest.test_create_list_subnetpool
neutron.tests.tempest.api.admin.test_quotas.QuotasTest.test_quotas
neutron.tests.tempest.api.test_subnetpools.SubnetPoolsTest.test_update_subnetpool_prefixes_extend
neutron.tests.tempest.api.test_routers.RoutersTest.test_network_attached_with_two_routers
tempest.api.network.test_ports.PortsTestJSON.test_show_port
neutron.tests.tempest.api.test_routers.RoutersTest.test_create_router_with_snat_explicit
neutron.tests.tempest.api.test_networks.NetworksSearchCriteriaTest.test_list_pagination_page_reverse_with_href_links
tempest.api.network.test_networks_negative.NetworksNegativeTestJSON.test_delete_non_existent_network
neutron.tests.tempest.api.test_routers.RoutersTest.test_update_router_set_gateway_without_snat
tempest.api.network.test_routers.RoutersTest.test_update_router_admin_state
neutron.tests.tempest.api.test_subnetpools_negative.SubnetPoolsNegativeTestJSON.test_tenant_create_subnetpool_associate_shared_address_scope
tempest.api.network.test_networks.BulkNetworkOpsTest.test_bulk_create_delete_network
neutron.tests.tempest.api.test_subnetpools_negative.SubnetPoolsNegativeTestJSON.test_update_subnetpool_prefixes_shrink
neutron.tests.tempest.api.test_subnetpools.SubnetPoolsTestV6.test_create_subnet_from_pool_with_default_prefixlen
tempest.api.network.test_ports.PortsTestJSON.test_update_port_with_security_group_and_extra_attributes
tempest.api.network.test_allowed_address_pair.AllowedAddressPairTestJSON.test_update_port_with_multiple_ip_mac_address_pair
tempest.api.network.test_ports.PortsTestJSON.test_update_port_with_two_security_groups_and_extra_attributes
neutron.tests.tempest.api.test_subnetpools.SubnetPoolsTest.test_admin_create_shared_subnetpool
tempest.api.network.test_networks_negative.NetworksNegativeTestJSON.test_show_non_existent_subnet
tempest.api.network.test_ports.PortsTestJSON.test_show_port_fields
tempest.api.network.test_floating_ips_negative.FloatingIPNegativeTestJSON.test_create_floatingip_in_private_network
neutron.tests.tempest.api.test_subnetpools_negative.SubnetPoolsNegativeTestJSON.test_update_subnetpool_prefix_intersect
tempest.api.network.test_networks_negative.NetworksNegativeTestJSON.test_show_non_existent_port
neutron.tests.tempest.api.test_networks.NetworksTestJSON.test_create_update_network_dns_domain
tempest.api.network.test_routers.RoutersTest.test_create_router_with_default_snat_value
neutron.tests.tempest.api.test_networks.NetworksSearchCriteriaTest.test_list_validation_filters
neutron.tests.tempest.api.test_subnetpools_negative.SubnetPoolsNegativeTestJSON.test_update_subnetpool_associate_address_scope_of_other_owner
tempest.api.network.admin.test_external_network_extension.ExternalNetworksTestJSON.test_show_external_networks_attribute
tempest.api.network.test_networks.NetworksTest.test_create_delete_subnet_all_attributes
tempest.api.network.test_networks.NetworksTest.test_create_update_network_description
neutron.tests.tempest.api.test_networks.NetworksSearchCriteriaTest.test_list_pagination
neutron.tests.tempest.api.test_routers.RoutersSearchCriteriaTest.test_list_pagination_with_href_links
neutron.tests.tempest.api.test_subnetpools.SubnetPoolsTest.test_create_subnet_from_pool_with_prefixlen
neutron.tests.tempest.api.admin.test_quotas_negative.QuotasAdminNegativeTestJSON.test_create_security_group_when_quotas_is_full
neutron.tests.tempest.api.test_subnets.SubnetsSearchCriteriaTest.test_list_validation_filters
neutron.tests.tempest.api.test_networks.NetworksSearchCriteriaTest.test_list_no_pagination_limit_0
neutron.tests.tempest.api.test_subnets.SubnetsSearchCriteriaTest.test_list_pagination_page_reverse_with_href_links
neutron.tests.tempest.api.test_subnetpools.SubnetPoolsTest.test_create_subnet_from_pool_with_subnet_cidr
neutron.tests.tempest.api.test_subnetpools.SubnetPoolsTest.test_update_subnetpool_prefixes_append
tempest.api.network.test_routers_negative.RoutersNegativeTest.test_router_add_gateway_net_not_external_returns_400
tempest.api.network.test_floating_ips.FloatingIPTestJSON.test_create_update_floatingip_with_port_multiple_ip_address
tempest.api.network.admin.test_external_network_extension.ExternalNetworksTestJSON.test_create_external_network
neutron.tests.tempest.api.test_subnetpools.SubnetPoolsTest.test_update_subnetpool_disassociate_address_scope
neutron.tests.tempest.api.test_allowed_address_pair.AllowedAddressPairTestJSON.test_update_port_with_cidr_address_pair
neutron.tests.tempest.api.test_subnets.SubnetsSearchCriteriaTest.test_list_pagination_with_href_links
neutron.tests.tempest.api.test_floating_ips.FloatingIPTestJSON.test_create_update_floatingip_description
tempest.api.network.test_routers_negative.RoutersNegativeTest.test_add_router_interfaces_on_overlapping_subnets_returns_400
tempest.api.network.test_networks.NetworksTest.test_create_update_delete_network_subnet
tempest.api.network.test_routers.RoutersTest.test_add_remove_router_interface_with_subnet_id
tempest.api.network.test_routers_negative.RoutersNegativeTest.test_delete_non_existent_router_returns_404
neutron.tests.tempest.api.test_routers.RoutersTest.test_update_router_reset_gateway_without_snat
neutron.tests.tempest.api.test_networks.NetworksSearchCriteriaTest.test_list_sorts_asc
tempest.api.network.test_networks.NetworksTest.test_show_network
neutron.tests.tempest.api.test_allowed_address_pair.AllowedAddressPairTestJSON.test_create_list_port_with_address_pair
tempest.api.network.test_networks.NetworksTest.test_delete_network_with_subnet
neutron.tests.tempest.api.test_subnets.SubnetsSearchCriteriaTest.test_list_pagination_page_reverse_desc
tempest.api.network.test_ports.PortsTestJSON.test_port_list_filter_by_ip
tempest.api.network.test_routers.RoutersTest.test_update_router_set_gateway_with_snat_explicit
neutron.tests.tempest.api.test_subnetpools.SubnetPoolsTestV6.test_create_subnet_from_pool_with_prefixlen
tempest.api.network.test_networks_negative.NetworksNegativeTestJSON.test_update_non_existent_network
neutron.tests.tempest.api.test_subnets.SubnetsSearchCriteriaTest.test_list_sorts_desc
neutron.tests.tempest.api.test_subnetpools.SubnetPoolsTestV6.test_update_subnetpool_associate_address_scope
neutron.tests.tempest.api.admin.test_networks.NetworksTestAdmin.test_admin_create_network_keystone_v3_and_other_tenant
tempest.api.network.admin.test_external_networks_negative.ExternalNetworksAdminNegativeTestJSON.test_create_port_with_precreated_floatingip_as_fixed_ip
neutron.tests.tempest.api.test_subnetpools.SubnetPoolsTestV6.test_create_update_subnetpool_description
neutron.tests.tempest.api.admin.test_shared_network_extension.AllowedAddressPairSharedNetworkTest.test_update_with_address_pair_blocked_on_other_network
neutron.tests.tempest.api.test_subnetpools.SubnetPoolsTestV6.test_create_subnet_from_pool_with_quota
neutron.tests.tempest.api.test_ports.PortsTestJSON.test_create_update_port_with_no_dns_name
neutron.tests.tempest.api.test_ports.PortsTestJSON.test_change_dhcp_flag_then_create_port
neutron.tests.tempest.api.admin.test_floating_ips_admin_actions.FloatingIPAdminTestJSON.test_create_floatingip_with_specified_ip_address
neutron.tests.tempest.api.test_ports.PortsTestJSON.test_create_update_port_description
tempest.api.network.test_networks.NetworksTest.test_create_delete_subnet_with_gw
tempest.api.network.test_networks.NetworksTest.test_create_delete_subnet_with_dhcp_enabled
neutron.tests.tempest.api.admin.test_quotas_negative.QuotasAdminNegativeTestJSON.test_create_network_when_quotas_is_full
tempest.api.network.test_routers.RoutersTest.test_update_router_set_gateway_without_snat
tempest.api.network.test_routers.RoutersTest.test_create_router_with_snat_explicit
tempest.api.network.test_floating_ips.FloatingIPTestJSON.test_create_list_show_update_delete_floating_ip
neutron.tests.tempest.api.test_subnetpools_negative.SubnetPoolsNegativeTestJSON.test_create_subnetpool_associate_invalid_address_scope
neutron.tests.tempest.api.admin.test_quotas_negative.QuotasAdminNegativeTestJSON.test_create_subnet_when_quotas_is_full
neutron.tests.tempest.api.test_routers.RoutersSearchCriteriaTest.test_list_sorts_desc
neutron.tests.tempest.api.test_networks.NetworksSearchCriteriaTest.test_list_pagination_with_marker
tempest.api.network.test_ports.PortsTestJSON.test_list_ports_fields
tempest.api.network.test_routers.RoutersTest.test_add_multiple_router_interfaces
tempest.api.network.test_routers.RoutersTest.test_create_show_list_update_delete_router
neutron.tests.tempest.api.test_networks.NetworksTestJSON.test_show_network_fields
tempest.api.network.test_networks.NetworksTest.test_list_networks_fields
neutron.tests.tempest.scenario.test_basic.NetworkBasicTest.test_basic_instance
neutron.tests.tempest.api.test_subnets.SubnetsSearchCriteriaTest.test_list_pagination_page_reverse_asc
neutron.tests.tempest.api.test_allowed_address_pair.AllowedAddressPairTestJSON.test_update_port_with_multiple_ip_mac_address_pair
neutron.tests.tempest.api.test_subnetpools.SubnetPoolsTestV6.test_create_subnet_from_pool_with_subnet_cidr
neutron.tests.tempest.api.test_subnetpools_negative.SubnetPoolsNegativeTestJSON.test_create_subnetpool_associate_address_scope_of_other_owner
tempest.api.network.test_networks.NetworksTest.test_show_subnet_fields
neutron.tests.tempest.api.test_subnetpools_negative.SubnetPoolsNegativeTestJSON.test_tenant_create_shared_subnetpool
tempest.api.network.test_ports.PortsTestJSON.test_port_list_filter_by_router_id
neutron.tests.tempest.api.test_routers.RoutersTest.test_create_router_with_default_snat_value
neutron.tests.tempest.api.admin.test_quotas_negative.QuotasAdminNegativeTestJSON.test_create_floatingip_when_quotas_is_full
neutron.tests.tempest.api.admin.test_quotas_negative.QuotasAdminNegativeTestJSON.test_create_router_when_quotas_is_full
neutron.tests.tempest.api.test_subnetpools.SubnetPoolsTestV6.test_create_dual_stack_subnets_from_subnetpools
tempest.api.network.test_allowed_address_pair.AllowedAddressPairTestJSON.test_create_list_port_with_address_pair
tempest.api.network.admin.test_quotas.QuotasTest.test_quotas
neutron.tests.tempest.api.test_subnets.SubnetsSearchCriteriaTest.test_list_pagination
tempest.api.network.admin.test_external_network_extension.ExternalNetworksTestJSON.test_list_external_networks
neutron.tests.tempest.api.test_subnetpools_negative.SubnetPoolsNegativeTestJSON.test_create_subnet_different_pools_same_network
neutron.tests.tempest.api.test_subnetpools.SubnetPoolsTestV6.test_update_subnetpool_prefixes_append
neutron.tests.tempest.api.test_subnetpools_negative.SubnetPoolsNegativeTestJSON.test_delete_non_existent_subnetpool
tempest.api.network.test_routers.RoutersTest.test_create_router_set_gateway_with_fixed_ip
tempest.api.network.test_routers.RoutersTest.test_update_router_unset_gateway
neutron.tests.tempest.api.test_subnets.SubnetsSearchCriteriaTest.test_list_sorts_asc
tempest.api.network.test_networks.BulkNetworkOpsTest.test_bulk_create_delete_port
neutron.tests.tempest.api.test_routers.RoutersTest.test_update_router_set_gateway_with_snat_explicit
neutron.tests.tempest.api.test_networks_negative.NetworksNegativeTest.test_delete_network_in_use
tempest.api.network.test_networks_negative.NetworksNegativeTestJSON.test_update_non_existent_port
tempest.api.network.test_networks.BulkNetworkOpsTest.test_bulk_create_delete_subnet
tempest.api.network.test_networks.NetworksTest.test_show_network_fields
tempest.api.network.test_ports.PortsAdminExtendedAttrsTestJSON.test_create_port_binding_ext_attr
neutron.tests.tempest.api.test_subnetpools_negative.SubnetPoolsNegativeTestJSON.test_tenant_get_not_shared_admin_subnetpool
tempest.api.network.test_networks.NetworksTest.test_show_subnet
neutron.tests.tempest.api.test_floating_ips.FloatingIPTestJSON.test_floatingip_update_extra_attributes_port_id_not_changed
tempest.api.network.test_allowed_address_pair.AllowedAddressPairTestJSON.test_update_port_with_cidr_address_pair
neutron.tests.tempest.api.test_routers.RoutersSearchCriteriaTest.test_list_sorts_asc
neutron.tests.tempest.api.test_subnetpools.SubnetPoolsTest.test_create_update_subnetpool_description
tempest.api.network.admin.test_external_network_extension.ExternalNetworksTestJSON.test_update_external_network
tempest.api.network.test_routers.RoutersTest.test_create_router_setting_project_id
neutron.tests.tempest.api.admin.test_networks.NetworksTestAdmin.test_admin_create_network_keystone_v3_and_tenant
neutron.tests.tempest.api.test_subnetpools_negative.SubnetPoolsNegativeTestJSON.test_get_non_existent_subnetpool
tempest.api.network.test_routers.RoutersTest.test_update_delete_extra_route
neutron.tests.tempest.api.test_routers.RoutersTest.test_update_extra_route
tempest.api.network.test_ports.PortsTestJSON.test_create_port_with_no_securitygroups
tempest.api.network.test_floating_ips.FloatingIPTestJSON.test_create_floating_ip_specifying_a_fixed_ip_address
tempest.api.network.test_ports.PortsTestJSON.test_list_ports
neutron.tests.tempest.api.test_subnetpools_negative.SubnetPoolsNegativeTestJSON.test_create_subnetpool_associate_address_scope_prefix_intersect
neutron.tests.tempest.api.test_subnetpools.SubnetPoolsTestV6.test_tenant_update_subnetpool
tempest.api.network.test_routers_negative.RoutersNegativeTest.test_show_non_existent_router_returns_404
neutron.tests.tempest.api.test_subnetpools.SubnetPoolsTest.test_create_subnet_from_pool_with_default_prefixlen
tempest.api.network.test_networks.NetworksTest.test_list_networks
tempest.api.network.test_ports.PortsAdminExtendedAttrsTestJSON.test_show_port_binding_ext_attr
tempest.api.network.test_routers_negative.RoutersNegativeTest.test_router_remove_interface_in_use_returns_409
neutron.tests.tempest.api.test_networks.NetworksTestJSON.test_create_network_keystone_v3
neutron.tests.tempest.api.test_subnetpools.SubnetPoolsTestV6.test_show_subnetpool_has_project_id
neutron.tests.tempest.api.test_networks.NetworksTestJSON.test_list_networks_fields_keystone_v3
tempest.api.network.test_routers_negative.RoutersNegativeTest.test_update_non_existent_router_returns_404
neutron.tests.tempest.api.test_subnetpools_negative.SubnetPoolsNegativeTestJSON.test_create_sp_associate_address_scope_multiple_prefix_intersect
tempest.api.network.test_ports.PortsTestJSON.test_create_show_delete_port_user_defined_mac
tempest.api.network.test_networks.NetworksTest.test_external_network_visibility
neutron.tests.tempest.api.test_networks.NetworksTestJSON.test_list_networks_fields
neutron.tests.tempest.api.test_subnetpools.SubnetPoolsTestV6.test_create_list_subnetpool
tempest.api.network.test_floating_ips_negative.FloatingIPNegativeTestJSON.test_create_floatingip_with_port_ext_net_unreachable
neutron.tests.tempest.api.test_networks.NetworksTestJSON.test_show_network_fields_keystone_v3
neutron.tests.tempest.api.test_floating_ips.FloatingIPTestJSON.test_blank_update_clears_association
neutron.tests.tempest.api.test_routers.RoutersSearchCriteriaTest.test_list_pagination_with_marker
neutron.tests.tempest.api.test_subnetpools_negative.SubnetPoolsNegativeTestJSON.test_tenant_update_sp_prefix_associated_with_shared_addr_scope
neutron.tests.tempest.api.admin.test_floating_ips_admin_actions.FloatingIPAdminTestJSON.test_associate_floating_ip_with_port_from_another_tenant
neutron.tests.tempest.api.test_routers.RoutersSearchCriteriaTest.test_list_pagination_page_reverse_with_href_links
tempest.api.network.test_floating_ips.FloatingIPTestJSON.test_floating_ip_update_different_router
neutron.tests.tempest.api.test_floating_ips_negative.FloatingIPNegativeTestJSON.test_associate_floatingip_with_port_with_floatingip
tempest.api.network.test_networks.NetworksTest.test_list_subnets_fields
tempest.api.network.test_networks.NetworksTest.test_create_delete_subnet_with_gw_and_allocation_pools
neutron.tests.tempest.api.test_networks.NetworksSearchCriteriaTest.test_list_pagination_with_href_links
tempest.api.network.test_networks_negative.NetworksNegativeTestJSON.test_create_port_on_non_existent_network
tempest.api.network.test_networks.NetworksTest.test_create_delete_subnet_with_host_routes_and_dns_nameservers
tempest.api.network.test_routers_negative.RoutersNegativeTest.test_router_set_gateway_used_ip_returns_409
neutron.tests.tempest.api.test_networks.NetworksTestJSON.test_show_network
neutron.tests.tempest.api.test_subnetpools.SubnetPoolsTest.test_get_subnetpool
tempest.api.network.admin.test_floating_ips_admin_actions.FloatingIPAdminTestJSON.test_list_floating_ips_from_admin_and_nonadmin
neutron.tests.tempest.api.test_subnetpools.SubnetPoolsTest.test_tenant_update_subnetpool
tempest.api.network.test_networks.NetworksTest.test_create_delete_subnet_without_gateway
neutron.tests.tempest.api.test_subnetpools_negative.SubnetPoolsNegativeTestJSON.test_update_subnetpool_multiple_prefix_intersect
neutron.tests.tempest.api.test_networks.NetworksSearchCriteriaTest.test_list_pagination_page_reverse_desc
neutron.tests.tempest.api.test_subnetpools.SubnetPoolsTestV6.test_create_subnetpool_associate_address_scope
neutron.tests.tempest.api.admin.test_shared_network_extension.AllowedAddressPairSharedNetworkTest.test_create_with_address_pair_blocked_on_other_network
tempest.api.network.test_routers.RoutersTest.test_add_remove_router_interface_with_port_id
neutron.tests.tempest.api.test_routers.RoutersSearchCriteriaTest.test_list_no_pagination_limit_0
neutron.tests.tempest.api.test_subnetpools.SubnetPoolsTestV6.test_admin_create_shared_subnetpool
tempest.api.network.test_networks_negative.NetworksNegativeTestJSON.test_update_non_existent_subnet
neutron.tests.tempest.api.admin.test_quotas_negative.QuotasAdminNegativeTestJSON.test_create_security_group_rule_when_quotas_is_full
neutron.tests.tempest.api.test_subnetpools_negative.SubnetPoolsNegativeTestJSON.test_update_subnetpool_tenant_id
tempest.api.network.test_ports.PortsTestJSON.test_create_port_in_allowed_allocation_pools
neutron.tests.tempest.api.admin.test_networks.NetworksTestAdmin.test_admin_create_network_keystone_v3
neutron.tests.tempest.api.test_allowed_address_pair.AllowedAddressPairTestJSON.test_update_port_with_address_pair
tempest.api.network.admin.test_floating_ips_admin_actions.FloatingIPAdminTestJSON.test_create_list_show_floating_ip_with_tenant_id_by_admin
neutron.tests.tempest.api.test_subnetpools_negative.SubnetPoolsNegativeTestJSON.test_update_subnetpool_not_modifiable_shared
tempest.api.network.admin.test_external_network_extension.ExternalNetworksTestJSON.test_delete_external_networks_with_floating_ip
neutron.tests.tempest.api.test_routers.RoutersTest.test_create_update_router_description
neutron.tests.tempest.api.test_subnetpools_negative.SubnetPoolsNegativeTestJSON.test_create_subnetpool_associate_non_exist_address_scope
tempest.api.network.test_networks_negative.NetworksNegativeTestJSON.test_show_non_existent_network
tempest.api.network.test_ports.PortsTestJSON.test_create_update_delete_port
tempest.api.network.test_routers.RoutersTest.test_update_router_reset_gateway_without_snat
tempest.api.network.test_ports.PortsAdminExtendedAttrsTestJSON.test_update_port_binding_ext_attr
tempest.api.network.test_networks.NetworksTest.test_create_delete_subnet_with_allocation_pools
tempest.api.network.test_floating_ips.FloatingIPTestJSON.test_floating_ip_delete_port
tempest.api.network.test_networks_negative.NetworksNegativeTestJSON.test_delete_non_existent_subnet
tempest.api.network.test_networks_negative.NetworksNegativeTestJSON.test_delete_non_existent_port
tempest.api.network.test_routers.RoutersTest.test_router_interface_port_update_with_fixed_ip
neutron.tests.tempest.api.test_networks.NetworksSearchCriteriaTest.test_list_sorts_desc
neutron.tests.tempest.api.test_subnetpools_negative.SubnetPoolsNegativeTestJSON.test_update_subnetpool_associate_address_scope_wrong_ip_version
neutron.tests.tempest.api.test_subnetpools.SubnetPoolsTestV6.test_get_subnetpool
neutron.tests.tempest.api.test_subnets.SubnetsSearchCriteriaTest.test_list_pagination_with_marker
neutron.tests.tempest.api.test_routers.RoutersTest.test_router_interface_status
neutron.tests.tempest.api.test_routers.RoutersSearchCriteriaTest.test_list_pagination_page_reverse_desc
tempest.api.network.test_routers.RoutersTest.test_update_router_set_gateway
neutron.tests.tempest.api.test_subnetpools.SubnetPoolsTest.test_create_subnet_from_pool_with_quota
tempest.api.network.test_ports.PortsTestJSON.test_create_bulk_port
ostestr -w whitelist.txt --serial
{0} tempest.api.network.admin.test_external_network_extension.ExternalNetworksTestJSON.test_create_external_network [1.846990s] ... ok
{0} tempest.api.network.admin.test_external_network_extension.ExternalNetworksTestJSON.test_delete_external_networks_with_floating_ip [5.672620s] ... ok
{0} tempest.api.network.admin.test_external_network_extension.ExternalNetworksTestJSON.test_list_external_networks [1.593569s] ... ok
{0} tempest.api.network.admin.test_external_network_extension.ExternalNetworksTestJSON.test_show_external_networks_attribute [2.030777s] ... ok
{0} tempest.api.network.admin.test_external_network_extension.ExternalNetworksTestJSON.test_update_external_network [2.444924s] ... ok
{0} tempest.api.network.admin.test_external_networks_negative.ExternalNetworksAdminNegativeTestJSON.test_create_port_with_precreated_floatingip_as_fixed_ip [3.770706s] ... ok
{0} tempest.api.network.admin.test_floating_ips_admin_actions.FloatingIPAdminTestJSON.test_create_list_show_floating_ip_with_tenant_id_by_admin [4.543527s] ... ok
{0} tempest.api.network.admin.test_floating_ips_admin_actions.FloatingIPAdminTestJSON.test_list_floating_ips_from_admin_and_nonadmin [6.183053s] ... ok
{0} tempest.api.network.admin.test_negative_quotas.QuotasNegativeTest.test_network_quota_exceeding [4.063012s] ... ok
{0} tempest.api.network.admin.test_quotas.QuotasTest.test_quotas [1.289626s] ... ok
{0} tempest.api.network.test_allowed_address_pair.AllowedAddressPairTestJSON.test_create_list_port_with_address_pair [2.625863s] ... ok
{0} tempest.api.network.test_allowed_address_pair.AllowedAddressPairTestJSON.test_update_port_with_address_pair [3.466823s] ... ok
{0} tempest.api.network.test_allowed_address_pair.AllowedAddressPairTestJSON.test_update_port_with_cidr_address_pair [3.200263s] ... ok
{0} tempest.api.network.test_allowed_address_pair.AllowedAddressPairTestJSON.test_update_port_with_multiple_ip_mac_address_pair [5.807874s] ... ok
{0} tempest.api.network.test_floating_ips.FloatingIPTestJSON.test_create_floating_ip_specifying_a_fixed_ip_address [4.153047s] ... ok
{0} tempest.api.network.test_floating_ips.FloatingIPTestJSON.test_create_list_show_update_delete_floating_ip [5.330826s] ... ok
{0} tempest.api.network.test_floating_ips.FloatingIPTestJSON.test_create_update_floatingip_with_port_multiple_ip_address [7.559207s] ... ok
{0} tempest.api.network.test_floating_ips.FloatingIPTestJSON.test_floating_ip_delete_port [6.780826s] ... ok
{0} tempest.api.network.test_floating_ips.FloatingIPTestJSON.test_floating_ip_update_different_router [13.031243s] ... ok
{0} tempest.api.network.test_floating_ips_negative.FloatingIPNegativeTestJSON.test_associate_floatingip_port_ext_net_unreachable [3.410855s] ... ok
{0} tempest.api.network.test_floating_ips_negative.FloatingIPNegativeTestJSON.test_create_floatingip_in_private_network [0.094510s] ... ok
{0} tempest.api.network.test_floating_ips_negative.FloatingIPNegativeTestJSON.test_create_floatingip_with_port_ext_net_unreachable [1.956535s] ... ok
{0} tempest.api.network.test_networks.BulkNetworkOpsTest.test_bulk_create_delete_network [3.818042s] ... ok
{0} tempest.api.network.test_networks.BulkNetworkOpsTest.test_bulk_create_delete_port [4.647715s] ... ok
{0} tempest.api.network.test_networks.BulkNetworkOpsTest.test_bulk_create_delete_subnet [4.406036s] ... ok
{0} tempest.api.network.test_networks.NetworksTest.test_create_delete_subnet_all_attributes [4.547399s] ... ok
{0} tempest.api.network.test_networks.NetworksTest.test_create_delete_subnet_with_allocation_pools [3.976771s] ... ok
{0} tempest.api.network.test_networks.NetworksTest.test_create_delete_subnet_with_dhcp_enabled [3.975612s] ... ok
{0} tempest.api.network.test_networks.NetworksTest.test_create_delete_subnet_with_gw [3.804103s] ... ok
{0} tempest.api.network.test_networks.NetworksTest.test_create_delete_subnet_with_gw_and_allocation_pools [3.976181s] ... ok
{0} tempest.api.network.test_networks.NetworksTest.test_create_delete_subnet_with_host_routes_and_dns_nameservers [4.000230s] ... ok
{0} tempest.api.network.test_networks.NetworksTest.test_create_delete_subnet_without_gateway [4.103132s] ... ok
{0} tempest.api.network.test_networks.NetworksTest.test_create_update_delete_network_subnet [5.761688s] ... ok
{0} tempest.api.network.test_networks.NetworksTest.test_create_update_network_description [1.665432s] ... ok
{0} tempest.api.network.test_networks.NetworksTest.test_delete_network_with_subnet [4.227975s] ... ok
{0} tempest.api.network.test_networks.NetworksTest.test_external_network_visibility [0.253974s] ... ok
{0} tempest.api.network.test_networks.NetworksTest.test_list_networks [0.248553s] ... ok
{0} tempest.api.network.test_networks.NetworksTest.test_list_networks_fields [0.373637s] ... ok
{0} tempest.api.network.test_networks.NetworksTest.test_list_subnets [0.107256s] ... ok
{0} tempest.api.network.test_networks.NetworksTest.test_list_subnets_fields [0.098229s] ... ok
{0} tempest.api.network.test_networks.NetworksTest.test_show_network [0.193763s] ... ok
{0} tempest.api.network.test_networks.NetworksTest.test_show_network_fields [0.177930s] ... ok
{0} tempest.api.network.test_networks.NetworksTest.test_show_subnet [0.095414s] ... ok
{0} tempest.api.network.test_networks.NetworksTest.test_show_subnet_fields [0.100474s] ... ok
{0} tempest.api.network.test_networks.NetworksTest.test_update_subnet_gw_dns_host_routes_dhcp [4.919177s] ... ok
{0} tempest.api.network.test_networks_negative.NetworksNegativeTestJSON.test_create_port_on_non_existent_network [0.332216s] ... ok
{0} tempest.api.network.test_networks_negative.NetworksNegativeTestJSON.test_delete_non_existent_network [0.332723s] ... ok
{0} tempest.api.network.test_networks_negative.NetworksNegativeTestJSON.test_delete_non_existent_port [0.063411s] ... ok
{0} tempest.api.network.test_networks_negative.NetworksNegativeTestJSON.test_delete_non_existent_subnet [0.059136s] ... ok
{0} tempest.api.network.test_networks_negative.NetworksNegativeTestJSON.test_show_non_existent_network [0.040191s] ... ok
{0} tempest.api.network.test_networks_negative.NetworksNegativeTestJSON.test_show_non_existent_port [0.053216s] ... ok
{0} tempest.api.network.test_networks_negative.NetworksNegativeTestJSON.test_show_non_existent_subnet [0.052570s] ... ok
{0} tempest.api.network.test_networks_negative.NetworksNegativeTestJSON.test_update_non_existent_network [0.043973s] ... ok
{0} tempest.api.network.test_networks_negative.NetworksNegativeTestJSON.test_update_non_existent_port [0.057655s] ... ok
{0} tempest.api.network.test_networks_negative.NetworksNegativeTestJSON.test_update_non_existent_subnet [0.060117s] ... ok
{0} tempest.api.network.test_ports.PortsTestJSON.test_create_bulk_port [4.278920s] ... ok
{0} tempest.api.network.test_ports.PortsTestJSON.test_create_port_in_allowed_allocation_pools [5.480057s] ... ok
{0} tempest.api.network.test_ports.PortsTestJSON.test_create_port_with_no_securitygroups [6.556187s] ... ok
{0} tempest.api.network.test_ports.PortsTestJSON.test_create_show_delete_port_user_defined_mac [3.780453s] ... ok
{0} tempest.api.network.test_ports.PortsTestJSON.test_create_update_delete_port [2.587603s] ... ok
{0} tempest.api.network.test_ports.PortsTestJSON.test_create_update_port_with_second_ip [12.688079s] ... ok
{0} tempest.api.network.test_ports.PortsTestJSON.test_list_ports [0.109892s] ... ok
{0} tempest.api.network.test_ports.PortsTestJSON.test_list_ports_fields [0.091822s] ... ok
{0} tempest.api.network.test_ports.PortsTestJSON.test_port_list_filter_by_ip [7.992145s] ... ok
{0} tempest.api.network.test_ports.PortsTestJSON.test_port_list_filter_by_router_id [10.828399s] ... ok
{0} tempest.api.network.test_ports.PortsTestJSON.test_show_port [0.105958s] ... ok
{0} tempest.api.network.test_ports.PortsTestJSON.test_show_port_fields [0.078256s] ... ok
{0} tempest.api.network.test_ports.PortsTestJSON.test_update_port_with_security_group_and_extra_attributes [8.558877s] ... ok
{0} tempest.api.network.test_ports.PortsTestJSON.test_update_port_with_two_security_groups_and_extra_attributes [9.973276s] ... ok
{0} tempest.api.network.test_routers.RoutersTest.test_add_multiple_router_interfaces [13.768246s] ... ok
{0} tempest.api.network.test_routers.RoutersTest.test_add_remove_router_interface_with_port_id [7.808054s] ... ok
{0} tempest.api.network.test_routers.RoutersTest.test_add_remove_router_interface_with_subnet_id [6.984399s] ... ok
{0} tempest.api.network.test_routers.RoutersTest.test_create_router_set_gateway_with_fixed_ip ... SKIPPED: Skipped until Bug: 1676207 is resolved.
{0} tempest.api.network.test_routers.RoutersTest.test_create_show_list_update_delete_router [4.878540s] ... ok
{0} tempest.api.network.test_routers.RoutersTest.test_router_interface_port_update_with_fixed_ip [8.074775s] ... ok
{0} tempest.api.network.test_routers.RoutersTest.test_update_delete_extra_route [29.902225s] ... ok
{0} tempest.api.network.test_routers.RoutersTest.test_update_router_admin_state [1.391457s] ... ok
{0} tempest.api.network.test_routers_negative.RoutersNegativeTest.test_add_router_interfaces_on_overlapping_subnets_returns_400 [8.124044s] ... ok
{0} tempest.api.network.test_routers_negative.RoutersNegativeTest.test_delete_non_existent_router_returns_404 [0.090285s] ... ok
{0} tempest.api.network.test_routers_negative.RoutersNegativeTest.test_router_add_gateway_invalid_network_returns_404 [0.459339s] ... ok
{0} tempest.api.network.test_routers_negative.RoutersNegativeTest.test_router_add_gateway_net_not_external_returns_400 [2.157132s] ... ok
{0} tempest.api.network.test_routers_negative.RoutersNegativeTest.test_router_remove_interface_in_use_returns_409 [3.224088s] ... ok
{0} tempest.api.network.test_routers_negative.RoutersNegativeTest.test_show_non_existent_router_returns_404 [0.084196s] ... ok
{0} tempest.api.network.test_routers_negative.RoutersNegativeTest.test_update_non_existent_router_returns_404 [0.091936s] ... ok
{0} tempest.api.network.test_versions.NetworksApiDiscovery.test_api_version_resources [0.008284s] ... ok
{0} neutron.tests.tempest.api.admin.test_floating_ips_admin_actions.FloatingIPAdminTestJSON.test_associate_floating_ip_with_port_from_another_tenant [6.980293s] ... FAILED
{0} neutron.tests.tempest.api.admin.test_floating_ips_admin_actions.FloatingIPAdminTestJSON.test_create_floatingip_with_specified_ip_address [2.805779s] ... ok
{0} neutron.tests.tempest.api.admin.test_networks.NetworksTestAdmin.test_admin_create_network_keystone_v3 [2.421920s] ... ok
{0} neutron.tests.tempest.api.admin.test_networks.NetworksTestAdmin.test_admin_create_network_keystone_v3_and_other_tenant [0.310644s] ... ok
{0} neutron.tests.tempest.api.admin.test_networks.NetworksTestAdmin.test_admin_create_network_keystone_v3_and_tenant [0.516419s] ... ok
{0} neutron.tests.tempest.api.admin.test_quotas.QuotasTest.test_quotas [1.552816s] ... ok
{0} neutron.tests.tempest.api.admin.test_quotas_negative.QuotasAdminNegativeTestJSON.test_create_floatingip_when_quotas_is_full [4.529917s] ... ok
{0} neutron.tests.tempest.api.admin.test_quotas_negative.QuotasAdminNegativeTestJSON.test_create_network_when_quotas_is_full [2.209505s] ... ok
{0} neutron.tests.tempest.api.admin.test_quotas_negative.QuotasAdminNegativeTestJSON.test_create_port_when_quotas_is_full [5.369475s] ... ok
{0} neutron.tests.tempest.api.admin.test_quotas_negative.QuotasAdminNegativeTestJSON.test_create_router_when_quotas_is_full [1.012846s] ... ok
{0} neutron.tests.tempest.api.admin.test_quotas_negative.QuotasAdminNegativeTestJSON.test_create_security_group_rule_when_quotas_is_full [1.492584s] ... ok
{0} neutron.tests.tempest.api.admin.test_quotas_negative.QuotasAdminNegativeTestJSON.test_create_security_group_when_quotas_is_full [1.461963s] ... ok
{0} neutron.tests.tempest.api.admin.test_quotas_negative.QuotasAdminNegativeTestJSON.test_create_subnet_when_quotas_is_full [3.136254s] ... ok
{0} neutron.tests.tempest.api.admin.test_shared_network_extension.AllowedAddressPairSharedNetworkTest.test_create_with_address_pair_blocked_on_other_network [1.544172s] ... ok
{0} neutron.tests.tempest.api.admin.test_shared_network_extension.AllowedAddressPairSharedNetworkTest.test_update_with_address_pair_blocked_on_other_network [2.394519s] ... ok
{0} neutron.tests.tempest.api.test_allowed_address_pair.AllowedAddressPairTestJSON.test_create_list_port_with_address_pair [2.758818s] ... ok
{0} neutron.tests.tempest.api.test_allowed_address_pair.AllowedAddressPairTestJSON.test_update_port_with_address_pair [3.607470s] ... ok
{0} neutron.tests.tempest.api.test_allowed_address_pair.AllowedAddressPairTestJSON.test_update_port_with_cidr_address_pair [3.293498s] ... ok
{0} neutron.tests.tempest.api.test_allowed_address_pair.AllowedAddressPairTestJSON.test_update_port_with_multiple_ip_mac_address_pair [5.687978s] ... ok
{0} neutron.tests.tempest.api.test_floating_ips.FloatingIPTestJSON.test_blank_update_clears_association [3.229275s] ... ok
{0} neutron.tests.tempest.api.test_floating_ips.FloatingIPTestJSON.test_create_update_floatingip_description [4.315791s] ... ok
{0} neutron.tests.tempest.api.test_floating_ips.FloatingIPTestJSON.test_floatingip_update_extra_attributes_port_id_not_changed [4.412322s] ... ok
{0} neutron.tests.tempest.api.test_floating_ips_negative.FloatingIPNegativeTestJSON.test_associate_floatingip_with_port_with_floatingip [16.406267s] ... ok
{0} neutron.tests.tempest.api.test_networks.NetworksSearchCriteriaTest.test_list_no_pagination_limit_0 [0.270707s] ... ok
{0} neutron.tests.tempest.api.test_networks.NetworksSearchCriteriaTest.test_list_pagination [1.115311s] ... ok
{0} neutron.tests.tempest.api.test_networks.NetworksSearchCriteriaTest.test_list_pagination_page_reverse_asc [0.692501s] ... ok
{0} neutron.tests.tempest.api.test_networks.NetworksSearchCriteriaTest.test_list_pagination_page_reverse_desc [0.523532s] ... ok
{0} neutron.tests.tempest.api.test_networks.NetworksSearchCriteriaTest.test_list_pagination_page_reverse_with_href_links [1.053760s] ... ok
{0} neutron.tests.tempest.api.test_networks.NetworksSearchCriteriaTest.test_list_pagination_with_href_links [3.296843s] ... ok
{0} neutron.tests.tempest.api.test_networks.NetworksSearchCriteriaTest.test_list_pagination_with_marker [1.799181s] ... ok
{0} neutron.tests.tempest.api.test_networks.NetworksSearchCriteriaTest.test_list_sorts_asc [0.263242s] ... ok
{0} neutron.tests.tempest.api.test_networks.NetworksSearchCriteriaTest.test_list_sorts_desc [0.266868s] ... ok
{0} neutron.tests.tempest.api.test_networks.NetworksSearchCriteriaTest.test_list_validation_filters [0.272603s] ... ok
{0} neutron.tests.tempest.api.test_networks.NetworksTestJSON.test_create_network_keystone_v3 [1.877044s] ... ok
{0} neutron.tests.tempest.api.test_networks.NetworksTestJSON.test_create_update_network_dns_domain ... SKIPPED: Skipped because network extension: dns-integration is not enabled
{0} neutron.tests.tempest.api.test_networks.NetworksTestJSON.test_list_networks_fields_keystone_v3 [0.859430s] ... ok
{0} neutron.tests.tempest.api.test_networks.NetworksTestJSON.test_show_network [0.175045s] ... ok
{0} neutron.tests.tempest.api.test_networks.NetworksTestJSON.test_show_network_fields_keystone_v3 [0.848357s] ... ok
{0} neutron.tests.tempest.api.test_networks_negative.NetworksNegativeTest.test_delete_network_in_use [3.838237s] ... ok
{0} neutron.tests.tempest.api.test_ports.PortsTestJSON.test_add_ips_to_port [3.848161s] ... ok
{0} neutron.tests.tempest.api.test_ports.PortsTestJSON.test_change_dhcp_flag_then_create_port [5.426619s] ... ok
{0} neutron.tests.tempest.api.test_ports.PortsTestJSON.test_create_update_port_description [2.631897s] ... ok
{0} neutron.tests.tempest.api.test_ports.PortsTestJSON.test_create_update_port_with_dns_name ... SKIPPED: Skipped because network extension: dns-integration is not enabled
{0} neutron.tests.tempest.api.test_ports.PortsTestJSON.test_create_update_port_with_no_dns_name ... SKIPPED: Skipped because network extension: dns-integration is not enabled
{0} neutron.tests.tempest.api.test_routers.RoutersSearchCriteriaTest.test_list_no_pagination_limit_0 [0.154168s] ... ok
{0} neutron.tests.tempest.api.test_routers.RoutersSearchCriteriaTest.test_list_pagination [0.648419s] ... ok
{0} neutron.tests.tempest.api.test_routers.RoutersSearchCriteriaTest.test_list_pagination_page_reverse_asc [0.329034s] ... ok
{0} neutron.tests.tempest.api.test_routers.RoutersSearchCriteriaTest.test_list_pagination_page_reverse_desc [0.339865s] ... ok
{0} neutron.tests.tempest.api.test_routers.RoutersSearchCriteriaTest.test_list_pagination_page_reverse_with_href_links [0.808366s] ... ok
{0} neutron.tests.tempest.api.test_routers.RoutersSearchCriteriaTest.test_list_pagination_with_href_links [2.538508s] ... ok
{0} neutron.tests.tempest.api.test_routers.RoutersSearchCriteriaTest.test_list_pagination_with_marker [1.032466s] ... ok
{0} neutron.tests.tempest.api.test_routers.RoutersSearchCriteriaTest.test_list_sorts_asc [0.130965s] ... ok
{0} neutron.tests.tempest.api.test_routers.RoutersSearchCriteriaTest.test_list_sorts_desc [0.124189s] ... ok
{0} neutron.tests.tempest.api.test_routers.RoutersTest.test_create_router_with_default_snat_value [5.462501s] ... ok
{0} neutron.tests.tempest.api.test_routers.RoutersTest.test_create_router_with_snat_explicit [8.775566s] ... ok
{0} neutron.tests.tempest.api.test_routers.RoutersTest.test_create_update_router_description [1.712064s] ... ok
{0} neutron.tests.tempest.api.test_routers.RoutersTest.test_network_attached_with_two_routers [14.828590s] ... ok
{0} neutron.tests.tempest.api.test_routers.RoutersTest.test_router_interface_status [11.422848s] ... ok
{0} neutron.tests.tempest.api.test_routers.RoutersTest.test_update_extra_route [8.413053s] ... ok
{0} neutron.tests.tempest.api.test_routers.RoutersTest.test_update_router_reset_gateway_without_snat [5.402988s] ... ok
{0} neutron.tests.tempest.api.test_routers.RoutersTest.test_update_router_set_gateway_with_snat_explicit [4.482480s] ... ok
{0} neutron.tests.tempest.api.test_routers.RoutersTest.test_update_router_set_gateway_without_snat [4.695396s] ... ok
{0} neutron.tests.tempest.api.test_routers_negative.RoutersNegativeTest.test_delete_router_in_use [4.648027s] ... ok
{0} neutron.tests.tempest.api.test_subnetpools.SubnetPoolsTest.test_admin_create_shared_subnetpool [1.888107s] ... ok
{0} neutron.tests.tempest.api.test_subnetpools.SubnetPoolsTest.test_create_list_subnetpool [0.159546s] ... ok
{0} neutron.tests.tempest.api.test_subnetpools.SubnetPoolsTest.test_create_subnet_from_pool_with_default_prefixlen [1.752860s] ... ok
{0} neutron.tests.tempest.api.test_subnetpools.SubnetPoolsTest.test_create_subnet_from_pool_with_prefixlen [1.600738s] ... ok
{0} neutron.tests.tempest.api.test_subnetpools.SubnetPoolsTest.test_create_subnet_from_pool_with_quota [1.811253s] ... ok
{0} neutron.tests.tempest.api.test_subnetpools.SubnetPoolsTest.test_create_subnet_from_pool_with_subnet_cidr [1.455269s] ... ok
{0} neutron.tests.tempest.api.test_subnetpools.SubnetPoolsTest.test_create_subnetpool_associate_address_scope [0.271055s] ... ok
{0} neutron.tests.tempest.api.test_subnetpools.SubnetPoolsTest.test_create_update_subnetpool_description [0.395146s] ... ok
{0} neutron.tests.tempest.api.test_subnetpools.SubnetPoolsTest.test_get_subnetpool [0.200877s] ... ok
{0} neutron.tests.tempest.api.test_subnetpools.SubnetPoolsTest.test_show_subnetpool_has_project_id [0.193353s] ... ok
{0} neutron.tests.tempest.api.test_subnetpools.SubnetPoolsTest.test_tenant_update_subnetpool [0.298426s] ... ok
{0} neutron.tests.tempest.api.test_subnetpools.SubnetPoolsTest.test_update_subnetpool_associate_address_scope [0.387972s] ... ok
{0} neutron.tests.tempest.api.test_subnetpools.SubnetPoolsTest.test_update_subnetpool_associate_another_address_scope [0.455686s] ... ok
{0} neutron.tests.tempest.api.test_subnetpools.SubnetPoolsTest.test_update_subnetpool_disassociate_address_scope [0.368087s] ... ok
{0} neutron.tests.tempest.api.test_subnetpools.SubnetPoolsTest.test_update_subnetpool_prefixes_append [0.272127s] ... ok
{0} neutron.tests.tempest.api.test_subnetpools.SubnetPoolsTest.test_update_subnetpool_prefixes_extend [0.271578s] ... ok
{0} neutron.tests.tempest.api.test_subnetpools.SubnetPoolsTestV6.test_admin_create_shared_subnetpool [1.876803s] ... ok
{0} neutron.tests.tempest.api.test_subnetpools.SubnetPoolsTestV6.test_create_dual_stack_subnets_from_subnetpools [2.593762s] ... ok
{0} neutron.tests.tempest.api.test_subnetpools.SubnetPoolsTestV6.test_create_list_subnetpool [0.494284s] ... ok
{0} neutron.tests.tempest.api.test_subnetpools.SubnetPoolsTestV6.test_create_subnet_from_pool_with_default_prefixlen [1.423473s] ... ok
{0} neutron.tests.tempest.api.test_subnetpools.SubnetPoolsTestV6.test_create_subnet_from_pool_with_prefixlen [1.665139s] ... ok
{0} neutron.tests.tempest.api.test_subnetpools.SubnetPoolsTestV6.test_create_subnet_from_pool_with_quota [1.655283s] ... ok
{0} neutron.tests.tempest.api.test_subnetpools.SubnetPoolsTestV6.test_create_subnet_from_pool_with_subnet_cidr [1.723889s] ... ok
{0} neutron.tests.tempest.api.test_subnetpools.SubnetPoolsTestV6.test_create_subnetpool_associate_address_scope [0.322061s] ... ok
{0} neutron.tests.tempest.api.test_subnetpools.SubnetPoolsTestV6.test_create_update_subnetpool_description [0.602638s] ... ok
{0} neutron.tests.tempest.api.test_subnetpools.SubnetPoolsTestV6.test_get_subnetpool [0.284044s] ... ok
{0} neutron.tests.tempest.api.test_subnetpools.SubnetPoolsTestV6.test_show_subnetpool_has_project_id [0.243008s] ... ok
{0} neutron.tests.tempest.api.test_subnetpools.SubnetPoolsTestV6.test_tenant_update_subnetpool [0.436370s] ... ok
{0} neutron.tests.tempest.api.test_subnetpools.SubnetPoolsTestV6.test_update_subnetpool_associate_address_scope [0.467199s] ... ok
{0} neutron.tests.tempest.api.test_subnetpools.SubnetPoolsTestV6.test_update_subnetpool_associate_another_address_scope [0.480954s] ... ok
{0} neutron.tests.tempest.api.test_subnetpools.SubnetPoolsTestV6.test_update_subnetpool_disassociate_address_scope [0.438905s] ... ok
{0} neutron.tests.tempest.api.test_subnetpools.SubnetPoolsTestV6.test_update_subnetpool_prefixes_append [0.448329s] ... ok
{0} neutron.tests.tempest.api.test_subnetpools.SubnetPoolsTestV6.test_update_subnetpool_prefixes_extend [0.333415s] ... ok
{0} neutron.tests.tempest.api.test_subnetpools_negative.SubnetPoolsNegativeTestJSON.test_create_sp_associate_address_scope_multiple_prefix_intersect [1.389712s] ... ok
{0} neutron.tests.tempest.api.test_subnetpools_negative.SubnetPoolsNegativeTestJSON.test_create_subnet_different_pools_same_network [3.331618s] ... ok
{0} neutron.tests.tempest.api.test_subnetpools_negative.SubnetPoolsNegativeTestJSON.test_create_subnetpool_associate_address_scope_of_other_owner [0.148339s] ... ok
{0} neutron.tests.tempest.api.test_subnetpools_negative.SubnetPoolsNegativeTestJSON.test_create_subnetpool_associate_address_scope_prefix_intersect [0.371745s] ... ok
{0} neutron.tests.tempest.api.test_subnetpools_negative.SubnetPoolsNegativeTestJSON.test_create_subnetpool_associate_invalid_address_scope [0.020901s] ... ok
{0} neutron.tests.tempest.api.test_subnetpools_negative.SubnetPoolsNegativeTestJSON.test_create_subnetpool_associate_non_exist_address_scope [0.109934s] ... ok
{0} neutron.tests.tempest.api.test_subnetpools_negative.SubnetPoolsNegativeTestJSON.test_delete_non_existent_subnetpool [0.053313s] ... ok
{0} neutron.tests.tempest.api.test_subnetpools_negative.SubnetPoolsNegativeTestJSON.test_get_non_existent_subnetpool [0.036692s] ... ok
{0} neutron.tests.tempest.api.test_subnetpools_negative.SubnetPoolsNegativeTestJSON.test_tenant_create_shared_subnetpool [0.075616s] ... ok
{0} neutron.tests.tempest.api.test_subnetpools_negative.SubnetPoolsNegativeTestJSON.test_tenant_create_subnetpool_associate_shared_address_scope [0.398383s] ... ok
{0} neutron.tests.tempest.api.test_subnetpools_negative.SubnetPoolsNegativeTestJSON.test_tenant_get_not_shared_admin_subnetpool [0.155651s] ... ok
{0} neutron.tests.tempest.api.test_subnetpools_negative.SubnetPoolsNegativeTestJSON.test_tenant_update_sp_prefix_associated_with_shared_addr_scope [0.570334s] ... ok
{0} neutron.tests.tempest.api.test_subnetpools_negative.SubnetPoolsNegativeTestJSON.test_update_non_existent_subnetpool [0.041361s] ... ok
{0} neutron.tests.tempest.api.test_subnetpools_negative.SubnetPoolsNegativeTestJSON.test_update_subnetpool_associate_address_scope_of_other_owner [0.182734s] ... ok
{0} neutron.tests.tempest.api.test_subnetpools_negative.SubnetPoolsNegativeTestJSON.test_update_subnetpool_associate_address_scope_wrong_ip_version [0.224794s] ... ok
{0} neutron.tests.tempest.api.test_subnetpools_negative.SubnetPoolsNegativeTestJSON.test_update_subnetpool_multiple_prefix_intersect [0.416748s] ... ok
{0} neutron.tests.tempest.api.test_subnetpools_negative.SubnetPoolsNegativeTestJSON.test_update_subnetpool_not_modifiable_shared [0.130250s] ... ok
{0} neutron.tests.tempest.api.test_subnetpools_negative.SubnetPoolsNegativeTestJSON.test_update_subnetpool_prefix_intersect [0.415467s] ... ok
{0} neutron.tests.tempest.api.test_subnetpools_negative.SubnetPoolsNegativeTestJSON.test_update_subnetpool_prefixes_shrink [0.190483s] ... ok
{0} neutron.tests.tempest.api.test_subnetpools_negative.SubnetPoolsNegativeTestJSON.test_update_subnetpool_tenant_id [0.137073s] ... ok
{0} neutron.tests.tempest.api.test_subnets.SubnetsSearchCriteriaTest.test_list_no_pagination_limit_0 [0.133754s] ... ok
{0} neutron.tests.tempest.api.test_subnets.SubnetsSearchCriteriaTest.test_list_pagination [0.627939s] ... ok
{0} neutron.tests.tempest.api.test_subnets.SubnetsSearchCriteriaTest.test_list_pagination_page_reverse_asc [0.319818s] ... ok
{0} neutron.tests.tempest.api.test_subnets.SubnetsSearchCriteriaTest.test_list_pagination_page_reverse_desc [0.346137s] ... ok
{0} neutron.tests.tempest.api.test_subnets.SubnetsSearchCriteriaTest.test_list_pagination_page_reverse_with_href_links [0.671050s] ... ok
{0} neutron.tests.tempest.api.test_subnets.SubnetsSearchCriteriaTest.test_list_pagination_with_href_links [2.224738s] ... ok
{0} neutron.tests.tempest.api.test_subnets.SubnetsSearchCriteriaTest.test_list_pagination_with_marker [1.008251s] ... ok
{0} neutron.tests.tempest.api.test_subnets.SubnetsSearchCriteriaTest.test_list_sorts_asc [0.130098s] ... ok
{0} neutron.tests.tempest.api.test_subnets.SubnetsSearchCriteriaTest.test_list_sorts_desc [0.124247s] ... ok
{0} neutron.tests.tempest.api.test_subnets.SubnetsSearchCriteriaTest.test_list_validation_filters [0.133536s] ... ok
{0} neutron.tests.tempest.scenario.test_basic.NetworkBasicTest.test_basic_instance [38.634901s] ... ok
Number of Tests that Ran 212
Number of Tests that Passed 207
Number of Tests that Failed 1
Number of Tests that Skipped 4
Failures/Skips in Test Run. Please review the json file attached
Error: neutron.tests.tempest.api.admin.test_floating_ips_admin_actions.FloatingIPAdminTestJSON.test_associate_floating_ip_with_port_from_another_tenant[id-11116ee9-4e99-5b15-b8e1-aa7df92ca589,negative]   FAIL
Reason of Failure:
========================================
_StringException: Empty attachments:
  stderr
  stdout

pythonlogging:'': {{{
2017-09-05 15:51:29,903 743071 INFO     [tempest.lib.common.rest_client] Request (FloatingIPAdminTestJSON:test_associate_floating_ip_with_port_from_another_tenant): 201 POST http://10.0.0.108:5000/v3/auth/tokens
2017-09-05 15:51:29,904 743071 DEBUG    [tempest.lib.common.rest_client] Request - Headers: {'Content-Type': 'application/json', 'Accept': 'application/json'}
        Body: &lt;omitted&gt;
    Response - Headers: {'status': '201', u'content-length': '9015', 'content-location': 'http://10.0.0.108:5000/v3/auth/tokens', u'x-subject-token': '&lt;omitted&gt;', u'vary': 'X-Auth-Token', u'server': 'Apache', u'connection': 'close', u'date': 'Tue, 05 Sep 2017 15:51:29 GMT', u'content-type': 'application/json', u'x-openstack-request-id': 'req-85994297-7751-46d2-ba7e-c7c5e78a0d03'}
        Body: {"token": {"is_domain": false, "methods": ["password"], "roles": [{"id": "9fe2ff9ee4384b1894a90878d3e92bab", "name": "_member_"}, {"id": "44ee2f4ace4c494386cf142263148fd4", "name": "admin"}], "expires_at": "2017-09-05T16:51:29.000000Z", "project": {"domain": {"id": "default", "name": "Default"}, "id": "801495ca82fa48ffaa95c14e15453ad2", "name": "tempest-FloatingIPAdminTestJSON-1029368625"}, "catalog": [{"endpoints": [{"region_id": "regionOne", "url": "http://172.17.1.16:9292", "region": "regionOne", "interface": "admin", "id": "27d6166d8f394d4fac493a9c4ef89ce5"}, {"region_id": "regionOne", "url": "http://10.0.0.108:9292", "region": "regionOne", "interface": "public", "id": "aa791ff83ebd4035898fa9df8e8514a5"}, {"region_id": "regionOne", "url": "http://172.17.1.16:9292", "region": "regionOne", "interface": "internal", "id": "d1e47a8ed2b14799975c185c4a08da30"}], "type": "image", "id": "0a357fc692174dc5996b2e9cbf67dcd5", "name": "glance"}, {"endpoints": [{"region_id": "regionOne", "url": "http://172.17.1.16:8774/v2.1", "region": "regionOne", "interface": "internal", "id": "2320c32062a04adc919eb02afaf89151"}, {"region_id": "regionOne", "url": "http://172.17.1.16:8774/v2.1", "region": "regionOne", "interface": "admin", "id": "796b9dfb56734c83b5e05d15a8a07bdc"}, {"region_id": "regionOne", "url": "http://10.0.0.108:8774/v2.1", "region": "regionOne", "interface": "public", "id": "9c160540176b480ba9ac5b6fd4bbfa88"}], "type": "compute", "id": "12b54079a75a400f8597b90ac934bcd6", "name": "nova"}, {"endpoints": [{"region_id": "regionOne", "url": "http://10.0.0.108:8041", "region": "regionOne", "interface": "public", "id": "4245a7fbd2bd4a499a8bdf013dc6aeac"}, {"region_id": "regionOne", "url": "http://172.17.1.16:8041", "region": "regionOne", "interface": "internal", "id": "5b03fc32c5db4d0497e61c957dc3c9ad"}, {"region_id": "regionOne", "url": "http://172.17.1.16:8041", "region": "regionOne", "interface": "admin", "id": "6ba7325fda124f15a468ee112567cef9"}], "type": "metric", "id": "1fbd60dd25104c949f8c46cea9a1ed95", "name": "gnocchi"}, {"endpoints": [], "type": "metering", "id": "2ac363b0c81c4cddaf24f688e0a3a421", "name": "ceilometer"}, {"endpoints": [{"region_id": "regionOne", "url": "http://172.17.1.16:8977", "region": "regionOne", "interface": "internal", "id": "881f8213a905401f8b2f43417ba2dab8"}, {"region_id": "regionOne", "url": "http://10.0.0.108:8977", "region": "regionOne", "interface": "public", "id": "b42fe3da05504056a7e1a92f6b439304"}, {"region_id": "regionOne", "url": "http://172.17.1.16:8977", "region": "regionOne", "interface": "admin", "id": "c37fad79d41e4677bb66069f241c2dcd"}], "type": "event", "id": "396335d8f564411dab2a306632f38f44", "name": "panko"}, {"endpoints": [{"region_id": "regionOne", "url": "http://10.0.0.108:8776/v2/801495ca82fa48ffaa95c14e15453ad2", "region": "regionOne", "interface": "public", "id": "12262cf38297452aace2a8268a0f4b0c"}, {"region_id": "regionOne", "url": "http://172.17.1.16:8776/v2/801495ca82fa48ffaa95c14e15453ad2", "region": "regionOne", "interface": "admin", "id": "339502cf73f44afb82cb861281ee28da"}, {"region_id": "regionOne", "url": "http://172.17.1.16:8776/v2/801495ca82fa48ffaa95c14e15453ad2", "region": "regionOne", "interface": "internal", "id": "344831d5fa454edd82a944b80da1c0b6"}], "type": "volumev2", "id": "4b63d0206161472880c54a44e7bc44f0", "name": "cinderv2"}, {"endpoints": [{"region_id": "regionOne", "url": "http://10.0.0.108:8000/v1", "region": "regionOne", "interface": "public", "id": "257905d520f6455ba2690bbd8a0da0f3"}, {"region_id": "regionOne", "url": "http://172.17.1.16:8000/v1", "region": "regionOne", "interface": "admin", "id": "609a6ae7b03547f7bd4dfbcbe6855fa8"}, {"region_id": "regionOne", "url": "http://172.17.1.16:8000/v1", "region": "regionOne", "interface": "internal", "id": "e122819c6ab24d04af39cefcb133ab31"}], "type": "cloudformation", "id": "4f2cf8f5425f4498a60a73ed4d42b3ed", "name": "heat-cfn"}, {"endpoints": [{"region_id": "regionOne", "url": "http://172.17.1.16:8004/v1/801495ca82fa48ffaa95c14e15453ad2", "region": "regionOne", "interface": "internal", "id": "0b2f3f6
2017-09-05 15:51:32,287 743071 INFO     [tempest.lib.common.rest_client] Request (FloatingIPAdminTestJSON:test_associate_floating_ip_with_port_from_another_tenant): 201 POST http://172.17.1.16:9696/v2.0/floatingips 2.382s
2017-09-05 15:51:32,288 743071 DEBUG    [tempest.lib.common.rest_client] Request - Headers: {'Content-Type': 'application/json', 'Accept': 'application/json', 'X-Auth-Token': '&lt;omitted&gt;'}
        Body: {"floatingip": {"floating_network_id": "7bbc2cef-84fd-4bf9-8ada-c9e1c3a586cf"}}
    Response - Headers: {'status': '201', u'content-length': '470', 'content-location': 'http://172.17.1.16:9696/v2.0/floatingips', u'date': 'Tue, 05 Sep 2017 15:51:32 GMT', u'content-type': 'application/json', u'connection': 'close', u'x-openstack-request-id': 'req-4d950a0f-4aba-4fa7-9fd9-9019c7993ebc'}
        Body: {"floatingip": {"router_id": null, "status": "DOWN", "description": "", "tags": [], "tenant_id": "801495ca82fa48ffaa95c14e15453ad2", "created_at": "2017-09-05T15:51:31Z", "updated_at": "2017-09-05T15:51:31Z", "floating_network_id": "7bbc2cef-84fd-4bf9-8ada-c9e1c3a586cf", "fixed_ip_address": null, "floating_ip_address": "10.0.0.220", "revision_number": 0, "project_id": "801495ca82fa48ffaa95c14e15453ad2", "port_id": null, "id": "afad008b-312b-42e1-9ee2-d8117075d411"}}
2017-09-05 15:51:32,336 743071 INFO     [tempest.lib.common.rest_client] Request (FloatingIPAdminTestJSON:test_associate_floating_ip_with_port_from_another_tenant): 200 POST http://192.168.24.8:35357/v2.0/tenants 0.047s
2017-09-05 15:51:32,336 743071 DEBUG    [tempest.lib.common.rest_client] Request - Headers: {'Content-Type': 'application/json', 'Accept': 'application/json', 'X-Auth-Token': '&lt;omitted&gt;'}
        Body: {"tenant": {"name": "tempest-test_tenant_-1767018305", "description": "tempest-desc_-1766067972"}}
    Response - Headers: {'status': '200', u'content-length': '157', 'content-location': 'http://192.168.24.8:35357/v2.0/tenants', u'vary': 'X-Auth-Token,Accept-Encoding', u'server': 'Apache', u'connection': 'close', u'date': 'Tue, 05 Sep 2017 15:51:32 GMT', u'content-type': 'application/json', u'x-openstack-request-id': 'req-2131cd1e-f94d-44b0-acef-703bc40fc355'}
        Body: {"tenant": {"description": "tempest-desc_-1766067972", "enabled": true, "id": "86716f042c07407fb74b7e2c8de54e0c", "name": "tempest-test_tenant_-1767018305"}}
2017-09-05 15:51:34,126 743071 INFO     [tempest.lib.common.rest_client] Request (FloatingIPAdminTestJSON:test_associate_floating_ip_with_port_from_another_tenant): 201 POST http://172.17.1.16:9696/v2.0/ports 1.788s
2017-09-05 15:51:34,127 743071 DEBUG    [tempest.lib.common.rest_client] Request - Headers: {'Content-Type': 'application/json', 'Accept': 'application/json', 'X-Auth-Token': '&lt;omitted&gt;'}
        Body: {"port": {"network_id": "5ea4fbd4-97fa-4dfb-866f-c1657b04f3e9", "tenant_id": "86716f042c07407fb74b7e2c8de54e0c"}}
    Response - Headers: {'status': '201', u'content-length': '810', 'content-location': 'http://172.17.1.16:9696/v2.0/ports', u'date': 'Tue, 05 Sep 2017 15:51:34 GMT', u'content-type': 'application/json', u'connection': 'close', u'x-openstack-request-id': 'req-f69a00ae-ed65-449b-8452-04ddbb271430'}
        Body: {"port":{"allowed_address_pairs":[],"extra_dhcp_opts":[],"updated_at":"2017-09-05T15:51:33Z","device_owner":"","revision_number":4,"binding:profile":{},"port_security_enabled":true,"fixed_ips":[{"subnet_id":"579df122-ae17-44f4-be48-ff4e86489cee","ip_address":"10.100.0.5"}],"id":"f6f53e6a-ac32-4eeb-a4c1-0a2acbe6c6b9","security_groups":["a908e969-afe8-4af1-8dd9-c9612ce3f640"],"binding:vif_details":{},"binding:vif_type":"unbound","mac_address":"fa:16:3e:28:9a:32","device_id":"","status":"DOWN","binding:host_id":"","description":"","tags":[],"name":"","project_id":"86716f042c07407fb74b7e2c8de54e0c","qos_policy_id":null,"admin_state_up":true,"network_id":"5ea4fbd4-97fa-4dfb-866f-c1657b04f3e9","tenant_id":"86716f042c07407fb74b7e2c8de54e0c","created_at":"2017-09-05T15:51:33Z","binding:vnic_type":"normal"}}
2017-09-05 15:51:34,847 743071 INFO     [tempest.lib.common.rest_client] Request (FloatingIPAdminTestJSON:test_associate_floating_ip_with_port_from_another_tenant): 200 PUT http://172.17.1.16:9696/v2.0/floatingips/afad008b-312b-42e1-9ee2-d8117075d411 0.719s
2017-09-05 15:51:34,848 743071 DEBUG    [tempest.lib.common.rest_client] Request - Headers: {'X-Auth-Token': '&lt;omitted&gt;'}
        Body: {"floatingip": {"port_id": "f6f53e6a-ac32-4eeb-a4c1-0a2acbe6c6b9"}}
    Response - Headers: {'status': '200', u'content-length': '546', 'content-location': 'http://172.17.1.16:9696/v2.0/floatingips/afad008b-312b-42e1-9ee2-d8117075d411', u'date': 'Tue, 05 Sep 2017 15:51:34 GMT', u'content-type': 'application/json', u'connection': 'close', u'x-openstack-request-id': 'req-f33aa993-201d-437f-9847-3142623522b4'}
        Body: {"floatingip": {"router_id": "a5822355-e267-41c0-b9eb-467f0efe4a6c", "status": "DOWN", "description": "", "tags": [], "tenant_id": "801495ca82fa48ffaa95c14e15453ad2", "created_at": "2017-09-05T15:51:31Z", "updated_at": "2017-09-05T15:51:34Z", "floating_network_id": "7bbc2cef-84fd-4bf9-8ada-c9e1c3a586cf", "fixed_ip_address": "10.100.0.5", "floating_ip_address": "10.0.0.220", "revision_number": 1, "project_id": "801495ca82fa48ffaa95c14e15453ad2", "port_id": "f6f53e6a-ac32-4eeb-a4c1-0a2acbe6c6b9", "id": "afad008b-312b-42e1-9ee2-d8117075d411"}}
2017-09-05 15:51:36,076 743071 INFO     [tempest.lib.common.rest_client] Request (FloatingIPAdminTestJSON:_run_cleanups): 204 DELETE http://172.17.1.16:9696/v2.0/ports/f6f53e6a-ac32-4eeb-a4c1-0a2acbe6c6b9 1.225s
2017-09-05 15:51:36,077 743071 DEBUG    [tempest.lib.common.rest_client] Request - Headers: {'Content-Type': 'application/json', 'Accept': 'application/json', 'X-Auth-Token': '&lt;omitted&gt;'}
        Body: None
    Response - Headers: {'status': '204', u'content-length': '0', 'content-location': 'http://172.17.1.16:9696/v2.0/ports/f6f53e6a-ac32-4eeb-a4c1-0a2acbe6c6b9', u'date': 'Tue, 05 Sep 2017 15:51:36 GMT', u'connection': 'close', u'x-openstack-request-id': 'req-248826a8-1911-4170-bc36-1d0685d56fe7'}
        Body: 
2017-09-05 15:51:36,310 743071 INFO     [tempest.lib.common.rest_client] Request (FloatingIPAdminTestJSON:_run_cleanups): 204 DELETE http://192.168.24.8:35357/v2.0/tenants/86716f042c07407fb74b7e2c8de54e0c 0.232s
2017-09-05 15:51:36,311 743071 DEBUG    [tempest.lib.common.rest_client] Request - Headers: {'Content-Type': 'application/json', 'Accept': 'application/json', 'X-Auth-Token': '&lt;omitted&gt;'}
        Body: None
    Response - Headers: {'status': '204', 'content-location': 'http://192.168.24.8:35357/v2.0/tenants/86716f042c07407fb74b7e2c8de54e0c', u'vary': 'X-Auth-Token', u'server': 'Apache', u'connection': 'close', u'date': 'Tue, 05 Sep 2017 15:51:36 GMT', u'content-type': 'text/plain', u'x-openstack-request-id': 'req-ecf79f4f-1421-455c-890e-0b964de8bed4'}
        Body:
}}}

Traceback (most recent call last):
  File "/usr/lib/python2.7/site-packages/neutron/tests/tempest/api/admin/test_floating_ips_admin_actions.py", line 65, in test_associate_floating_ip_with_port_from_another_tenant
    floating_ip['id'], port_id=port['port']['id'])
  File "/usr/lib/python2.7/site-packages/testtools/testcase.py", line 422, in assertRaises
    self.assertThat(our_callable, matcher)
  File "/usr/lib/python2.7/site-packages/testtools/testcase.py", line 435, in assertThat
    raise mismatch_error
testtools.matchers._impl.MismatchError: &lt;function _update at 0x69a0230&gt; returned {u'floatingip': {u'router_id': u'a5822355-e267-41c0-b9eb-467f0efe4a6c', u'status': u'DOWN', u'description': u'', u'tags': [], u'tenant_id': u'801495ca82fa48ffaa95c14e15453ad2', u'created_at': u'2017-09-05T15:51:31Z', u'updated_at': u'2017-09-05T15:51:34Z', u'floating_network_id': u'7bbc2cef-84fd-4bf9-8ada-c9e1c3a586cf', u'fixed_ip_address': u'10.100.0.5', u'floating_ip_address': u'10.0.0.220', u'revision_number': 1, u'project_id': u'801495ca82fa48ffaa95c14e15453ad2', u'port_id': u'f6f53e6a-ac32-4eeb-a4c1-0a2acbe6c6b9', u'id': u'afad008b-312b-42e1-9ee2-d8117075d411'}}


Error: neutron.tests.tempest.api.test_networks.NetworksTestJSON.test_create_update_network_dns_domain[id-94e2a44c-3367-4253-8c2a-22deaf59e96c]   SKIP
Error: neutron.tests.tempest.api.test_ports.PortsTestJSON.test_create_update_port_with_no_dns_name[id-435e89df-a8bb-4b41-801a-9f20d362d777]   SKIP
Error: tempest.api.network.test_routers.RoutersTest.test_create_router_set_gateway_with_fixed_ip[id-cbe42f84-04c2-11e7-8adb-fa163e4fa634]   SKIP
Error: neutron.tests.tempest.api.test_ports.PortsTestJSON.test_create_update_port_with_dns_name[id-539fbefe-fb36-48aa-9a53-8c5fbd44e492]   SKIP
</output>
