<output>
Checking installed rpms:
openstack-tempest-16.1.1-0.20170808012534.0fc1454.el7ost.noarch
sos-3.4-6.el7.noarch
python-neutron-tests-11.0.0-0.20170821141644.3441b3f.el7ost.noarch
python-neutron-lbaas-tests-11.0.0-0.20170818025704.bdea6dd.el7ost.noarch
python-ddt-1.0.1-2.el7ost.noarch
python-sahara-tests-7.0.0-0.20170821133416.c07f479.el7ost.noarch
python-neutron-fwaas-tests-11.0.0-0.20170821135612.734e02a.el7ost.noarch
python-manila-tests-5.0.0-0.20170821131529.e391476.el7ost.noarch
python-cinder-tests-11.0.0-0.20170821192443.120fdb0.el7ost.noarch
python-neutron-fwaas-tests-11.0.0-0.20170821135612.734e02a.el7ost.noarch
python-sahara-tests-tempest-0.4.2-0.20170801104045.5aee39c.el7ost.noarch
All required packages installed
Configuring Tempest

2017-09-05 16:48:41.912 1026662 INFO tempest [-] Using tempest config file /etc/tempest/tempest.conf


Plugin selected: network
API list selected: neutron_trunk
Running tempest
Running the following tests!!
neutron.tests.tempest.api.test_trunk.TrunkTestJSON.test_remove_subport
neutron.tests.tempest.api.test_trunk_negative.TrunkTestJSON.test_create_trunk_with_subport_missing_segmentation_id
neutron.tests.tempest.api.test_trunk_details.TestTrunkDetailsJSON.test_port_resource_trunk_details_no_subports
neutron.tests.tempest.api.test_trunk.TrunkTestJSON.test_add_subport
neutron.tests.tempest.api.test_trunk_negative.TrunkTestJSON.test_add_subport_port_id_uses_trunk_port_id
neutron.tests.tempest.api.test_trunk.TrunksSearchCriteriaTest.test_list_pagination_page_reverse_with_href_links
neutron.tests.tempest.api.test_trunk.TrunkTestJSON.test_create_show_delete_trunk
neutron.tests.tempest.scenario.test_trunk.TrunkTest.test_subport_connectivity
neutron.tests.tempest.api.test_trunk.TrunksSearchCriteriaTest.test_list_sorts_asc
neutron.tests.tempest.api.test_trunk_negative.TrunkTestJSON.test_delete_trunk_disabled_trunk
neutron.tests.tempest.api.test_trunk_negative.TrunkTestJSON.test_create_subport_nonexistent_port_id
neutron.tests.tempest.api.test_trunk.TrunksSearchCriteriaTest.test_list_sorts_desc
neutron.tests.tempest.api.test_trunk.TrunkTestJSON.test_create_update_trunk_with_description
neutron.tests.tempest.api.test_trunk_negative.TrunkTestJSON.test_add_subport_passing_dict
neutron.tests.tempest.api.test_trunk_negative.TrunkTestJSON.test_create_trunk_nonexistent_subport_port_id
neutron.tests.tempest.api.test_trunk.TrunkTestMtusJSON.test_add_subport_with_mtu_smaller_than_trunk
neutron.tests.tempest.api.test_trunk_negative.TrunkTestJSON.test_remove_subport_passing_dict
neutron.tests.tempest.api.test_trunk_negative.TrunkTestJSON.test_delete_port_in_use_by_trunk
neutron.tests.tempest.api.test_trunk.TrunkTestJSON.test_get_subports
neutron.tests.tempest.api.test_trunk_negative.TrunkTestJSON.test_add_subport_port_id_disabled_trunk
neutron.tests.tempest.api.test_trunk_negative.TrunkTestJSON.test_remove_subport_not_found
neutron.tests.tempest.api.test_trunk_negative.TrunkTestJSON.test_create_trunk_duplicate_subport_segmentation_ids
neutron.tests.tempest.api.test_trunk.TrunkTestMtusJSON.test_create_trunk_with_mtu_equal_to_subport
neutron.tests.tempest.api.test_trunk.TrunkTestJSON.test_create_trunk_subports_not_specified
neutron.tests.tempest.api.test_trunk.TrunksSearchCriteriaTest.test_list_no_pagination_limit_0
neutron.tests.tempest.api.test_trunk_negative.TrunkTestJSON.test_create_subport_nonexistent_trunk
neutron.tests.tempest.api.test_trunk.TrunkTestJSON.test_delete_trunk_with_subport_is_allowed
neutron.tests.tempest.api.test_trunk_negative.TrunkTestMtusJSON.test_add_subport_with_mtu_greater_than_trunk
neutron.tests.tempest.api.test_trunk.TrunksSearchCriteriaTest.test_list_pagination_with_href_links
neutron.tests.tempest.api.test_trunk_details.TestTrunkDetailsJSON.test_port_resource_trunk_details_with_subport
neutron.tests.tempest.api.test_trunk.TrunksSearchCriteriaTest.test_list_pagination
neutron.tests.tempest.api.test_trunk.TrunkTestMtusJSON.test_add_subport_with_mtu_equal_to_trunk
neutron.tests.tempest.api.test_trunk.TrunksSearchCriteriaTest.test_list_pagination_page_reverse_desc
neutron.tests.tempest.api.test_trunk_negative.TrunkTestJSON.test_create_trunk_nonexistent_port_id
neutron.tests.tempest.api.test_trunk_negative.TrunkTestJSON.test_create_trunk_with_subport_missing_segmentation_type
neutron.tests.tempest.api.test_trunk_negative.TrunkTestJSON.test_create_subport_missing_segmentation_id
neutron.tests.tempest.scenario.test_trunk.TrunkTest.test_trunk_subport_lifecycle
neutron.tests.tempest.api.test_trunk_negative.TrunkTestJSON.test_remove_subport_port_id_disabled_trunk
neutron.tests.tempest.api.test_trunk.TrunksSearchCriteriaTest.test_list_pagination_with_marker
neutron.tests.tempest.api.test_trunk_negative.TrunkTestMtusJSON.test_create_trunk_with_mtu_smaller_than_subport
neutron.tests.tempest.api.test_trunk.TrunkTestJSON.test_list_trunks
neutron.tests.tempest.api.test_trunk_negative.TrunkTestJSON.test_create_trunk_with_subport_missing_port_id
neutron.tests.tempest.api.test_trunk.TrunksSearchCriteriaTest.test_list_pagination_page_reverse_asc
neutron.tests.tempest.api.test_trunk.TrunkTestJSON.test_create_update_trunk
neutron.tests.tempest.api.test_trunk.TrunkTestJSON.test_show_trunk_has_project_id
neutron.tests.tempest.api.test_trunk.TrunkTestMtusJSON.test_create_trunk_with_mtu_greater_than_subport
neutron.tests.tempest.api.test_trunk_negative.TrunkTestJSON.test_delete_port_in_use_by_subport
neutron.tests.tempest.api.test_trunk.TrunkTestJSON.test_create_trunk_empty_subports_list
neutron.tests.tempest.api.test_trunk_negative.TrunkTestJSON.test_add_subport_duplicate_segmentation_details
neutron.tests.tempest.api.test_trunk_details.TestTrunkDetailsJSON.test_port_resource_empty_trunk_details
ostestr -w whitelist.txt --serial
{0} neutron.tests.tempest.api.test_trunk.TrunkTestJSON.test_add_subport [9.133256s] ... ok
{0} neutron.tests.tempest.api.test_trunk.TrunkTestJSON.test_create_show_delete_trunk [4.453810s] ... ok
{0} neutron.tests.tempest.api.test_trunk.TrunkTestJSON.test_create_trunk_empty_subports_list [4.588682s] ... ok
{0} neutron.tests.tempest.api.test_trunk.TrunkTestJSON.test_create_trunk_subports_not_specified [4.708533s] ... ok
{0} neutron.tests.tempest.api.test_trunk.TrunkTestJSON.test_create_update_trunk [5.366842s] ... ok
{0} neutron.tests.tempest.api.test_trunk.TrunkTestJSON.test_create_update_trunk_with_description [4.966109s] ... ok
{0} neutron.tests.tempest.api.test_trunk.TrunkTestJSON.test_delete_trunk_with_subport_is_allowed [8.816724s] ... ok
{0} neutron.tests.tempest.api.test_trunk.TrunkTestJSON.test_get_subports [9.074028s] ... ok
{0} neutron.tests.tempest.api.test_trunk.TrunkTestJSON.test_list_trunks [10.026968s] ... ok
{0} neutron.tests.tempest.api.test_trunk.TrunkTestJSON.test_remove_subport [13.662774s] ... ok
{0} neutron.tests.tempest.api.test_trunk.TrunkTestJSON.test_show_trunk_has_project_id [6.645987s] ... ok
{0} setUpClass (neutron.tests.tempest.api.test_trunk.TrunkTestMtusJSON) ... SKIPPED: Either vxlan or gre type driver not enabled.
{0} neutron.tests.tempest.api.test_trunk.TrunksSearchCriteriaTest.test_list_no_pagination_limit_0 [0.065441s] ... ok
{0} neutron.tests.tempest.api.test_trunk.TrunksSearchCriteriaTest.test_list_pagination [0.258976s] ... ok
{0} neutron.tests.tempest.api.test_trunk.TrunksSearchCriteriaTest.test_list_pagination_page_reverse_asc [0.112631s] ... ok
{0} neutron.tests.tempest.api.test_trunk.TrunksSearchCriteriaTest.test_list_pagination_page_reverse_desc [0.117903s] ... ok
{0} neutron.tests.tempest.api.test_trunk.TrunksSearchCriteriaTest.test_list_pagination_page_reverse_with_href_links [0.219846s] ... ok
{0} neutron.tests.tempest.api.test_trunk.TrunksSearchCriteriaTest.test_list_pagination_with_href_links [0.640327s] ... ok
{0} neutron.tests.tempest.api.test_trunk.TrunksSearchCriteriaTest.test_list_pagination_with_marker [0.339231s] ... ok
{0} neutron.tests.tempest.api.test_trunk.TrunksSearchCriteriaTest.test_list_sorts_asc [0.061065s] ... ok
{0} neutron.tests.tempest.api.test_trunk.TrunksSearchCriteriaTest.test_list_sorts_desc [0.060604s] ... ok
{0} neutron.tests.tempest.api.test_trunk_details.TestTrunkDetailsJSON.test_port_resource_empty_trunk_details [4.726989s] ... ok
{0} neutron.tests.tempest.api.test_trunk_details.TestTrunkDetailsJSON.test_port_resource_trunk_details_no_subports [4.358269s] ... ok
{0} neutron.tests.tempest.api.test_trunk_details.TestTrunkDetailsJSON.test_port_resource_trunk_details_with_subport [7.811250s] ... ok
{0} neutron.tests.tempest.api.test_trunk_negative.TrunkTestJSON.test_add_subport_duplicate_segmentation_details [11.589474s] ... ok
{0} neutron.tests.tempest.api.test_trunk_negative.TrunkTestJSON.test_add_subport_passing_dict [4.503826s] ... ok
{0} neutron.tests.tempest.api.test_trunk_negative.TrunkTestJSON.test_add_subport_port_id_disabled_trunk [5.139751s] ... ok
{0} neutron.tests.tempest.api.test_trunk_negative.TrunkTestJSON.test_add_subport_port_id_uses_trunk_port_id [4.973802s] ... ok
{0} neutron.tests.tempest.api.test_trunk_negative.TrunkTestJSON.test_create_subport_missing_segmentation_id [8.326079s] ... ok
{0} neutron.tests.tempest.api.test_trunk_negative.TrunkTestJSON.test_create_subport_nonexistent_port_id [5.763071s] ... ok
{0} neutron.tests.tempest.api.test_trunk_negative.TrunkTestJSON.test_create_subport_nonexistent_trunk [4.451518s] ... ok
{0} neutron.tests.tempest.api.test_trunk_negative.TrunkTestJSON.test_create_trunk_duplicate_subport_segmentation_ids [11.988992s] ... ok
{0} neutron.tests.tempest.api.test_trunk_negative.TrunkTestJSON.test_create_trunk_nonexistent_port_id [2.175822s] ... ok
{0} neutron.tests.tempest.api.test_trunk_negative.TrunkTestJSON.test_create_trunk_nonexistent_subport_port_id [5.565294s] ... ok
{0} neutron.tests.tempest.api.test_trunk_negative.TrunkTestJSON.test_create_trunk_with_subport_missing_port_id [5.300831s] ... ok
{0} neutron.tests.tempest.api.test_trunk_negative.TrunkTestJSON.test_create_trunk_with_subport_missing_segmentation_id [5.263556s] ... ok
{0} neutron.tests.tempest.api.test_trunk_negative.TrunkTestJSON.test_create_trunk_with_subport_missing_segmentation_type [5.451727s] ... ok
{0} neutron.tests.tempest.api.test_trunk_negative.TrunkTestJSON.test_delete_port_in_use_by_subport [9.863775s] ... ok
{0} neutron.tests.tempest.api.test_trunk_negative.TrunkTestJSON.test_delete_port_in_use_by_trunk [7.061514s] ... ok
{0} neutron.tests.tempest.api.test_trunk_negative.TrunkTestJSON.test_delete_trunk_disabled_trunk [7.209659s] ... ok
{0} neutron.tests.tempest.api.test_trunk_negative.TrunkTestJSON.test_remove_subport_not_found [10.200636s] ... ok
{0} neutron.tests.tempest.api.test_trunk_negative.TrunkTestJSON.test_remove_subport_passing_dict [10.740362s] ... ok
{0} neutron.tests.tempest.api.test_trunk_negative.TrunkTestJSON.test_remove_subport_port_id_disabled_trunk [7.636212s] ... ok
{0} setUpClass (neutron.tests.tempest.api.test_trunk_negative.TrunkTestMtusJSON) ... SKIPPED: Either vxlan or gre type driver not enabled.
{0} neutron.tests.tempest.scenario.test_trunk.TrunkTest.test_subport_connectivity ... SKIPPED: Advanced image is required to run this test.
{0} neutron.tests.tempest.scenario.test_trunk.TrunkTest.test_trunk_subport_lifecycle [69.474025s] ... ok
Number of Tests that Ran 46
Number of Tests that Passed 43
Number of Tests that Failed 0
Number of Tests that Skipped 3
Failures/Skips in Test Run. Please review the json file attached
Error: setUpClass (neutron.tests.tempest.api.test_trunk.TrunkTestMtusJSON)   SKIP
Error: neutron.tests.tempest.scenario.test_trunk.TrunkTest.test_subport_connectivity[id-a8a02c9b-b453-49b5-89a2-cce7da66aafb]   SKIP
Error: setUpClass (neutron.tests.tempest.api.test_trunk_negative.TrunkTestMtusJSON)   SKIP
</output>
